A new study created in RDB with name: Ridge_81445
Trial 0 finished with value: 0.7715713544761709 and parameters: {'alpha': 1.088341847479919, 'max_iter': 76923, 'solver': 'svd'}. Best is trial 0 with value: 0.7715713544761709.
Trial 14 failed because of the following error: ValueError('\nAll the 10 fits failed.\nIt is very likely that your model is misconfigured.\nYou can try to debug the error by setting error_score=\'raise\'.\n\nBelow are more details about the failures:\n--------------------------------------------------------------------------------\n10 fits failed with the following error:\nTraceback (most recent call last):\n  File "/usr/local/lib/python3.8/dist-packages/sklearn/model_selection/_validation.py", line 686, in _fit_and_score\n    estimator.fit(X_train, y_train, **fit_params)\n  File "/usr/local/lib/python3.8/dist-packages/sklearn/linear_model/_ridge.py", line 1130, in fit\n    return super().fit(X, y, sample_weight=sample_weight)\n  File "/usr/local/lib/python3.8/dist-packages/sklearn/linear_model/_ridge.py", line 806, in fit\n    raise ValueError(\nValueError: \'lbfgs\' solver can be used only when positive=True. Please use another solver.\n')
Traceback (most recent call last):
  File "/usr/local/lib/python3.8/dist-packages/optuna/study/_optimize.py", line 196, in _run_trial
    value_or_values = func(trial)
  File "/tmp/ipykernel_7443/3813527409.py", line 24, in __call__
    scores = cross_validate(estimator=model, scoring=metrics,
  File "/usr/local/lib/python3.8/dist-packages/sklearn/model_selection/_validation.py", line 285, in cross_validate
    _warn_or_raise_about_fit_failures(results, error_score)
  File "/usr/local/lib/python3.8/dist-packages/sklearn/model_selection/_validation.py", line 367, in _warn_or_raise_about_fit_failures
    raise ValueError(all_fits_failed_message)
ValueError: 
All the 10 fits failed.
It is very likely that your model is misconfigured.
You can try to debug the error by setting error_score='raise'.

Below are more details about the failures:
--------------------------------------------------------------------------------
10 fits failed with the following error:
Traceback (most recent call last):
  File "/usr/local/lib/python3.8/dist-packages/sklearn/model_selection/_validation.py", line 686, in _fit_and_score
    estimator.fit(X_train, y_train, **fit_params)
  File "/usr/local/lib/python3.8/dist-packages/sklearn/linear_model/_ridge.py", line 1130, in fit
    return super().fit(X, y, sample_weight=sample_weight)
  File "/usr/local/lib/python3.8/dist-packages/sklearn/linear_model/_ridge.py", line 806, in fit
    raise ValueError(
ValueError: 'lbfgs' solver can be used only when positive=True. Please use another solver.

Trial 2 finished with value: 0.7712656556707917 and parameters: {'alpha': 0.0030191221566381915, 'max_iter': 888, 'solver': 'svd'}. Best is trial 0 with value: 0.7715713544761709.
Trial 9 finished with value: 0.7712648541614996 and parameters: {'alpha': 0.00028550210349302717, 'max_iter': 14646, 'solver': 'svd'}. Best is trial 11 with value: 0.7717140342149615.
Trial 15 failed because of the following error: ValueError('\nAll the 10 fits failed.\nIt is very likely that your model is misconfigured.\nYou can try to debug the error by setting error_score=\'raise\'.\n\nBelow are more details about the failures:\n--------------------------------------------------------------------------------\n10 fits failed with the following error:\nTraceback (most recent call last):\n  File "/usr/local/lib/python3.8/dist-packages/sklearn/model_selection/_validation.py", line 686, in _fit_and_score\n    estimator.fit(X_train, y_train, **fit_params)\n  File "/usr/local/lib/python3.8/dist-packages/sklearn/linear_model/_ridge.py", line 1130, in fit\n    return super().fit(X, y, sample_weight=sample_weight)\n  File "/usr/local/lib/python3.8/dist-packages/sklearn/linear_model/_ridge.py", line 806, in fit\n    raise ValueError(\nValueError: \'lbfgs\' solver can be used only when positive=True. Please use another solver.\n')
Traceback (most recent call last):
  File "/usr/local/lib/python3.8/dist-packages/optuna/study/_optimize.py", line 196, in _run_trial
    value_or_values = func(trial)
  File "/tmp/ipykernel_7443/3813527409.py", line 24, in __call__
    scores = cross_validate(estimator=model, scoring=metrics,
  File "/usr/local/lib/python3.8/dist-packages/sklearn/model_selection/_validation.py", line 285, in cross_validate
    _warn_or_raise_about_fit_failures(results, error_score)
  File "/usr/local/lib/python3.8/dist-packages/sklearn/model_selection/_validation.py", line 367, in _warn_or_raise_about_fit_failures
    raise ValueError(all_fits_failed_message)
ValueError: 
All the 10 fits failed.
It is very likely that your model is misconfigured.
You can try to debug the error by setting error_score='raise'.

Below are more details about the failures:
--------------------------------------------------------------------------------
10 fits failed with the following error:
Traceback (most recent call last):
  File "/usr/local/lib/python3.8/dist-packages/sklearn/model_selection/_validation.py", line 686, in _fit_and_score
    estimator.fit(X_train, y_train, **fit_params)
  File "/usr/local/lib/python3.8/dist-packages/sklearn/linear_model/_ridge.py", line 1130, in fit
    return super().fit(X, y, sample_weight=sample_weight)
  File "/usr/local/lib/python3.8/dist-packages/sklearn/linear_model/_ridge.py", line 806, in fit
    raise ValueError(
ValueError: 'lbfgs' solver can be used only when positive=True. Please use another solver.

Trial 1 failed because of the following error: ValueError('\nAll the 10 fits failed.\nIt is very likely that your model is misconfigured.\nYou can try to debug the error by setting error_score=\'raise\'.\n\nBelow are more details about the failures:\n--------------------------------------------------------------------------------\n10 fits failed with the following error:\nTraceback (most recent call last):\n  File "/usr/local/lib/python3.8/dist-packages/sklearn/model_selection/_validation.py", line 686, in _fit_and_score\n    estimator.fit(X_train, y_train, **fit_params)\n  File "/usr/local/lib/python3.8/dist-packages/sklearn/linear_model/_ridge.py", line 1130, in fit\n    return super().fit(X, y, sample_weight=sample_weight)\n  File "/usr/local/lib/python3.8/dist-packages/sklearn/linear_model/_ridge.py", line 806, in fit\n    raise ValueError(\nValueError: \'lbfgs\' solver can be used only when positive=True. Please use another solver.\n')
Traceback (most recent call last):
  File "/usr/local/lib/python3.8/dist-packages/optuna/study/_optimize.py", line 196, in _run_trial
    value_or_values = func(trial)
  File "/tmp/ipykernel_7443/3813527409.py", line 24, in __call__
    scores = cross_validate(estimator=model, scoring=metrics,
  File "/usr/local/lib/python3.8/dist-packages/sklearn/model_selection/_validation.py", line 285, in cross_validate
    _warn_or_raise_about_fit_failures(results, error_score)
  File "/usr/local/lib/python3.8/dist-packages/sklearn/model_selection/_validation.py", line 367, in _warn_or_raise_about_fit_failures
    raise ValueError(all_fits_failed_message)
ValueError: 
All the 10 fits failed.
It is very likely that your model is misconfigured.
You can try to debug the error by setting error_score='raise'.

Below are more details about the failures:
--------------------------------------------------------------------------------
10 fits failed with the following error:
Traceback (most recent call last):
  File "/usr/local/lib/python3.8/dist-packages/sklearn/model_selection/_validation.py", line 686, in _fit_and_score
    estimator.fit(X_train, y_train, **fit_params)
  File "/usr/local/lib/python3.8/dist-packages/sklearn/linear_model/_ridge.py", line 1130, in fit
    return super().fit(X, y, sample_weight=sample_weight)
  File "/usr/local/lib/python3.8/dist-packages/sklearn/linear_model/_ridge.py", line 806, in fit
    raise ValueError(
ValueError: 'lbfgs' solver can be used only when positive=True. Please use another solver.

Trial 11 finished with value: 0.7717140342149615 and parameters: {'alpha': 1.6273101999329806, 'max_iter': 71772, 'solver': 'svd'}. Best is trial 20 with value: 0.772555805898368.
Trial 20 finished with value: 0.772555805898368 and parameters: {'alpha': 5.31035363079781, 'max_iter': 33690, 'solver': 'sag'}. Best is trial 20 with value: 0.772555805898368.
Trial 8 finished with value: 0.7712563973674287 and parameters: {'alpha': 0.0011010026887791173, 'max_iter': 2796, 'solver': 'sag'}. Best is trial 20 with value: 0.772555805898368.
Trial 10 failed because of the following error: ValueError('\nAll the 10 fits failed.\nIt is very likely that your model is misconfigured.\nYou can try to debug the error by setting error_score=\'raise\'.\n\nBelow are more details about the failures:\n--------------------------------------------------------------------------------\n10 fits failed with the following error:\nTraceback (most recent call last):\n  File "/usr/local/lib/python3.8/dist-packages/sklearn/model_selection/_validation.py", line 686, in _fit_and_score\n    estimator.fit(X_train, y_train, **fit_params)\n  File "/usr/local/lib/python3.8/dist-packages/sklearn/linear_model/_ridge.py", line 1130, in fit\n    return super().fit(X, y, sample_weight=sample_weight)\n  File "/usr/local/lib/python3.8/dist-packages/sklearn/linear_model/_ridge.py", line 806, in fit\n    raise ValueError(\nValueError: \'lbfgs\' solver can be used only when positive=True. Please use another solver.\n')
Traceback (most recent call last):
  File "/usr/local/lib/python3.8/dist-packages/optuna/study/_optimize.py", line 196, in _run_trial
    value_or_values = func(trial)
  File "/tmp/ipykernel_7443/3813527409.py", line 24, in __call__
    scores = cross_validate(estimator=model, scoring=metrics,
  File "/usr/local/lib/python3.8/dist-packages/sklearn/model_selection/_validation.py", line 285, in cross_validate
    _warn_or_raise_about_fit_failures(results, error_score)
  File "/usr/local/lib/python3.8/dist-packages/sklearn/model_selection/_validation.py", line 367, in _warn_or_raise_about_fit_failures
    raise ValueError(all_fits_failed_message)
ValueError: 
All the 10 fits failed.
It is very likely that your model is misconfigured.
You can try to debug the error by setting error_score='raise'.

Below are more details about the failures:
--------------------------------------------------------------------------------
10 fits failed with the following error:
Traceback (most recent call last):
  File "/usr/local/lib/python3.8/dist-packages/sklearn/model_selection/_validation.py", line 686, in _fit_and_score
    estimator.fit(X_train, y_train, **fit_params)
  File "/usr/local/lib/python3.8/dist-packages/sklearn/linear_model/_ridge.py", line 1130, in fit
    return super().fit(X, y, sample_weight=sample_weight)
  File "/usr/local/lib/python3.8/dist-packages/sklearn/linear_model/_ridge.py", line 806, in fit
    raise ValueError(
ValueError: 'lbfgs' solver can be used only when positive=True. Please use another solver.

Trial 16 finished with value: 0.7712800960644908 and parameters: {'alpha': 0.14932306230909503, 'max_iter': 83784, 'solver': 'sag'}. Best is trial 20 with value: 0.772555805898368.
Trial 17 finished with value: 0.7712815664917894 and parameters: {'alpha': 0.032469704544288935, 'max_iter': 40296, 'solver': 'sag'}. Best is trial 20 with value: 0.772555805898368.
Trial 13 finished with value: 0.7712689501120253 and parameters: {'alpha': 0.014260857790476714, 'max_iter': 57841, 'solver': 'svd'}. Best is trial 20 with value: 0.772555805898368.
Trial 5 finished with value: 0.7718004013936749 and parameters: {'alpha': 1.9716783976889438, 'max_iter': 36880, 'solver': 'sag'}. Best is trial 20 with value: 0.772555805898368.
Trial 3 finished with value: 0.7722162455371986 and parameters: {'alpha': 3.7361700123582082, 'max_iter': 54266, 'solver': 'svd'}. Best is trial 20 with value: 0.772555805898368.
Trial 7 finished with value: 0.771261536508624 and parameters: {'alpha': 0.002535792550546463, 'max_iter': 45229, 'solver': 'sag'}. Best is trial 21 with value: 0.7728004357847761.
Trial 6 finished with value: 0.7712732473226345 and parameters: {'alpha': 0.028938293050244125, 'max_iter': 30588, 'solver': 'svd'}. Best is trial 20 with value: 0.772555805898368.
Trial 21 finished with value: 0.7728004357847761 and parameters: {'alpha': 6.830207465380436, 'max_iter': 16334, 'solver': 'svd'}. Best is trial 21 with value: 0.7728004357847761.
Trial 23 failed because of the following error: ValueError('\nAll the 10 fits failed.\nIt is very likely that your model is misconfigured.\nYou can try to debug the error by setting error_score=\'raise\'.\n\nBelow are more details about the failures:\n--------------------------------------------------------------------------------\n10 fits failed with the following error:\nTraceback (most recent call last):\n  File "/usr/local/lib/python3.8/dist-packages/sklearn/model_selection/_validation.py", line 686, in _fit_and_score\n    estimator.fit(X_train, y_train, **fit_params)\n  File "/usr/local/lib/python3.8/dist-packages/sklearn/linear_model/_ridge.py", line 1130, in fit\n    return super().fit(X, y, sample_weight=sample_weight)\n  File "/usr/local/lib/python3.8/dist-packages/sklearn/linear_model/_ridge.py", line 806, in fit\n    raise ValueError(\nValueError: \'lbfgs\' solver can be used only when positive=True. Please use another solver.\n')
Traceback (most recent call last):
  File "/usr/local/lib/python3.8/dist-packages/optuna/study/_optimize.py", line 196, in _run_trial
    value_or_values = func(trial)
  File "/tmp/ipykernel_7443/3813527409.py", line 24, in __call__
    scores = cross_validate(estimator=model, scoring=metrics,
  File "/usr/local/lib/python3.8/dist-packages/sklearn/model_selection/_validation.py", line 285, in cross_validate
    _warn_or_raise_about_fit_failures(results, error_score)
  File "/usr/local/lib/python3.8/dist-packages/sklearn/model_selection/_validation.py", line 367, in _warn_or_raise_about_fit_failures
    raise ValueError(all_fits_failed_message)
ValueError: 
All the 10 fits failed.
It is very likely that your model is misconfigured.
You can try to debug the error by setting error_score='raise'.

Below are more details about the failures:
--------------------------------------------------------------------------------
10 fits failed with the following error:
Traceback (most recent call last):
  File "/usr/local/lib/python3.8/dist-packages/sklearn/model_selection/_validation.py", line 686, in _fit_and_score
    estimator.fit(X_train, y_train, **fit_params)
  File "/usr/local/lib/python3.8/dist-packages/sklearn/linear_model/_ridge.py", line 1130, in fit
    return super().fit(X, y, sample_weight=sample_weight)
  File "/usr/local/lib/python3.8/dist-packages/sklearn/linear_model/_ridge.py", line 806, in fit
    raise ValueError(
ValueError: 'lbfgs' solver can be used only when positive=True. Please use another solver.

Trial 19 finished with value: 0.7712952915104931 and parameters: {'alpha': 0.0005054098375225821, 'max_iter': 65258, 'solver': 'sag'}. Best is trial 21 with value: 0.7728004357847761.
Trial 12 finished with value: 0.7714143519545039 and parameters: {'alpha': 0.4415702860777677, 'max_iter': 69354, 'solver': 'sag'}. Best is trial 21 with value: 0.7728004357847761.
Trial 24 failed because of the following error: ValueError('\nAll the 10 fits failed.\nIt is very likely that your model is misconfigured.\nYou can try to debug the error by setting error_score=\'raise\'.\n\nBelow are more details about the failures:\n--------------------------------------------------------------------------------\n10 fits failed with the following error:\nTraceback (most recent call last):\n  File "/usr/local/lib/python3.8/dist-packages/sklearn/model_selection/_validation.py", line 686, in _fit_and_score\n    estimator.fit(X_train, y_train, **fit_params)\n  File "/usr/local/lib/python3.8/dist-packages/sklearn/linear_model/_ridge.py", line 1130, in fit\n    return super().fit(X, y, sample_weight=sample_weight)\n  File "/usr/local/lib/python3.8/dist-packages/sklearn/linear_model/_ridge.py", line 806, in fit\n    raise ValueError(\nValueError: \'lbfgs\' solver can be used only when positive=True. Please use another solver.\n')
Traceback (most recent call last):
  File "/usr/local/lib/python3.8/dist-packages/optuna/study/_optimize.py", line 196, in _run_trial
    value_or_values = func(trial)
  File "/tmp/ipykernel_7443/3813527409.py", line 24, in __call__
    scores = cross_validate(estimator=model, scoring=metrics,
  File "/usr/local/lib/python3.8/dist-packages/sklearn/model_selection/_validation.py", line 285, in cross_validate
    _warn_or_raise_about_fit_failures(results, error_score)
  File "/usr/local/lib/python3.8/dist-packages/sklearn/model_selection/_validation.py", line 367, in _warn_or_raise_about_fit_failures
    raise ValueError(all_fits_failed_message)
ValueError: 
All the 10 fits failed.
It is very likely that your model is misconfigured.
You can try to debug the error by setting error_score='raise'.

Below are more details about the failures:
--------------------------------------------------------------------------------
10 fits failed with the following error:
Traceback (most recent call last):
  File "/usr/local/lib/python3.8/dist-packages/sklearn/model_selection/_validation.py", line 686, in _fit_and_score
    estimator.fit(X_train, y_train, **fit_params)
  File "/usr/local/lib/python3.8/dist-packages/sklearn/linear_model/_ridge.py", line 1130, in fit
    return super().fit(X, y, sample_weight=sample_weight)
  File "/usr/local/lib/python3.8/dist-packages/sklearn/linear_model/_ridge.py", line 806, in fit
    raise ValueError(
ValueError: 'lbfgs' solver can be used only when positive=True. Please use another solver.

Trial 4 finished with value: 0.7712695250546693 and parameters: {'alpha': 0.016223702595831554, 'max_iter': 98009, 'solver': 'svd'}. Best is trial 21 with value: 0.7728004357847761.
Trial 22 finished with value: 0.7713474146719649 and parameters: {'alpha': 0.4317785501100936, 'max_iter': 25260, 'solver': 'sag'}. Best is trial 21 with value: 0.7728004357847761.
Trial 18 finished with value: 0.7712126038196001 and parameters: {'alpha': 0.00013631452690665894, 'max_iter': 72187, 'solver': 'sag'}. Best is trial 21 with value: 0.7728004357847761.
A new study created in RDB with name: Ridge_8314
Trial 0 finished with value: 0.470796169103215 and parameters: {'alpha': 0.027720697513396293, 'max_iter': 79287}. Best is trial 0 with value: 0.470796169103215.
Trial 7 finished with value: 0.47080137421479346 and parameters: {'alpha': 0.046050250350257935, 'max_iter': 70217}. Best is trial 11 with value: 0.47092850540767167.
Trial 1 finished with value: 0.4708037705635686 and parameters: {'alpha': 0.05446253958302775, 'max_iter': 62604}. Best is trial 11 with value: 0.47092850540767167.
Trial 3 finished with value: 0.4708050247194159 and parameters: {'alpha': 0.05885844013257605, 'max_iter': 57106}. Best is trial 21 with value: 0.47093442432802324.
Trial 6 finished with value: 0.4707828842305036 and parameters: {'alpha': 0.00010679948871921715, 'max_iter': 82557}. Best is trial 11 with value: 0.47092850540767167.
Trial 11 finished with value: 0.47092850540767167 and parameters: {'alpha': 0.4439636074694024, 'max_iter': 62686}. Best is trial 21 with value: 0.47093442432802324.
Trial 18 finished with value: 0.47078289099331166 and parameters: {'alpha': 0.00013243247201101793, 'max_iter': 2755}. Best is trial 21 with value: 0.47093442432802324.
Trial 2 finished with value: 0.47079687923421953 and parameters: {'alpha': 0.030225922835312023, 'max_iter': 94722}. Best is trial 21 with value: 0.47093442432802324.
Trial 21 finished with value: 0.47093442432802324 and parameters: {'alpha': 0.4631047259964954, 'max_iter': 7073}. Best is trial 21 with value: 0.47093442432802324.
Trial 16 finished with value: 0.47078515112533 and parameters: {'alpha': 0.008694781937153466, 'max_iter': 2470}. Best is trial 21 with value: 0.47093442432802324.
Trial 9 finished with value: 0.4707918433725604 and parameters: {'alpha': 0.012430118102323176, 'max_iter': 46427}. Best is trial 21 with value: 0.47093442432802324.
Trial 4 finished with value: 0.4707841503393969 and parameters: {'alpha': 0.0049044200322959615, 'max_iter': 51740}. Best is trial 21 with value: 0.47093442432802324.
Trial 12 finished with value: 0.47078317321846697 and parameters: {'alpha': 0.001202081077623103, 'max_iter': 77711}. Best is trial 21 with value: 0.47093442432802324.
Trial 17 finished with value: 0.47078289173547416 and parameters: {'alpha': 0.00013524547577550594, 'max_iter': 43230}. Best is trial 21 with value: 0.47093442432802324.
Trial 19 finished with value: 0.4707962330706053 and parameters: {'alpha': 0.027946421805830096, 'max_iter': 61803}. Best is trial 21 with value: 0.47093442432802324.
Trial 8 finished with value: 0.47082304775754336 and parameters: {'alpha': 0.12036515653281724, 'max_iter': 75227}. Best is trial 21 with value: 0.47093442432802324.
Trial 10 finished with value: 0.4710567417241891 and parameters: {'alpha': 0.8519440548291722, 'max_iter': 94906}. Best is trial 10 with value: 0.4710567417241891.
Trial 15 finished with value: 0.47078389006756727 and parameters: {'alpha': 0.003918395971909958, 'max_iter': 29043}. Best is trial 10 with value: 0.4710567417241891.
Trial 14 finished with value: 0.47085824905910423 and parameters: {'alpha': 0.21365698484223122, 'max_iter': 85417}. Best is trial 10 with value: 0.4710567417241891.
Trial 5 finished with value: 0.47078452562890466 and parameters: {'alpha': 0.00632598329921279, 'max_iter': 49207}. Best is trial 20 with value: 0.4739804617344876.
Trial 13 finished with value: 0.47192623522480626 and parameters: {'alpha': 1.3141661300530347, 'max_iter': 20721}. Best is trial 20 with value: 0.4739804617344876.
Trial 25 finished with value: 0.47106385661789363 and parameters: {'alpha': 0.8826668777215501, 'max_iter': 78260}. Best is trial 20 with value: 0.4739804617344876.
Trial 23 finished with value: 0.470783325118053 and parameters: {'alpha': 0.0017777354058271886, 'max_iter': 15491}. Best is trial 20 with value: 0.4739804617344876.
Trial 20 finished with value: 0.4739804617344876 and parameters: {'alpha': 4.961922866909209, 'max_iter': 39693}. Best is trial 20 with value: 0.4739804617344876.
Trial 28 finished with value: 0.47188777133622406 and parameters: {'alpha': 1.1244296194248673, 'max_iter': 46821}. Best is trial 20 with value: 0.4739804617344876.
Trial 31 finished with value: 0.4707832686989086 and parameters: {'alpha': 0.0015639279713810128, 'max_iter': 17801}. Best is trial 20 with value: 0.4739804617344876.
Trial 29 finished with value: 0.47408152903745204 and parameters: {'alpha': 3.165264696537331, 'max_iter': 42144}. Best is trial 29 with value: 0.47408152903745204.
Trial 22 finished with value: 0.47082109716237797 and parameters: {'alpha': 0.11375860466107847, 'max_iter': 60994}. Best is trial 29 with value: 0.47408152903745204.
Trial 27 finished with value: 0.473968180364988 and parameters: {'alpha': 1.6470753259066617, 'max_iter': 5191}. Best is trial 29 with value: 0.47408152903745204.
Trial 26 finished with value: 0.4707828923502905 and parameters: {'alpha': 0.00013757580225150904, 'max_iter': 94618}. Best is trial 29 with value: 0.47408152903745204.
Trial 32 finished with value: 0.47078289377852867 and parameters: {'alpha': 0.00014298922226206687, 'max_iter': 71777}. Best is trial 29 with value: 0.47408152903745204.
Trial 30 finished with value: 0.47080296248011333 and parameters: {'alpha': 0.05162768144203773, 'max_iter': 17296}. Best is trial 29 with value: 0.47408152903745204.
Trial 33 finished with value: 0.4707839194877653 and parameters: {'alpha': 0.004029858227346169, 'max_iter': 54738}. Best is trial 29 with value: 0.47408152903745204.
Trial 37 finished with value: 0.4708059709862539 and parameters: {'alpha': 0.06214654061858248, 'max_iter': 41167}. Best is trial 29 with value: 0.47408152903745204.
Trial 35 finished with value: 0.47078299803863527 and parameters: {'alpha': 0.0005381551584777781, 'max_iter': 9675}. Best is trial 29 with value: 0.47408152903745204.
Trial 34 finished with value: 0.4707849936531415 and parameters: {'alpha': 0.008098486167132305, 'max_iter': 61636}. Best is trial 29 with value: 0.47408152903745204.
Trial 44 finished with value: 0.4707830296473956 and parameters: {'alpha': 0.000657955005043093, 'max_iter': 69101}. Best is trial 29 with value: 0.47408152903745204.
Trial 47 finished with value: 0.4707829694785281 and parameters: {'alpha': 0.0004299085770780785, 'max_iter': 32453}. Best is trial 29 with value: 0.47408152903745204.
Trial 36 finished with value: 0.470784988425912 and parameters: {'alpha': 0.008078691632149004, 'max_iter': 31511}. Best is trial 29 with value: 0.47408152903745204.
Trial 45 finished with value: 0.47078515493298784 and parameters: {'alpha': 0.008709199771879353, 'max_iter': 30033}. Best is trial 29 with value: 0.47408152903745204.
Trial 38 finished with value: 0.47078388701885104 and parameters: {'alpha': 0.003906845432167765, 'max_iter': 32521}. Best is trial 29 with value: 0.47408152903745204.
Trial 40 finished with value: 0.4736638509890311 and parameters: {'alpha': 5.731445029202253, 'max_iter': 68011}. Best is trial 29 with value: 0.47408152903745204.
Trial 24 finished with value: 0.4708973944000852 and parameters: {'alpha': 0.3431655672965885, 'max_iter': 94912}. Best is trial 29 with value: 0.47408152903745204.
Trial 39 finished with value: 0.470783264158512 and parameters: {'alpha': 0.0015467213429865997, 'max_iter': 76673}. Best is trial 29 with value: 0.47408152903745204.
Trial 46 finished with value: 0.4707849881209592 and parameters: {'alpha': 0.008077536832192657, 'max_iter': 95087}. Best is trial 29 with value: 0.47408152903745204.
Trial 41 finished with value: 0.4707830534838086 and parameters: {'alpha': 0.0007482959394417457, 'max_iter': 85461}. Best is trial 29 with value: 0.47408152903745204.
Trial 48 finished with value: 0.4740721172854844 and parameters: {'alpha': 3.1375904612189234, 'max_iter': 89656}. Best is trial 29 with value: 0.47408152903745204.
Trial 42 finished with value: 0.4707835800789031 and parameters: {'alpha': 0.002743876938446561, 'max_iter': 15242}. Best is trial 29 with value: 0.47408152903745204.
Trial 53 finished with value: 0.47078289109824845 and parameters: {'alpha': 0.0001328302115502797, 'max_iter': 38675}. Best is trial 29 with value: 0.47408152903745204.
Trial 49 finished with value: 0.4708054913904121 and parameters: {'alpha': 0.06049295579701551, 'max_iter': 86517}. Best is trial 29 with value: 0.47408152903745204.
Trial 52 finished with value: 0.4709248237471123 and parameters: {'alpha': 0.4320415150358024, 'max_iter': 51787}. Best is trial 29 with value: 0.47408152903745204.
Trial 55 finished with value: 0.47078289819891755 and parameters: {'alpha': 0.00015974370445812067, 'max_iter': 20154}. Best is trial 29 with value: 0.47408152903745204.
Trial 57 finished with value: 0.47078288372273025 and parameters: {'alpha': 0.00010487487978126455, 'max_iter': 99900}. Best is trial 29 with value: 0.47408152903745204.
Trial 50 finished with value: 0.47078290499166087 and parameters: {'alpha': 0.0001854899974126647, 'max_iter': 11669}. Best is trial 29 with value: 0.47408152903745204.
Trial 43 finished with value: 0.4707829559629067 and parameters: {'alpha': 0.00037868212730689845, 'max_iter': 75876}. Best is trial 29 with value: 0.47408152903745204.
Trial 58 finished with value: 0.4707832129652173 and parameters: {'alpha': 0.0013527130742691297, 'max_iter': 73242}. Best is trial 29 with value: 0.47408152903745204.
Trial 60 finished with value: 0.47078288402540586 and parameters: {'alpha': 0.00010602210885529682, 'max_iter': 30815}. Best is trial 29 with value: 0.47408152903745204.
Trial 56 finished with value: 0.4740714242308002 and parameters: {'alpha': 3.306193884830832, 'max_iter': 93502}. Best is trial 29 with value: 0.47408152903745204.
Trial 54 finished with value: 0.4710780801165567 and parameters: {'alpha': 0.9431327819793526, 'max_iter': 58364}. Best is trial 29 with value: 0.47408152903745204.
Trial 51 finished with value: 0.4707980142643137 and parameters: {'alpha': 0.03422717548821374, 'max_iter': 76503}. Best is trial 29 with value: 0.47408152903745204.
Trial 61 finished with value: 0.4707832966251283 and parameters: {'alpha': 0.0016697585350632653, 'max_iter': 46862}. Best is trial 29 with value: 0.47408152903745204.
Trial 63 finished with value: 0.4707832811418827 and parameters: {'alpha': 0.0016110826289651224, 'max_iter': 54392}. Best is trial 29 with value: 0.47408152903745204.
Trial 59 finished with value: 0.473958389830082 and parameters: {'alpha': 5.016821045267771, 'max_iter': 69179}. Best is trial 29 with value: 0.47408152903745204.
Trial 62 finished with value: 0.4707829524292019 and parameters: {'alpha': 0.00036528875105753535, 'max_iter': 57587}. Best is trial 29 with value: 0.47408152903745204.
Trial 69 finished with value: 0.4708052319472046 and parameters: {'alpha': 0.05958433610987707, 'max_iter': 65266}. Best is trial 72 with value: 0.4744770237730605.
Trial 65 finished with value: 0.47081396604106107 and parameters: {'alpha': 0.08950982963618612, 'max_iter': 26354}. Best is trial 72 with value: 0.4744770237730605.
Trial 68 finished with value: 0.4707830406106419 and parameters: {'alpha': 0.0006995062497696354, 'max_iter': 86867}. Best is trial 72 with value: 0.4744770237730605.
Trial 66 finished with value: 0.47093654408746544 and parameters: {'alpha': 0.46995223244485834, 'max_iter': 97409}. Best is trial 72 with value: 0.4744770237730605.
Trial 72 finished with value: 0.4744770237730605 and parameters: {'alpha': 2.0517255989015806, 'max_iter': 28714}. Best is trial 72 with value: 0.4744770237730605.
Trial 70 finished with value: 0.4707834406556465 and parameters: {'alpha': 0.002215563473890372, 'max_iter': 98309}. Best is trial 72 with value: 0.4744770237730605.
Trial 67 finished with value: 0.47078294070455184 and parameters: {'alpha': 0.00032085007568367853, 'max_iter': 82813}. Best is trial 72 with value: 0.4744770237730605.
Trial 71 finished with value: 0.47079864937537047 and parameters: {'alpha': 0.03646450117868318, 'max_iter': 21220}. Best is trial 72 with value: 0.4744770237730605.
Trial 64 finished with value: 0.47401094672665317 and parameters: {'alpha': 1.71850837067151, 'max_iter': 47002}. Best is trial 72 with value: 0.4744770237730605.
Trial 74 finished with value: 0.4707829573400761 and parameters: {'alpha': 0.00038390184180898056, 'max_iter': 18383}. Best is trial 72 with value: 0.4744770237730605.
Trial 73 finished with value: 0.4707828834007938 and parameters: {'alpha': 0.00010365464643358839, 'max_iter': 34814}. Best is trial 72 with value: 0.4744770237730605.
Trial 76 finished with value: 0.47079720103598294 and parameters: {'alpha': 0.03136072032383584, 'max_iter': 64434}. Best is trial 72 with value: 0.4744770237730605.
Trial 77 finished with value: 0.47389558585539293 and parameters: {'alpha': 1.4904285788969664, 'max_iter': 7597}. Best is trial 72 with value: 0.4744770237730605.
Trial 78 finished with value: 0.4708412233576539 and parameters: {'alpha': 0.18139823435209737, 'max_iter': 83085}. Best is trial 72 with value: 0.4744770237730605.
Trial 79 finished with value: 0.47084577375928893 and parameters: {'alpha': 0.19657621700325767, 'max_iter': 4517}. Best is trial 72 with value: 0.4744770237730605.
Trial 82 finished with value: 0.4707829079660025 and parameters: {'alpha': 0.00019676351540907084, 'max_iter': 7593}. Best is trial 72 with value: 0.4744770237730605.
Trial 86 finished with value: 0.4707829097954533 and parameters: {'alpha': 0.00020369759541383192, 'max_iter': 35799}. Best is trial 72 with value: 0.4744770237730605.
Trial 75 finished with value: 0.47078295218229566 and parameters: {'alpha': 0.0003643529318262613, 'max_iter': 67963}. Best is trial 72 with value: 0.4744770237730605.
Trial 80 finished with value: 0.47078342845262205 and parameters: {'alpha': 0.0021693213130964356, 'max_iter': 59583}. Best is trial 72 with value: 0.4744770237730605.
Trial 81 finished with value: 0.4707970331519776 and parameters: {'alpha': 0.03076873274753438, 'max_iter': 69579}. Best is trial 72 with value: 0.4744770237730605.
Trial 87 finished with value: 0.47078302792047017 and parameters: {'alpha': 0.0006514098543270769, 'max_iter': 91851}. Best is trial 72 with value: 0.4744770237730605.
Trial 85 finished with value: 0.47098743563529466 and parameters: {'alpha': 0.7181451340666759, 'max_iter': 38163}. Best is trial 72 with value: 0.4744770237730605.
Trial 88 finished with value: 0.47086360276000977 and parameters: {'alpha': 0.2315740147035847, 'max_iter': 64531}. Best is trial 72 with value: 0.4744770237730605.
Trial 84 finished with value: 0.47393160656218125 and parameters: {'alpha': 1.5669865451025402, 'max_iter': 10564}. Best is trial 72 with value: 0.4744770237730605.
Trial 94 finished with value: 0.47098457642329156 and parameters: {'alpha': 0.7050955564628903, 'max_iter': 77167}. Best is trial 72 with value: 0.4744770237730605.
Trial 91 finished with value: 0.470809900822352 and parameters: {'alpha': 0.07561953233403075, 'max_iter': 81660}. Best is trial 72 with value: 0.4744770237730605.
Trial 92 finished with value: 0.47078338665616115 and parameters: {'alpha': 0.0020109358971914233, 'max_iter': 60748}. Best is trial 72 with value: 0.4744770237730605.
Trial 83 finished with value: 0.4707835527456913 and parameters: {'alpha': 0.0026403063065567767, 'max_iter': 64607}. Best is trial 72 with value: 0.4744770237730605.
Trial 90 finished with value: 0.4707828999944509 and parameters: {'alpha': 0.000166549257199192, 'max_iter': 56398}. Best is trial 72 with value: 0.4744770237730605.
Trial 95 finished with value: 0.47078288793530687 and parameters: {'alpha': 0.00012084176531800124, 'max_iter': 87310}. Best is trial 72 with value: 0.4744770237730605.
Trial 100 finished with value: 0.47078293518800535 and parameters: {'alpha': 0.000299941228334175, 'max_iter': 25029}. Best is trial 72 with value: 0.4744770237730605.
Trial 97 finished with value: 0.4707851784331588 and parameters: {'alpha': 0.008798183473843216, 'max_iter': 41828}. Best is trial 72 with value: 0.4744770237730605.
Trial 93 finished with value: 0.4707945563463524 and parameters: {'alpha': 0.022025937084738805, 'max_iter': 57539}. Best is trial 72 with value: 0.4744770237730605.
Trial 102 finished with value: 0.4712048547734559 and parameters: {'alpha': 6.708740687974438, 'max_iter': 71638}. Best is trial 72 with value: 0.4744770237730605.
Trial 99 finished with value: 0.4707828898856394 and parameters: {'alpha': 0.00012823408130373877, 'max_iter': 71570}. Best is trial 72 with value: 0.4744770237730605.
Trial 96 finished with value: 0.4709672933854542 and parameters: {'alpha': 0.6286758453805206, 'max_iter': 99163}. Best is trial 72 with value: 0.4744770237730605.
Trial 103 finished with value: 0.47078377608994204 and parameters: {'alpha': 0.003486563411757557, 'max_iter': 45764}. Best is trial 72 with value: 0.4744770237730605.
Trial 98 finished with value: 0.4707829977002923 and parameters: {'alpha': 0.000536872801476724, 'max_iter': 82373}. Best is trial 72 with value: 0.4744770237730605.
Trial 104 finished with value: 0.4729455245410838 and parameters: {'alpha': 4.12602602891581, 'max_iter': 56996}. Best is trial 72 with value: 0.4744770237730605.
Trial 108 finished with value: 0.4707851389159787 and parameters: {'alpha': 0.00864855061913855, 'max_iter': 66229}. Best is trial 72 with value: 0.4744770237730605.
Trial 101 finished with value: 0.4707831390041898 and parameters: {'alpha': 0.0010724139661441973, 'max_iter': 15526}. Best is trial 72 with value: 0.4744770237730605.
Trial 112 finished with value: 0.4707829707330829 and parameters: {'alpha': 0.0004346635328486257, 'max_iter': 14570}. Best is trial 72 with value: 0.4744770237730605.
Trial 105 finished with value: 0.4700122646472197 and parameters: {'alpha': 7.000039739844046, 'max_iter': 72724}. Best is trial 72 with value: 0.4744770237730605.
Trial 114 finished with value: 0.47185212067404814 and parameters: {'alpha': 9.23488559636242, 'max_iter': 38015}. Best is trial 72 with value: 0.4744770237730605.
Trial 109 finished with value: 0.47078375049087445 and parameters: {'alpha': 0.003389572040902021, 'max_iter': 70186}. Best is trial 72 with value: 0.4744770237730605.
Trial 113 finished with value: 0.4708028577415272 and parameters: {'alpha': 0.051260104252268006, 'max_iter': 47894}. Best is trial 72 with value: 0.4744770237730605.
Trial 110 finished with value: 0.4707829322780371 and parameters: {'alpha': 0.00028891182969014215, 'max_iter': 97651}. Best is trial 72 with value: 0.4744770237730605.
Trial 106 finished with value: 0.47122935170537766 and parameters: {'alpha': 6.654820958369367, 'max_iter': 81278}. Best is trial 72 with value: 0.4744770237730605.
Trial 111 finished with value: 0.47078365529088845 and parameters: {'alpha': 0.003028862850868924, 'max_iter': 49196}. Best is trial 72 with value: 0.4744770237730605.
Trial 89 finished with value: 0.47078330108735245 and parameters: {'alpha': 0.001686668679430961, 'max_iter': 86016}. Best is trial 72 with value: 0.4744770237730605.
Trial 107 finished with value: 0.47111915765389556 and parameters: {'alpha': 1.112142938001387, 'max_iter': 74270}. Best is trial 72 with value: 0.4744770237730605.
A new study created in RDB with name: Ridge_83311
Trial 0 finished with value: 0.7712648433069431 and parameters: {'alpha': 0.0002484854048319034, 'max_iter': 62323}. Best is trial 10 with value: 0.7724504046344387.
Trial 2 finished with value: 0.7719957599674768 and parameters: {'alpha': 2.764520808555929, 'max_iter': 31420}. Best is trial 10 with value: 0.7724504046344387.
Trial 5 finished with value: 0.7719061501323881 and parameters: {'alpha': 2.391287585396468, 'max_iter': 90594}. Best is trial 10 with value: 0.7724504046344387.
Trial 3 finished with value: 0.7712668033974213 and parameters: {'alpha': 0.006934499903390365, 'max_iter': 53611}. Best is trial 10 with value: 0.7724504046344387.
Trial 4 finished with value: 0.7712766447049504 and parameters: {'alpha': 0.04055347611653866, 'max_iter': 85510}. Best is trial 10 with value: 0.7724504046344387.
Trial 13 finished with value: 0.771298595750779 and parameters: {'alpha': 0.11584050831787042, 'max_iter': 10799}. Best is trial 10 with value: 0.7724504046344387.
Trial 19 finished with value: 0.771956863960594 and parameters: {'alpha': 2.601100627354027, 'max_iter': 29306}. Best is trial 10 with value: 0.7724504046344387.
Trial 14 finished with value: 0.7717890545671965 and parameters: {'alpha': 1.920103934774352, 'max_iter': 99462}. Best is trial 10 with value: 0.7724504046344387.
Trial 1 finished with value: 0.7712648599736869 and parameters: {'alpha': 0.0003053231265037185, 'max_iter': 78837}. Best is trial 10 with value: 0.7724504046344387.
Trial 18 finished with value: 0.7722673190277053 and parameters: {'alpha': 3.9734282821482783, 'max_iter': 4360}. Best is trial 10 with value: 0.7724504046344387.
Trial 16 finished with value: 0.7713835872304645 and parameters: {'alpha': 0.41134839942393053, 'max_iter': 8718}. Best is trial 10 with value: 0.7724504046344387.
Trial 15 finished with value: 0.7712934675176571 and parameters: {'alpha': 0.09821456553072576, 'max_iter': 92542}. Best is trial 10 with value: 0.7724504046344387.
Trial 10 finished with value: 0.7724504046344387 and parameters: {'alpha': 4.8683711175471105, 'max_iter': 17937}. Best is trial 10 with value: 0.7724504046344387.
Trial 20 finished with value: 0.7712663469236192 and parameters: {'alpha': 0.005377141648459176, 'max_iter': 41231}. Best is trial 10 with value: 0.7724504046344387.
Trial 23 finished with value: 0.771342995394909 and parameters: {'alpha': 0.2694080632677061, 'max_iter': 50467}. Best is trial 10 with value: 0.7724504046344387.
Trial 22 finished with value: 0.7712705961414303 and parameters: {'alpha': 0.01988112752669349, 'max_iter': 67849}. Best is trial 10 with value: 0.7724504046344387.
Trial 9 finished with value: 0.7712752915399961 and parameters: {'alpha': 0.03592600688811101, 'max_iter': 1137}. Best is trial 10 with value: 0.7724504046344387.
Trial 6 finished with value: 0.7712804709263403 and parameters: {'alpha': 0.05364664740472624, 'max_iter': 17685}. Best is trial 10 with value: 0.7724504046344387.
Trial 8 finished with value: 0.7714676417092772 and parameters: {'alpha': 0.710135321896089, 'max_iter': 9222}. Best is trial 10 with value: 0.7724504046344387.
Trial 17 finished with value: 0.7714285196293525 and parameters: {'alpha': 0.5702360897802145, 'max_iter': 59745}. Best is trial 10 with value: 0.7724504046344387.
Trial 21 finished with value: 0.7713601123707504 and parameters: {'alpha': 0.3290800204186513, 'max_iter': 45740}. Best is trial 10 with value: 0.7724504046344387.
Trial 11 finished with value: 0.7716322019144799 and parameters: {'alpha': 1.3154386194764738, 'max_iter': 60990}. Best is trial 10 with value: 0.7724504046344387.
Trial 12 finished with value: 0.771265680064151 and parameters: {'alpha': 0.0031023264883893757, 'max_iter': 50551}. Best is trial 10 with value: 0.7724504046344387.
Trial 7 finished with value: 0.7712736925030519 and parameters: {'alpha': 0.030459741208456986, 'max_iter': 82022}. Best is trial 10 with value: 0.7724504046344387.
Trial 26 finished with value: 0.7712661913202705 and parameters: {'alpha': 0.004846308009662848, 'max_iter': 21144}. Best is trial 10 with value: 0.7724504046344387.
Trial 35 finished with value: 0.7712668252485372 and parameters: {'alpha': 0.00700905412195799, 'max_iter': 7475}. Best is trial 10 with value: 0.7724504046344387.
Trial 24 finished with value: 0.7712662492327318 and parameters: {'alpha': 0.0050438712885541095, 'max_iter': 40345}. Best is trial 10 with value: 0.7724504046344387.
Trial 29 finished with value: 0.771437918061281 and parameters: {'alpha': 0.6037105762845347, 'max_iter': 81991}. Best is trial 10 with value: 0.7724504046344387.
Trial 37 finished with value: 0.7712930792061777 and parameters: {'alpha': 0.09688085248078229, 'max_iter': 94574}. Best is trial 10 with value: 0.7724504046344387.
Trial 36 finished with value: 0.771833484327421 and parameters: {'alpha': 2.096783270731441, 'max_iter': 11035}. Best is trial 10 with value: 0.7724504046344387.
Trial 27 finished with value: 0.7716271107254159 and parameters: {'alpha': 1.2962836542427558, 'max_iter': 73114}. Best is trial 10 with value: 0.7724504046344387.
Trial 28 finished with value: 0.7712648533514164 and parameters: {'alpha': 0.00028273951646682954, 'max_iter': 68356}. Best is trial 10 with value: 0.7724504046344387.
Trial 33 finished with value: 0.7712721804619985 and parameters: {'alpha': 0.025292880917356146, 'max_iter': 36050}. Best is trial 10 with value: 0.7724504046344387.
Trial 42 finished with value: 0.7712648070576756 and parameters: {'alpha': 0.00012486724790917173, 'max_iter': 11224}. Best is trial 10 with value: 0.7724504046344387.
Trial 31 finished with value: 0.7713146122189933 and parameters: {'alpha': 0.1710373231241302, 'max_iter': 39297}. Best is trial 10 with value: 0.7724504046344387.
Trial 38 finished with value: 0.7712751954329925 and parameters: {'alpha': 0.035597405800595304, 'max_iter': 75735}. Best is trial 10 with value: 0.7724504046344387.
Trial 25 finished with value: 0.7712648336613257 and parameters: {'alpha': 0.0002155915705343287, 'max_iter': 71491}. Best is trial 10 with value: 0.7724504046344387.
Trial 34 finished with value: 0.7712649063240381 and parameters: {'alpha': 0.00046339053751066336, 'max_iter': 42872}. Best is trial 10 with value: 0.7724504046344387.
Trial 39 finished with value: 0.7713273539189683 and parameters: {'alpha': 0.21510931023757707, 'max_iter': 93048}. Best is trial 10 with value: 0.7724504046344387.
Trial 32 finished with value: 0.7714333563877155 and parameters: {'alpha': 0.5874527204881834, 'max_iter': 58675}. Best is trial 10 with value: 0.7724504046344387.
Trial 43 finished with value: 0.7718357437047653 and parameters: {'alpha': 2.1058352421111937, 'max_iter': 64830}. Best is trial 10 with value: 0.7724504046344387.
Trial 40 finished with value: 0.7715973262111309 and parameters: {'alpha': 1.1847883466243214, 'max_iter': 78084}. Best is trial 10 with value: 0.7724504046344387.
Trial 44 finished with value: 0.7712648192551591 and parameters: {'alpha': 0.00016646328602127854, 'max_iter': 69705}. Best is trial 10 with value: 0.7724504046344387.
Trial 30 finished with value: 0.7712687800851621 and parameters: {'alpha': 0.013680442873166571, 'max_iter': 6896}. Best is trial 10 with value: 0.7724504046344387.
Trial 41 finished with value: 0.7712964136004821 and parameters: {'alpha': 0.10833758002651883, 'max_iter': 46264}. Best is trial 10 with value: 0.7724504046344387.
Trial 46 finished with value: 0.7714920664612113 and parameters: {'alpha': 0.7982313190090485, 'max_iter': 1325}. Best is trial 10 with value: 0.7724504046344387.
Trial 47 finished with value: 0.7712648442674921 and parameters: {'alpha': 0.00025176110862624605, 'max_iter': 33505}. Best is trial 10 with value: 0.7724504046344387.
Trial 48 finished with value: 0.7712649753806071 and parameters: {'alpha': 0.0006988957690739357, 'max_iter': 77383}. Best is trial 10 with value: 0.7724504046344387.
Trial 51 finished with value: 0.7712652869732921 and parameters: {'alpha': 0.001761578040298435, 'max_iter': 67440}. Best is trial 10 with value: 0.7724504046344387.
Trial 45 finished with value: 0.7721854853786903 and parameters: {'alpha': 3.595633702649185, 'max_iter': 24401}. Best is trial 10 with value: 0.7724504046344387.
Trial 53 finished with value: 0.7714320774408419 and parameters: {'alpha': 0.5828980967858853, 'max_iter': 89943}. Best is trial 10 with value: 0.7724504046344387.
Trial 56 finished with value: 0.7712648727619186 and parameters: {'alpha': 0.0003489343215634345, 'max_iter': 91088}. Best is trial 10 with value: 0.7724504046344387.
Trial 49 finished with value: 0.7712653339910552 and parameters: {'alpha': 0.0019219386036126902, 'max_iter': 75330}. Best is trial 10 with value: 0.7724504046344387.
Trial 54 finished with value: 0.7712717931981795 and parameters: {'alpha': 0.02396985952027221, 'max_iter': 4041}. Best is trial 10 with value: 0.7724504046344387.
Trial 50 finished with value: 0.7712648390513043 and parameters: {'alpha': 0.00023397266156916646, 'max_iter': 87569}. Best is trial 10 with value: 0.7724504046344387.
Trial 52 finished with value: 0.7713079891298145 and parameters: {'alpha': 0.14818528174849008, 'max_iter': 1104}. Best is trial 10 with value: 0.7724504046344387.
Trial 63 finished with value: 0.7714508138443013 and parameters: {'alpha': 0.6497789681351914, 'max_iter': 6407}. Best is trial 10 with value: 0.7724504046344387.
Trial 59 finished with value: 0.771333106068431 and parameters: {'alpha': 0.23505234675696224, 'max_iter': 14300}. Best is trial 60 with value: 0.7725352853325771.
Trial 60 finished with value: 0.7725352853325771 and parameters: {'alpha': 5.310099612295626, 'max_iter': 96637}. Best is trial 60 with value: 0.7725352853325771.
Trial 62 finished with value: 0.771266556773979 and parameters: {'alpha': 0.006093069111839462, 'max_iter': 75013}. Best is trial 60 with value: 0.7725352853325771.
Trial 58 finished with value: 0.7712662677688795 and parameters: {'alpha': 0.005107106333250134, 'max_iter': 92998}. Best is trial 60 with value: 0.7725352853325771.
Trial 55 finished with value: 0.7712707855395673 and parameters: {'alpha': 0.020527964583445267, 'max_iter': 3901}. Best is trial 60 with value: 0.7725352853325771.
Trial 57 finished with value: 0.7713404005304614 and parameters: {'alpha': 0.260385003816925, 'max_iter': 53185}. Best is trial 60 with value: 0.7725352853325771.
Trial 64 finished with value: 0.7712719565303358 and parameters: {'alpha': 0.024527840603812315, 'max_iter': 61286}. Best is trial 60 with value: 0.7725352853325771.
Trial 67 finished with value: 0.77240522730571 and parameters: {'alpha': 4.640590145537478, 'max_iter': 28355}. Best is trial 60 with value: 0.7725352853325771.
Trial 65 finished with value: 0.7712653983223003 and parameters: {'alpha': 0.0021413522310025305, 'max_iter': 45030}. Best is trial 60 with value: 0.7725352853325771.
Trial 70 finished with value: 0.7712653563158989 and parameters: {'alpha': 0.001998081219197575, 'max_iter': 52708}. Best is trial 60 with value: 0.7725352853325771.
Trial 69 finished with value: 0.7712681894707456 and parameters: {'alpha': 0.011664474084890386, 'max_iter': 53534}. Best is trial 60 with value: 0.7725352853325771.
Trial 66 finished with value: 0.7713485527757523 and parameters: {'alpha': 0.28875290121438696, 'max_iter': 85624}. Best is trial 60 with value: 0.7725352853325771.
Trial 68 finished with value: 0.7712649095197646 and parameters: {'alpha': 0.0004742889083471188, 'max_iter': 23341}. Best is trial 60 with value: 0.7725352853325771.
Trial 73 finished with value: 0.7724977714815199 and parameters: {'alpha': 5.112566690653939, 'max_iter': 97715}. Best is trial 60 with value: 0.7725352853325771.
Trial 61 finished with value: 0.7712659891330366 and parameters: {'alpha': 0.004156586391618543, 'max_iter': 10195}. Best is trial 60 with value: 0.7725352853325771.
Trial 74 finished with value: 0.7712659096382543 and parameters: {'alpha': 0.003885415251517215, 'max_iter': 67035}. Best is trial 77 with value: 0.7726025237206751.
Trial 72 finished with value: 0.7713048356539043 and parameters: {'alpha': 0.13731814986719054, 'max_iter': 4221}. Best is trial 77 with value: 0.7726025237206751.
Trial 77 finished with value: 0.7726025237206751 and parameters: {'alpha': 5.6739554776167935, 'max_iter': 23214}. Best is trial 77 with value: 0.7726025237206751.
Trial 76 finished with value: 0.771267798277961 and parameters: {'alpha': 0.010329363174838499, 'max_iter': 19082}. Best is trial 77 with value: 0.7726025237206751.
Trial 75 finished with value: 0.771264932077378 and parameters: {'alpha': 0.0005512172801822199, 'max_iter': 21872}. Best is trial 77 with value: 0.7726025237206751.
Trial 78 finished with value: 0.7721724666857617 and parameters: {'alpha': 3.5366702076818766, 'max_iter': 15903}. Best is trial 77 with value: 0.7726025237206751.
Trial 86 finished with value: 0.7712783024805315 and parameters: {'alpha': 0.046224773125751746, 'max_iter': 59024}. Best is trial 77 with value: 0.7726025237206751.
Trial 81 finished with value: 0.7712650324644372 and parameters: {'alpha': 0.0008935731526147192, 'max_iter': 16067}. Best is trial 77 with value: 0.7726025237206751.
Trial 71 finished with value: 0.7712650924512628 and parameters: {'alpha': 0.0010981538319232373, 'max_iter': 26037}. Best is trial 77 with value: 0.7726025237206751.
Trial 85 finished with value: 0.7712654956919631 and parameters: {'alpha': 0.0024734562016899973, 'max_iter': 55958}. Best is trial 77 with value: 0.7726025237206751.
Trial 79 finished with value: 0.771266716837455 and parameters: {'alpha': 0.006639168383528238, 'max_iter': 22225}. Best is trial 77 with value: 0.7726025237206751.
Trial 89 finished with value: 0.7714560138555386 and parameters: {'alpha': 0.6684005285162687, 'max_iter': 62000}. Best is trial 77 with value: 0.7726025237206751.
Trial 84 finished with value: 0.7714834432735168 and parameters: {'alpha': 0.7670618823657651, 'max_iter': 91715}. Best is trial 77 with value: 0.7726025237206751.
Trial 82 finished with value: 0.7712648687520648 and parameters: {'alpha': 0.00033525966273002046, 'max_iter': 73727}. Best is trial 77 with value: 0.7726025237206751.
Trial 83 finished with value: 0.7712652716620372 and parameters: {'alpha': 0.0017093573010231358, 'max_iter': 76116}. Best is trial 77 with value: 0.7726025237206751.
Trial 92 finished with value: 0.7712886071953471 and parameters: {'alpha': 0.0815304781904921, 'max_iter': 63855}. Best is trial 77 with value: 0.7726025237206751.
Trial 91 finished with value: 0.7712657561050051 and parameters: {'alpha': 0.0033617006815437334, 'max_iter': 4376}. Best is trial 77 with value: 0.7726025237206751.
Trial 87 finished with value: 0.7724930884206922 and parameters: {'alpha': 5.088168988677075, 'max_iter': 36868}. Best is trial 77 with value: 0.7726025237206751.
Trial 96 finished with value: 0.7713596964632325 and parameters: {'alpha': 0.32762698135616264, 'max_iter': 90740}. Best is trial 77 with value: 0.7726025237206751.
Trial 95 finished with value: 0.7712654034951776 and parameters: {'alpha': 0.002158995439967939, 'max_iter': 49156}. Best is trial 77 with value: 0.7726025237206751.
Trial 94 finished with value: 0.7712648075181694 and parameters: {'alpha': 0.0001264376280705562, 'max_iter': 43806}. Best is trial 77 with value: 0.7726025237206751.
Trial 99 finished with value: 0.7713970274067411 and parameters: {'alpha': 0.45867760389358536, 'max_iter': 2640}. Best is trial 77 with value: 0.7726025237206751.
Trial 80 finished with value: 0.7713863248767924 and parameters: {'alpha': 0.4209754188436816, 'max_iter': 35004}. Best is trial 77 with value: 0.7726025237206751.
Trial 101 finished with value: 0.7712687117634541 and parameters: {'alpha': 0.01344722232810551, 'max_iter': 94049}. Best is trial 77 with value: 0.7726025237206751.
Trial 88 finished with value: 0.7712926891130143 and parameters: {'alpha': 0.09554115150199635, 'max_iter': 46369}. Best is trial 77 with value: 0.7726025237206751.
Trial 100 finished with value: 0.7712648503275259 and parameters: {'alpha': 0.0002724273014298237, 'max_iter': 74124}. Best is trial 77 with value: 0.7726025237206751.
Trial 90 finished with value: 0.7719037645315638 and parameters: {'alpha': 2.3815062594268728, 'max_iter': 3580}. Best is trial 77 with value: 0.7726025237206751.
Trial 107 finished with value: 0.7713219167038929 and parameters: {'alpha': 0.1962851223743647, 'max_iter': 27371}. Best is trial 77 with value: 0.7726025237206751.
Trial 98 finished with value: 0.7714355131075228 and parameters: {'alpha': 0.5951368220547452, 'max_iter': 59379}. Best is trial 77 with value: 0.7726025237206751.
Trial 97 finished with value: 0.7712657368938813 and parameters: {'alpha': 0.0032961713670665335, 'max_iter': 34909}. Best is trial 77 with value: 0.7726025237206751.
Trial 93 finished with value: 0.7713124607811459 and parameters: {'alpha': 0.16360987014273964, 'max_iter': 36180}. Best is trial 77 with value: 0.7726025237206751.
Trial 102 finished with value: 0.771265108790141 and parameters: {'alpha': 0.0011538769107786626, 'max_iter': 42134}. Best is trial 77 with value: 0.7726025237206751.
Trial 103 finished with value: 0.7712921499572185 and parameters: {'alpha': 0.09368974013976249, 'max_iter': 20532}. Best is trial 77 with value: 0.7726025237206751.
Trial 110 finished with value: 0.7712820613328146 and parameters: {'alpha': 0.05909265188480336, 'max_iter': 5730}. Best is trial 77 with value: 0.7726025237206751.
Trial 105 finished with value: 0.7714364982142465 and parameters: {'alpha': 0.5986480989578844, 'max_iter': 93698}. Best is trial 77 with value: 0.7726025237206751.
Trial 106 finished with value: 0.7712658413779131 and parameters: {'alpha': 0.0036525711237172377, 'max_iter': 76292}. Best is trial 77 with value: 0.7726025237206751.
Trial 109 finished with value: 0.7712648036094145 and parameters: {'alpha': 0.00011310795984427635, 'max_iter': 97535}. Best is trial 77 with value: 0.7726025237206751.
Trial 104 finished with value: 0.7712871197967445 and parameters: {'alpha': 0.07642874776995759, 'max_iter': 4213}. Best is trial 77 with value: 0.7726025237206751.
Trial 108 finished with value: 0.7712954115106515 and parameters: {'alpha': 0.10489346127994584, 'max_iter': 72529}. Best is trial 77 with value: 0.7726025237206751.
A new study created in RDB with name: Poly_Linear_911
Trial 2 failed because of the following error: TypeError('PolynomialRegression() argument after * must be an iterable, not int')
Traceback (most recent call last):
  File "/usr/local/lib/python3.8/dist-packages/optuna/study/_optimize.py", line 196, in _run_trial
    value_or_values = func(trial)
  File "/tmp/ipykernel_7443/3357385256.py", line 14, in __call__
    model = PolynomialRegression(*args, **kwargs)
TypeError: PolynomialRegression() argument after * must be an iterable, not int
Trial 4 failed because of the following error: TypeError('PolynomialRegression() argument after * must be an iterable, not int')
Traceback (most recent call last):
  File "/usr/local/lib/python3.8/dist-packages/optuna/study/_optimize.py", line 196, in _run_trial
    value_or_values = func(trial)
  File "/tmp/ipykernel_7443/3357385256.py", line 14, in __call__
    model = PolynomialRegression(*args, **kwargs)
TypeError: PolynomialRegression() argument after * must be an iterable, not int
Trial 14 failed because of the following error: TypeError('PolynomialRegression() argument after * must be an iterable, not int')
Traceback (most recent call last):
  File "/usr/local/lib/python3.8/dist-packages/optuna/study/_optimize.py", line 196, in _run_trial
    value_or_values = func(trial)
  File "/tmp/ipykernel_7443/3357385256.py", line 14, in __call__
    model = PolynomialRegression(*args, **kwargs)
TypeError: PolynomialRegression() argument after * must be an iterable, not int
Trial 22 failed because of the following error: TypeError('PolynomialRegression() argument after * must be an iterable, not int')
Traceback (most recent call last):
  File "/usr/local/lib/python3.8/dist-packages/optuna/study/_optimize.py", line 196, in _run_trial
    value_or_values = func(trial)
  File "/tmp/ipykernel_7443/3357385256.py", line 14, in __call__
    model = PolynomialRegression(*args, **kwargs)
TypeError: PolynomialRegression() argument after * must be an iterable, not int
Trial 21 failed because of the following error: TypeError('PolynomialRegression() argument after * must be an iterable, not int')
Traceback (most recent call last):
  File "/usr/local/lib/python3.8/dist-packages/optuna/study/_optimize.py", line 196, in _run_trial
    value_or_values = func(trial)
  File "/tmp/ipykernel_7443/3357385256.py", line 14, in __call__
    model = PolynomialRegression(*args, **kwargs)
TypeError: PolynomialRegression() argument after * must be an iterable, not int
Trial 16 failed because of the following error: TypeError('PolynomialRegression() argument after * must be an iterable, not int')
Traceback (most recent call last):
  File "/usr/local/lib/python3.8/dist-packages/optuna/study/_optimize.py", line 196, in _run_trial
    value_or_values = func(trial)
  File "/tmp/ipykernel_7443/3357385256.py", line 14, in __call__
    model = PolynomialRegression(*args, **kwargs)
TypeError: PolynomialRegression() argument after * must be an iterable, not int
Trial 20 failed because of the following error: TypeError('PolynomialRegression() argument after * must be an iterable, not int')
Traceback (most recent call last):
  File "/usr/local/lib/python3.8/dist-packages/optuna/study/_optimize.py", line 196, in _run_trial
    value_or_values = func(trial)
  File "/tmp/ipykernel_7443/3357385256.py", line 14, in __call__
    model = PolynomialRegression(*args, **kwargs)
TypeError: PolynomialRegression() argument after * must be an iterable, not int
Trial 19 failed because of the following error: TypeError('PolynomialRegression() argument after * must be an iterable, not int')
Traceback (most recent call last):
  File "/usr/local/lib/python3.8/dist-packages/optuna/study/_optimize.py", line 196, in _run_trial
    value_or_values = func(trial)
  File "/tmp/ipykernel_7443/3357385256.py", line 14, in __call__
    model = PolynomialRegression(*args, **kwargs)
TypeError: PolynomialRegression() argument after * must be an iterable, not int
Trial 1 failed because of the following error: TypeError('PolynomialRegression() argument after * must be an iterable, not int')
Traceback (most recent call last):
  File "/usr/local/lib/python3.8/dist-packages/optuna/study/_optimize.py", line 196, in _run_trial
    value_or_values = func(trial)
  File "/tmp/ipykernel_7443/3357385256.py", line 14, in __call__
    model = PolynomialRegression(*args, **kwargs)
TypeError: PolynomialRegression() argument after * must be an iterable, not int
Trial 0 failed because of the following error: TypeError('PolynomialRegression() argument after * must be an iterable, not int')
Traceback (most recent call last):
  File "/usr/local/lib/python3.8/dist-packages/optuna/study/_optimize.py", line 196, in _run_trial
    value_or_values = func(trial)
  File "/tmp/ipykernel_7443/3357385256.py", line 14, in __call__
    model = PolynomialRegression(*args, **kwargs)
TypeError: PolynomialRegression() argument after * must be an iterable, not int
Trial 18 failed because of the following error: TypeError('PolynomialRegression() argument after * must be an iterable, not int')
Traceback (most recent call last):
  File "/usr/local/lib/python3.8/dist-packages/optuna/study/_optimize.py", line 196, in _run_trial
    value_or_values = func(trial)
  File "/tmp/ipykernel_7443/3357385256.py", line 14, in __call__
    model = PolynomialRegression(*args, **kwargs)
TypeError: PolynomialRegression() argument after * must be an iterable, not int
Trial 5 failed because of the following error: TypeError('PolynomialRegression() argument after * must be an iterable, not int')
Traceback (most recent call last):
  File "/usr/local/lib/python3.8/dist-packages/optuna/study/_optimize.py", line 196, in _run_trial
    value_or_values = func(trial)
  File "/tmp/ipykernel_7443/3357385256.py", line 14, in __call__
    model = PolynomialRegression(*args, **kwargs)
TypeError: PolynomialRegression() argument after * must be an iterable, not int
Trial 6 failed because of the following error: TypeError('PolynomialRegression() argument after * must be an iterable, not int')
Traceback (most recent call last):
  File "/usr/local/lib/python3.8/dist-packages/optuna/study/_optimize.py", line 196, in _run_trial
    value_or_values = func(trial)
  File "/tmp/ipykernel_7443/3357385256.py", line 14, in __call__
    model = PolynomialRegression(*args, **kwargs)
TypeError: PolynomialRegression() argument after * must be an iterable, not int
Trial 9 failed because of the following error: TypeError('PolynomialRegression() argument after * must be an iterable, not int')
Traceback (most recent call last):
  File "/usr/local/lib/python3.8/dist-packages/optuna/study/_optimize.py", line 196, in _run_trial
    value_or_values = func(trial)
  File "/tmp/ipykernel_7443/3357385256.py", line 14, in __call__
    model = PolynomialRegression(*args, **kwargs)
TypeError: PolynomialRegression() argument after * must be an iterable, not int
Trial 12 failed because of the following error: TypeError('PolynomialRegression() argument after * must be an iterable, not int')
Traceback (most recent call last):
  File "/usr/local/lib/python3.8/dist-packages/optuna/study/_optimize.py", line 196, in _run_trial
    value_or_values = func(trial)
  File "/tmp/ipykernel_7443/3357385256.py", line 14, in __call__
    model = PolynomialRegression(*args, **kwargs)
TypeError: PolynomialRegression() argument after * must be an iterable, not int
Trial 10 failed because of the following error: TypeError('PolynomialRegression() argument after * must be an iterable, not int')
Traceback (most recent call last):
  File "/usr/local/lib/python3.8/dist-packages/optuna/study/_optimize.py", line 196, in _run_trial
    value_or_values = func(trial)
  File "/tmp/ipykernel_7443/3357385256.py", line 14, in __call__
    model = PolynomialRegression(*args, **kwargs)
TypeError: PolynomialRegression() argument after * must be an iterable, not int
Trial 11 failed because of the following error: TypeError('PolynomialRegression() argument after * must be an iterable, not int')
Traceback (most recent call last):
  File "/usr/local/lib/python3.8/dist-packages/optuna/study/_optimize.py", line 196, in _run_trial
    value_or_values = func(trial)
  File "/tmp/ipykernel_7443/3357385256.py", line 14, in __call__
    model = PolynomialRegression(*args, **kwargs)
TypeError: PolynomialRegression() argument after * must be an iterable, not int
Trial 23 failed because of the following error: TypeError('PolynomialRegression() argument after * must be an iterable, not int')
Traceback (most recent call last):
  File "/usr/local/lib/python3.8/dist-packages/optuna/study/_optimize.py", line 196, in _run_trial
    value_or_values = func(trial)
  File "/tmp/ipykernel_7443/3357385256.py", line 14, in __call__
    model = PolynomialRegression(*args, **kwargs)
TypeError: PolynomialRegression() argument after * must be an iterable, not int
Trial 13 failed because of the following error: TypeError('PolynomialRegression() argument after * must be an iterable, not int')
Traceback (most recent call last):
  File "/usr/local/lib/python3.8/dist-packages/optuna/study/_optimize.py", line 196, in _run_trial
    value_or_values = func(trial)
  File "/tmp/ipykernel_7443/3357385256.py", line 14, in __call__
    model = PolynomialRegression(*args, **kwargs)
TypeError: PolynomialRegression() argument after * must be an iterable, not int
Trial 7 failed because of the following error: TypeError('PolynomialRegression() argument after * must be an iterable, not int')
Traceback (most recent call last):
  File "/usr/local/lib/python3.8/dist-packages/optuna/study/_optimize.py", line 196, in _run_trial
    value_or_values = func(trial)
  File "/tmp/ipykernel_7443/3357385256.py", line 14, in __call__
    model = PolynomialRegression(*args, **kwargs)
TypeError: PolynomialRegression() argument after * must be an iterable, not int
Trial 15 failed because of the following error: TypeError('PolynomialRegression() argument after * must be an iterable, not int')
Traceback (most recent call last):
  File "/usr/local/lib/python3.8/dist-packages/optuna/study/_optimize.py", line 196, in _run_trial
    value_or_values = func(trial)
  File "/tmp/ipykernel_7443/3357385256.py", line 14, in __call__
    model = PolynomialRegression(*args, **kwargs)
TypeError: PolynomialRegression() argument after * must be an iterable, not int
Trial 3 failed because of the following error: TypeError('PolynomialRegression() argument after * must be an iterable, not int')
Traceback (most recent call last):
  File "/usr/local/lib/python3.8/dist-packages/optuna/study/_optimize.py", line 196, in _run_trial
    value_or_values = func(trial)
  File "/tmp/ipykernel_7443/3357385256.py", line 14, in __call__
    model = PolynomialRegression(*args, **kwargs)
TypeError: PolynomialRegression() argument after * must be an iterable, not int
Trial 8 failed because of the following error: TypeError('PolynomialRegression() argument after * must be an iterable, not int')
Traceback (most recent call last):
  File "/usr/local/lib/python3.8/dist-packages/optuna/study/_optimize.py", line 196, in _run_trial
    value_or_values = func(trial)
  File "/tmp/ipykernel_7443/3357385256.py", line 14, in __call__
    model = PolynomialRegression(*args, **kwargs)
TypeError: PolynomialRegression() argument after * must be an iterable, not int
Trial 17 failed because of the following error: TypeError('PolynomialRegression() argument after * must be an iterable, not int')
Traceback (most recent call last):
  File "/usr/local/lib/python3.8/dist-packages/optuna/study/_optimize.py", line 196, in _run_trial
    value_or_values = func(trial)
  File "/tmp/ipykernel_7443/3357385256.py", line 14, in __call__
    model = PolynomialRegression(*args, **kwargs)
TypeError: PolynomialRegression() argument after * must be an iterable, not int
A new study created in RDB with name: Poly_Linear_9238
Trial 3 failed because of the following error: TypeError("suggest_int() missing 1 required positional argument: 'high'")
Traceback (most recent call last):
  File "/usr/local/lib/python3.8/dist-packages/optuna/study/_optimize.py", line 196, in _run_trial
    value_or_values = func(trial)
  File "/tmp/ipykernel_7443/3653713586.py", line 8, in __call__
    args = trial.suggest_int(1, 100)
TypeError: suggest_int() missing 1 required positional argument: 'high'
Trial 7 failed because of the following error: TypeError("suggest_int() missing 1 required positional argument: 'high'")
Traceback (most recent call last):
  File "/usr/local/lib/python3.8/dist-packages/optuna/study/_optimize.py", line 196, in _run_trial
    value_or_values = func(trial)
  File "/tmp/ipykernel_7443/3653713586.py", line 8, in __call__
    args = trial.suggest_int(1, 100)
TypeError: suggest_int() missing 1 required positional argument: 'high'
Trial 11 failed because of the following error: TypeError("suggest_int() missing 1 required positional argument: 'high'")
Traceback (most recent call last):
  File "/usr/local/lib/python3.8/dist-packages/optuna/study/_optimize.py", line 196, in _run_trial
    value_or_values = func(trial)
  File "/tmp/ipykernel_7443/3653713586.py", line 8, in __call__
    args = trial.suggest_int(1, 100)
TypeError: suggest_int() missing 1 required positional argument: 'high'
Trial 18 failed because of the following error: TypeError("suggest_int() missing 1 required positional argument: 'high'")
Traceback (most recent call last):
  File "/usr/local/lib/python3.8/dist-packages/optuna/study/_optimize.py", line 196, in _run_trial
    value_or_values = func(trial)
  File "/tmp/ipykernel_7443/3653713586.py", line 8, in __call__
    args = trial.suggest_int(1, 100)
TypeError: suggest_int() missing 1 required positional argument: 'high'
Trial 1 failed because of the following error: TypeError("suggest_int() missing 1 required positional argument: 'high'")
Traceback (most recent call last):
  File "/usr/local/lib/python3.8/dist-packages/optuna/study/_optimize.py", line 196, in _run_trial
    value_or_values = func(trial)
  File "/tmp/ipykernel_7443/3653713586.py", line 8, in __call__
    args = trial.suggest_int(1, 100)
TypeError: suggest_int() missing 1 required positional argument: 'high'
Trial 14 failed because of the following error: TypeError("suggest_int() missing 1 required positional argument: 'high'")
Traceback (most recent call last):
  File "/usr/local/lib/python3.8/dist-packages/optuna/study/_optimize.py", line 196, in _run_trial
    value_or_values = func(trial)
  File "/tmp/ipykernel_7443/3653713586.py", line 8, in __call__
    args = trial.suggest_int(1, 100)
TypeError: suggest_int() missing 1 required positional argument: 'high'
Trial 12 failed because of the following error: TypeError("suggest_int() missing 1 required positional argument: 'high'")
Traceback (most recent call last):
  File "/usr/local/lib/python3.8/dist-packages/optuna/study/_optimize.py", line 196, in _run_trial
    value_or_values = func(trial)
  File "/tmp/ipykernel_7443/3653713586.py", line 8, in __call__
    args = trial.suggest_int(1, 100)
TypeError: suggest_int() missing 1 required positional argument: 'high'
Trial 6 failed because of the following error: TypeError("suggest_int() missing 1 required positional argument: 'high'")
Traceback (most recent call last):
  File "/usr/local/lib/python3.8/dist-packages/optuna/study/_optimize.py", line 196, in _run_trial
    value_or_values = func(trial)
  File "/tmp/ipykernel_7443/3653713586.py", line 8, in __call__
    args = trial.suggest_int(1, 100)
TypeError: suggest_int() missing 1 required positional argument: 'high'
Trial 8 failed because of the following error: TypeError("suggest_int() missing 1 required positional argument: 'high'")
Traceback (most recent call last):
  File "/usr/local/lib/python3.8/dist-packages/optuna/study/_optimize.py", line 196, in _run_trial
    value_or_values = func(trial)
  File "/tmp/ipykernel_7443/3653713586.py", line 8, in __call__
    args = trial.suggest_int(1, 100)
TypeError: suggest_int() missing 1 required positional argument: 'high'
Trial 2 failed because of the following error: TypeError("suggest_int() missing 1 required positional argument: 'high'")
Traceback (most recent call last):
  File "/usr/local/lib/python3.8/dist-packages/optuna/study/_optimize.py", line 196, in _run_trial
    value_or_values = func(trial)
  File "/tmp/ipykernel_7443/3653713586.py", line 8, in __call__
    args = trial.suggest_int(1, 100)
TypeError: suggest_int() missing 1 required positional argument: 'high'
Trial 13 failed because of the following error: TypeError("suggest_int() missing 1 required positional argument: 'high'")
Traceback (most recent call last):
  File "/usr/local/lib/python3.8/dist-packages/optuna/study/_optimize.py", line 196, in _run_trial
    value_or_values = func(trial)
  File "/tmp/ipykernel_7443/3653713586.py", line 8, in __call__
    args = trial.suggest_int(1, 100)
TypeError: suggest_int() missing 1 required positional argument: 'high'
Trial 15 failed because of the following error: TypeError("suggest_int() missing 1 required positional argument: 'high'")
Traceback (most recent call last):
  File "/usr/local/lib/python3.8/dist-packages/optuna/study/_optimize.py", line 196, in _run_trial
    value_or_values = func(trial)
  File "/tmp/ipykernel_7443/3653713586.py", line 8, in __call__
    args = trial.suggest_int(1, 100)
TypeError: suggest_int() missing 1 required positional argument: 'high'
Trial 0 failed because of the following error: TypeError("suggest_int() missing 1 required positional argument: 'high'")
Traceback (most recent call last):
  File "/usr/local/lib/python3.8/dist-packages/optuna/study/_optimize.py", line 196, in _run_trial
    value_or_values = func(trial)
  File "/tmp/ipykernel_7443/3653713586.py", line 8, in __call__
    args = trial.suggest_int(1, 100)
TypeError: suggest_int() missing 1 required positional argument: 'high'
Trial 5 failed because of the following error: TypeError("suggest_int() missing 1 required positional argument: 'high'")
Traceback (most recent call last):
  File "/usr/local/lib/python3.8/dist-packages/optuna/study/_optimize.py", line 196, in _run_trial
    value_or_values = func(trial)
  File "/tmp/ipykernel_7443/3653713586.py", line 8, in __call__
    args = trial.suggest_int(1, 100)
TypeError: suggest_int() missing 1 required positional argument: 'high'
Trial 16 failed because of the following error: TypeError("suggest_int() missing 1 required positional argument: 'high'")
Traceback (most recent call last):
  File "/usr/local/lib/python3.8/dist-packages/optuna/study/_optimize.py", line 196, in _run_trial
    value_or_values = func(trial)
  File "/tmp/ipykernel_7443/3653713586.py", line 8, in __call__
    args = trial.suggest_int(1, 100)
TypeError: suggest_int() missing 1 required positional argument: 'high'
Trial 17 failed because of the following error: TypeError("suggest_int() missing 1 required positional argument: 'high'")
Traceback (most recent call last):
  File "/usr/local/lib/python3.8/dist-packages/optuna/study/_optimize.py", line 196, in _run_trial
    value_or_values = func(trial)
  File "/tmp/ipykernel_7443/3653713586.py", line 8, in __call__
    args = trial.suggest_int(1, 100)
TypeError: suggest_int() missing 1 required positional argument: 'high'
Trial 22 failed because of the following error: TypeError("suggest_int() missing 1 required positional argument: 'high'")
Traceback (most recent call last):
  File "/usr/local/lib/python3.8/dist-packages/optuna/study/_optimize.py", line 196, in _run_trial
    value_or_values = func(trial)
  File "/tmp/ipykernel_7443/3653713586.py", line 8, in __call__
    args = trial.suggest_int(1, 100)
TypeError: suggest_int() missing 1 required positional argument: 'high'
Trial 9 failed because of the following error: TypeError("suggest_int() missing 1 required positional argument: 'high'")
Traceback (most recent call last):
  File "/usr/local/lib/python3.8/dist-packages/optuna/study/_optimize.py", line 196, in _run_trial
    value_or_values = func(trial)
  File "/tmp/ipykernel_7443/3653713586.py", line 8, in __call__
    args = trial.suggest_int(1, 100)
TypeError: suggest_int() missing 1 required positional argument: 'high'
Trial 21 failed because of the following error: TypeError("suggest_int() missing 1 required positional argument: 'high'")
Traceback (most recent call last):
  File "/usr/local/lib/python3.8/dist-packages/optuna/study/_optimize.py", line 196, in _run_trial
    value_or_values = func(trial)
  File "/tmp/ipykernel_7443/3653713586.py", line 8, in __call__
    args = trial.suggest_int(1, 100)
TypeError: suggest_int() missing 1 required positional argument: 'high'
Trial 19 failed because of the following error: TypeError("suggest_int() missing 1 required positional argument: 'high'")
Traceback (most recent call last):
  File "/usr/local/lib/python3.8/dist-packages/optuna/study/_optimize.py", line 196, in _run_trial
    value_or_values = func(trial)
  File "/tmp/ipykernel_7443/3653713586.py", line 8, in __call__
    args = trial.suggest_int(1, 100)
TypeError: suggest_int() missing 1 required positional argument: 'high'
Trial 10 failed because of the following error: TypeError("suggest_int() missing 1 required positional argument: 'high'")
Traceback (most recent call last):
  File "/usr/local/lib/python3.8/dist-packages/optuna/study/_optimize.py", line 196, in _run_trial
    value_or_values = func(trial)
  File "/tmp/ipykernel_7443/3653713586.py", line 8, in __call__
    args = trial.suggest_int(1, 100)
TypeError: suggest_int() missing 1 required positional argument: 'high'
Trial 20 failed because of the following error: TypeError("suggest_int() missing 1 required positional argument: 'high'")
Traceback (most recent call last):
  File "/usr/local/lib/python3.8/dist-packages/optuna/study/_optimize.py", line 196, in _run_trial
    value_or_values = func(trial)
  File "/tmp/ipykernel_7443/3653713586.py", line 8, in __call__
    args = trial.suggest_int(1, 100)
TypeError: suggest_int() missing 1 required positional argument: 'high'
Trial 4 failed because of the following error: TypeError("suggest_int() missing 1 required positional argument: 'high'")
Traceback (most recent call last):
  File "/usr/local/lib/python3.8/dist-packages/optuna/study/_optimize.py", line 196, in _run_trial
    value_or_values = func(trial)
  File "/tmp/ipykernel_7443/3653713586.py", line 8, in __call__
    args = trial.suggest_int(1, 100)
TypeError: suggest_int() missing 1 required positional argument: 'high'
Trial 23 failed because of the following error: TypeError("suggest_int() missing 1 required positional argument: 'high'")
Traceback (most recent call last):
  File "/usr/local/lib/python3.8/dist-packages/optuna/study/_optimize.py", line 196, in _run_trial
    value_or_values = func(trial)
  File "/tmp/ipykernel_7443/3653713586.py", line 8, in __call__
    args = trial.suggest_int(1, 100)
TypeError: suggest_int() missing 1 required positional argument: 'high'
A new study created in RDB with name: Poly_Linear_936
Trial 7 failed because of the following error: TypeError('PolynomialRegression() argument after * must be an iterable, not int')
Traceback (most recent call last):
  File "/usr/local/lib/python3.8/dist-packages/optuna/study/_optimize.py", line 196, in _run_trial
    value_or_values = func(trial)
  File "/tmp/ipykernel_7443/3357385256.py", line 14, in __call__
    model = PolynomialRegression(*args, **kwargs)
TypeError: PolynomialRegression() argument after * must be an iterable, not int
Trial 12 failed because of the following error: TypeError('PolynomialRegression() argument after * must be an iterable, not int')
Traceback (most recent call last):
  File "/usr/local/lib/python3.8/dist-packages/optuna/study/_optimize.py", line 196, in _run_trial
    value_or_values = func(trial)
  File "/tmp/ipykernel_7443/3357385256.py", line 14, in __call__
    model = PolynomialRegression(*args, **kwargs)
TypeError: PolynomialRegression() argument after * must be an iterable, not int
Trial 16 failed because of the following error: TypeError('PolynomialRegression() argument after * must be an iterable, not int')
Traceback (most recent call last):
  File "/usr/local/lib/python3.8/dist-packages/optuna/study/_optimize.py", line 196, in _run_trial
    value_or_values = func(trial)
  File "/tmp/ipykernel_7443/3357385256.py", line 14, in __call__
    model = PolynomialRegression(*args, **kwargs)
TypeError: PolynomialRegression() argument after * must be an iterable, not int
Trial 19 failed because of the following error: TypeError('PolynomialRegression() argument after * must be an iterable, not int')
Traceback (most recent call last):
  File "/usr/local/lib/python3.8/dist-packages/optuna/study/_optimize.py", line 196, in _run_trial
    value_or_values = func(trial)
  File "/tmp/ipykernel_7443/3357385256.py", line 14, in __call__
    model = PolynomialRegression(*args, **kwargs)
TypeError: PolynomialRegression() argument after * must be an iterable, not int
Trial 10 failed because of the following error: TypeError('PolynomialRegression() argument after * must be an iterable, not int')
Traceback (most recent call last):
  File "/usr/local/lib/python3.8/dist-packages/optuna/study/_optimize.py", line 196, in _run_trial
    value_or_values = func(trial)
  File "/tmp/ipykernel_7443/3357385256.py", line 14, in __call__
    model = PolynomialRegression(*args, **kwargs)
TypeError: PolynomialRegression() argument after * must be an iterable, not int
Trial 1 failed because of the following error: TypeError('PolynomialRegression() argument after * must be an iterable, not int')
Traceback (most recent call last):
  File "/usr/local/lib/python3.8/dist-packages/optuna/study/_optimize.py", line 196, in _run_trial
    value_or_values = func(trial)
  File "/tmp/ipykernel_7443/3357385256.py", line 14, in __call__
    model = PolynomialRegression(*args, **kwargs)
TypeError: PolynomialRegression() argument after * must be an iterable, not int
Trial 8 failed because of the following error: TypeError('PolynomialRegression() argument after * must be an iterable, not int')
Traceback (most recent call last):
  File "/usr/local/lib/python3.8/dist-packages/optuna/study/_optimize.py", line 196, in _run_trial
    value_or_values = func(trial)
  File "/tmp/ipykernel_7443/3357385256.py", line 14, in __call__
    model = PolynomialRegression(*args, **kwargs)
TypeError: PolynomialRegression() argument after * must be an iterable, not int
Trial 0 failed because of the following error: TypeError('PolynomialRegression() argument after * must be an iterable, not int')
Traceback (most recent call last):
  File "/usr/local/lib/python3.8/dist-packages/optuna/study/_optimize.py", line 196, in _run_trial
    value_or_values = func(trial)
  File "/tmp/ipykernel_7443/3357385256.py", line 14, in __call__
    model = PolynomialRegression(*args, **kwargs)
TypeError: PolynomialRegression() argument after * must be an iterable, not int
Trial 13 failed because of the following error: TypeError('PolynomialRegression() argument after * must be an iterable, not int')
Traceback (most recent call last):
  File "/usr/local/lib/python3.8/dist-packages/optuna/study/_optimize.py", line 196, in _run_trial
    value_or_values = func(trial)
  File "/tmp/ipykernel_7443/3357385256.py", line 14, in __call__
    model = PolynomialRegression(*args, **kwargs)
TypeError: PolynomialRegression() argument after * must be an iterable, not int
Trial 2 failed because of the following error: TypeError('PolynomialRegression() argument after * must be an iterable, not int')
Traceback (most recent call last):
  File "/usr/local/lib/python3.8/dist-packages/optuna/study/_optimize.py", line 196, in _run_trial
    value_or_values = func(trial)
  File "/tmp/ipykernel_7443/3357385256.py", line 14, in __call__
    model = PolynomialRegression(*args, **kwargs)
TypeError: PolynomialRegression() argument after * must be an iterable, not int
Trial 5 failed because of the following error: TypeError('PolynomialRegression() argument after * must be an iterable, not int')
Traceback (most recent call last):
  File "/usr/local/lib/python3.8/dist-packages/optuna/study/_optimize.py", line 196, in _run_trial
    value_or_values = func(trial)
  File "/tmp/ipykernel_7443/3357385256.py", line 14, in __call__
    model = PolynomialRegression(*args, **kwargs)
TypeError: PolynomialRegression() argument after * must be an iterable, not int
Trial 4 failed because of the following error: TypeError('PolynomialRegression() argument after * must be an iterable, not int')
Traceback (most recent call last):
  File "/usr/local/lib/python3.8/dist-packages/optuna/study/_optimize.py", line 196, in _run_trial
    value_or_values = func(trial)
  File "/tmp/ipykernel_7443/3357385256.py", line 14, in __call__
    model = PolynomialRegression(*args, **kwargs)
TypeError: PolynomialRegression() argument after * must be an iterable, not int
Trial 6 failed because of the following error: TypeError('PolynomialRegression() argument after * must be an iterable, not int')
Traceback (most recent call last):
  File "/usr/local/lib/python3.8/dist-packages/optuna/study/_optimize.py", line 196, in _run_trial
    value_or_values = func(trial)
  File "/tmp/ipykernel_7443/3357385256.py", line 14, in __call__
    model = PolynomialRegression(*args, **kwargs)
TypeError: PolynomialRegression() argument after * must be an iterable, not int
Trial 20 failed because of the following error: TypeError('PolynomialRegression() argument after * must be an iterable, not int')
Traceback (most recent call last):
  File "/usr/local/lib/python3.8/dist-packages/optuna/study/_optimize.py", line 196, in _run_trial
    value_or_values = func(trial)
  File "/tmp/ipykernel_7443/3357385256.py", line 14, in __call__
    model = PolynomialRegression(*args, **kwargs)
TypeError: PolynomialRegression() argument after * must be an iterable, not int
Trial 11 failed because of the following error: TypeError('PolynomialRegression() argument after * must be an iterable, not int')
Traceback (most recent call last):
  File "/usr/local/lib/python3.8/dist-packages/optuna/study/_optimize.py", line 196, in _run_trial
    value_or_values = func(trial)
  File "/tmp/ipykernel_7443/3357385256.py", line 14, in __call__
    model = PolynomialRegression(*args, **kwargs)
TypeError: PolynomialRegression() argument after * must be an iterable, not int
Trial 14 failed because of the following error: TypeError('PolynomialRegression() argument after * must be an iterable, not int')
Traceback (most recent call last):
  File "/usr/local/lib/python3.8/dist-packages/optuna/study/_optimize.py", line 196, in _run_trial
    value_or_values = func(trial)
  File "/tmp/ipykernel_7443/3357385256.py", line 14, in __call__
    model = PolynomialRegression(*args, **kwargs)
TypeError: PolynomialRegression() argument after * must be an iterable, not int
Trial 17 failed because of the following error: TypeError('PolynomialRegression() argument after * must be an iterable, not int')
Traceback (most recent call last):
  File "/usr/local/lib/python3.8/dist-packages/optuna/study/_optimize.py", line 196, in _run_trial
    value_or_values = func(trial)
  File "/tmp/ipykernel_7443/3357385256.py", line 14, in __call__
    model = PolynomialRegression(*args, **kwargs)
TypeError: PolynomialRegression() argument after * must be an iterable, not int
Trial 15 failed because of the following error: TypeError('PolynomialRegression() argument after * must be an iterable, not int')
Traceback (most recent call last):
  File "/usr/local/lib/python3.8/dist-packages/optuna/study/_optimize.py", line 196, in _run_trial
    value_or_values = func(trial)
  File "/tmp/ipykernel_7443/3357385256.py", line 14, in __call__
    model = PolynomialRegression(*args, **kwargs)
TypeError: PolynomialRegression() argument after * must be an iterable, not int
Trial 3 failed because of the following error: TypeError('PolynomialRegression() argument after * must be an iterable, not int')
Traceback (most recent call last):
  File "/usr/local/lib/python3.8/dist-packages/optuna/study/_optimize.py", line 196, in _run_trial
    value_or_values = func(trial)
  File "/tmp/ipykernel_7443/3357385256.py", line 14, in __call__
    model = PolynomialRegression(*args, **kwargs)
TypeError: PolynomialRegression() argument after * must be an iterable, not int
Trial 9 failed because of the following error: TypeError('PolynomialRegression() argument after * must be an iterable, not int')
Traceback (most recent call last):
  File "/usr/local/lib/python3.8/dist-packages/optuna/study/_optimize.py", line 196, in _run_trial
    value_or_values = func(trial)
  File "/tmp/ipykernel_7443/3357385256.py", line 14, in __call__
    model = PolynomialRegression(*args, **kwargs)
TypeError: PolynomialRegression() argument after * must be an iterable, not int
Trial 23 failed because of the following error: TypeError('PolynomialRegression() argument after * must be an iterable, not int')
Traceback (most recent call last):
  File "/usr/local/lib/python3.8/dist-packages/optuna/study/_optimize.py", line 196, in _run_trial
    value_or_values = func(trial)
  File "/tmp/ipykernel_7443/3357385256.py", line 14, in __call__
    model = PolynomialRegression(*args, **kwargs)
TypeError: PolynomialRegression() argument after * must be an iterable, not int
Trial 18 failed because of the following error: TypeError('PolynomialRegression() argument after * must be an iterable, not int')
Traceback (most recent call last):
  File "/usr/local/lib/python3.8/dist-packages/optuna/study/_optimize.py", line 196, in _run_trial
    value_or_values = func(trial)
  File "/tmp/ipykernel_7443/3357385256.py", line 14, in __call__
    model = PolynomialRegression(*args, **kwargs)
TypeError: PolynomialRegression() argument after * must be an iterable, not int
Trial 22 failed because of the following error: TypeError('PolynomialRegression() argument after * must be an iterable, not int')
Traceback (most recent call last):
  File "/usr/local/lib/python3.8/dist-packages/optuna/study/_optimize.py", line 196, in _run_trial
    value_or_values = func(trial)
  File "/tmp/ipykernel_7443/3357385256.py", line 14, in __call__
    model = PolynomialRegression(*args, **kwargs)
TypeError: PolynomialRegression() argument after * must be an iterable, not int
Trial 21 failed because of the following error: TypeError('PolynomialRegression() argument after * must be an iterable, not int')
Traceback (most recent call last):
  File "/usr/local/lib/python3.8/dist-packages/optuna/study/_optimize.py", line 196, in _run_trial
    value_or_values = func(trial)
  File "/tmp/ipykernel_7443/3357385256.py", line 14, in __call__
    model = PolynomialRegression(*args, **kwargs)
TypeError: PolynomialRegression() argument after * must be an iterable, not int
A new study created in RDB with name: Poly_Linear_9645
Trial 9 failed because of the following error: TypeError("__init__() got an unexpected keyword argument 'degree'")
Traceback (most recent call last):
  File "/usr/local/lib/python3.8/dist-packages/optuna/study/_optimize.py", line 196, in _run_trial
    value_or_values = func(trial)
  File "/tmp/ipykernel_7443/1910424133.py", line 18, in __call__
    model = PolynomialRegression(**params1, **params2)
  File "/tmp/ipykernel_7443/827320159.py", line 2, in PolynomialRegression
    return make_pipeline(preprocessing.PolynomialFeatures(*args), LinearRegression(**kwargs))
TypeError: __init__() got an unexpected keyword argument 'degree'
Trial 10 failed because of the following error: TypeError("__init__() got an unexpected keyword argument 'degree'")
Traceback (most recent call last):
  File "/usr/local/lib/python3.8/dist-packages/optuna/study/_optimize.py", line 196, in _run_trial
    value_or_values = func(trial)
  File "/tmp/ipykernel_7443/1910424133.py", line 18, in __call__
    model = PolynomialRegression(**params1, **params2)
  File "/tmp/ipykernel_7443/827320159.py", line 2, in PolynomialRegression
    return make_pipeline(preprocessing.PolynomialFeatures(*args), LinearRegression(**kwargs))
TypeError: __init__() got an unexpected keyword argument 'degree'
Trial 19 failed because of the following error: TypeError("__init__() got an unexpected keyword argument 'degree'")
Traceback (most recent call last):
  File "/usr/local/lib/python3.8/dist-packages/optuna/study/_optimize.py", line 196, in _run_trial
    value_or_values = func(trial)
  File "/tmp/ipykernel_7443/1910424133.py", line 18, in __call__
    model = PolynomialRegression(**params1, **params2)
  File "/tmp/ipykernel_7443/827320159.py", line 2, in PolynomialRegression
    return make_pipeline(preprocessing.PolynomialFeatures(*args), LinearRegression(**kwargs))
TypeError: __init__() got an unexpected keyword argument 'degree'
Trial 5 failed because of the following error: TypeError("__init__() got an unexpected keyword argument 'degree'")
Traceback (most recent call last):
  File "/usr/local/lib/python3.8/dist-packages/optuna/study/_optimize.py", line 196, in _run_trial
    value_or_values = func(trial)
  File "/tmp/ipykernel_7443/1910424133.py", line 18, in __call__
    model = PolynomialRegression(**params1, **params2)
  File "/tmp/ipykernel_7443/827320159.py", line 2, in PolynomialRegression
    return make_pipeline(preprocessing.PolynomialFeatures(*args), LinearRegression(**kwargs))
TypeError: __init__() got an unexpected keyword argument 'degree'
Trial 18 failed because of the following error: TypeError("__init__() got an unexpected keyword argument 'degree'")
Traceback (most recent call last):
  File "/usr/local/lib/python3.8/dist-packages/optuna/study/_optimize.py", line 196, in _run_trial
    value_or_values = func(trial)
  File "/tmp/ipykernel_7443/1910424133.py", line 18, in __call__
    model = PolynomialRegression(**params1, **params2)
  File "/tmp/ipykernel_7443/827320159.py", line 2, in PolynomialRegression
    return make_pipeline(preprocessing.PolynomialFeatures(*args), LinearRegression(**kwargs))
TypeError: __init__() got an unexpected keyword argument 'degree'
Trial 2 failed because of the following error: TypeError("__init__() got an unexpected keyword argument 'degree'")
Traceback (most recent call last):
  File "/usr/local/lib/python3.8/dist-packages/optuna/study/_optimize.py", line 196, in _run_trial
    value_or_values = func(trial)
  File "/tmp/ipykernel_7443/1910424133.py", line 18, in __call__
    model = PolynomialRegression(**params1, **params2)
  File "/tmp/ipykernel_7443/827320159.py", line 2, in PolynomialRegression
    return make_pipeline(preprocessing.PolynomialFeatures(*args), LinearRegression(**kwargs))
TypeError: __init__() got an unexpected keyword argument 'degree'
Trial 3 failed because of the following error: TypeError("__init__() got an unexpected keyword argument 'degree'")
Traceback (most recent call last):
  File "/usr/local/lib/python3.8/dist-packages/optuna/study/_optimize.py", line 196, in _run_trial
    value_or_values = func(trial)
  File "/tmp/ipykernel_7443/1910424133.py", line 18, in __call__
    model = PolynomialRegression(**params1, **params2)
  File "/tmp/ipykernel_7443/827320159.py", line 2, in PolynomialRegression
    return make_pipeline(preprocessing.PolynomialFeatures(*args), LinearRegression(**kwargs))
TypeError: __init__() got an unexpected keyword argument 'degree'
Trial 22 failed because of the following error: TypeError("__init__() got an unexpected keyword argument 'degree'")
Traceback (most recent call last):
  File "/usr/local/lib/python3.8/dist-packages/optuna/study/_optimize.py", line 196, in _run_trial
    value_or_values = func(trial)
  File "/tmp/ipykernel_7443/1910424133.py", line 18, in __call__
    model = PolynomialRegression(**params1, **params2)
  File "/tmp/ipykernel_7443/827320159.py", line 2, in PolynomialRegression
    return make_pipeline(preprocessing.PolynomialFeatures(*args), LinearRegression(**kwargs))
TypeError: __init__() got an unexpected keyword argument 'degree'
Trial 4 failed because of the following error: TypeError("__init__() got an unexpected keyword argument 'degree'")
Traceback (most recent call last):
  File "/usr/local/lib/python3.8/dist-packages/optuna/study/_optimize.py", line 196, in _run_trial
    value_or_values = func(trial)
  File "/tmp/ipykernel_7443/1910424133.py", line 18, in __call__
    model = PolynomialRegression(**params1, **params2)
  File "/tmp/ipykernel_7443/827320159.py", line 2, in PolynomialRegression
    return make_pipeline(preprocessing.PolynomialFeatures(*args), LinearRegression(**kwargs))
TypeError: __init__() got an unexpected keyword argument 'degree'
Trial 11 failed because of the following error: TypeError("__init__() got an unexpected keyword argument 'degree'")
Traceback (most recent call last):
  File "/usr/local/lib/python3.8/dist-packages/optuna/study/_optimize.py", line 196, in _run_trial
    value_or_values = func(trial)
  File "/tmp/ipykernel_7443/1910424133.py", line 18, in __call__
    model = PolynomialRegression(**params1, **params2)
  File "/tmp/ipykernel_7443/827320159.py", line 2, in PolynomialRegression
    return make_pipeline(preprocessing.PolynomialFeatures(*args), LinearRegression(**kwargs))
TypeError: __init__() got an unexpected keyword argument 'degree'
Trial 0 failed because of the following error: TypeError("__init__() got an unexpected keyword argument 'degree'")
Traceback (most recent call last):
  File "/usr/local/lib/python3.8/dist-packages/optuna/study/_optimize.py", line 196, in _run_trial
    value_or_values = func(trial)
  File "/tmp/ipykernel_7443/1910424133.py", line 18, in __call__
    model = PolynomialRegression(**params1, **params2)
  File "/tmp/ipykernel_7443/827320159.py", line 2, in PolynomialRegression
    return make_pipeline(preprocessing.PolynomialFeatures(*args), LinearRegression(**kwargs))
TypeError: __init__() got an unexpected keyword argument 'degree'
Trial 14 failed because of the following error: TypeError("__init__() got an unexpected keyword argument 'degree'")
Traceback (most recent call last):
  File "/usr/local/lib/python3.8/dist-packages/optuna/study/_optimize.py", line 196, in _run_trial
    value_or_values = func(trial)
  File "/tmp/ipykernel_7443/1910424133.py", line 18, in __call__
    model = PolynomialRegression(**params1, **params2)
  File "/tmp/ipykernel_7443/827320159.py", line 2, in PolynomialRegression
    return make_pipeline(preprocessing.PolynomialFeatures(*args), LinearRegression(**kwargs))
TypeError: __init__() got an unexpected keyword argument 'degree'
Trial 17 failed because of the following error: TypeError("__init__() got an unexpected keyword argument 'degree'")
Traceback (most recent call last):
  File "/usr/local/lib/python3.8/dist-packages/optuna/study/_optimize.py", line 196, in _run_trial
    value_or_values = func(trial)
  File "/tmp/ipykernel_7443/1910424133.py", line 18, in __call__
    model = PolynomialRegression(**params1, **params2)
  File "/tmp/ipykernel_7443/827320159.py", line 2, in PolynomialRegression
    return make_pipeline(preprocessing.PolynomialFeatures(*args), LinearRegression(**kwargs))
TypeError: __init__() got an unexpected keyword argument 'degree'
Trial 8 failed because of the following error: TypeError("__init__() got an unexpected keyword argument 'degree'")
Traceback (most recent call last):
  File "/usr/local/lib/python3.8/dist-packages/optuna/study/_optimize.py", line 196, in _run_trial
    value_or_values = func(trial)
  File "/tmp/ipykernel_7443/1910424133.py", line 18, in __call__
    model = PolynomialRegression(**params1, **params2)
  File "/tmp/ipykernel_7443/827320159.py", line 2, in PolynomialRegression
    return make_pipeline(preprocessing.PolynomialFeatures(*args), LinearRegression(**kwargs))
TypeError: __init__() got an unexpected keyword argument 'degree'
Trial 7 failed because of the following error: TypeError("__init__() got an unexpected keyword argument 'degree'")
Traceback (most recent call last):
  File "/usr/local/lib/python3.8/dist-packages/optuna/study/_optimize.py", line 196, in _run_trial
    value_or_values = func(trial)
  File "/tmp/ipykernel_7443/1910424133.py", line 18, in __call__
    model = PolynomialRegression(**params1, **params2)
  File "/tmp/ipykernel_7443/827320159.py", line 2, in PolynomialRegression
    return make_pipeline(preprocessing.PolynomialFeatures(*args), LinearRegression(**kwargs))
TypeError: __init__() got an unexpected keyword argument 'degree'
Trial 6 failed because of the following error: TypeError("__init__() got an unexpected keyword argument 'degree'")
Traceback (most recent call last):
  File "/usr/local/lib/python3.8/dist-packages/optuna/study/_optimize.py", line 196, in _run_trial
    value_or_values = func(trial)
  File "/tmp/ipykernel_7443/1910424133.py", line 18, in __call__
    model = PolynomialRegression(**params1, **params2)
  File "/tmp/ipykernel_7443/827320159.py", line 2, in PolynomialRegression
    return make_pipeline(preprocessing.PolynomialFeatures(*args), LinearRegression(**kwargs))
TypeError: __init__() got an unexpected keyword argument 'degree'
Trial 1 failed because of the following error: TypeError("__init__() got an unexpected keyword argument 'degree'")
Traceback (most recent call last):
  File "/usr/local/lib/python3.8/dist-packages/optuna/study/_optimize.py", line 196, in _run_trial
    value_or_values = func(trial)
  File "/tmp/ipykernel_7443/1910424133.py", line 18, in __call__
    model = PolynomialRegression(**params1, **params2)
  File "/tmp/ipykernel_7443/827320159.py", line 2, in PolynomialRegression
    return make_pipeline(preprocessing.PolynomialFeatures(*args), LinearRegression(**kwargs))
TypeError: __init__() got an unexpected keyword argument 'degree'
Trial 12 failed because of the following error: TypeError("__init__() got an unexpected keyword argument 'degree'")
Traceback (most recent call last):
  File "/usr/local/lib/python3.8/dist-packages/optuna/study/_optimize.py", line 196, in _run_trial
    value_or_values = func(trial)
  File "/tmp/ipykernel_7443/1910424133.py", line 18, in __call__
    model = PolynomialRegression(**params1, **params2)
  File "/tmp/ipykernel_7443/827320159.py", line 2, in PolynomialRegression
    return make_pipeline(preprocessing.PolynomialFeatures(*args), LinearRegression(**kwargs))
TypeError: __init__() got an unexpected keyword argument 'degree'
Trial 13 failed because of the following error: TypeError("__init__() got an unexpected keyword argument 'degree'")
Traceback (most recent call last):
  File "/usr/local/lib/python3.8/dist-packages/optuna/study/_optimize.py", line 196, in _run_trial
    value_or_values = func(trial)
  File "/tmp/ipykernel_7443/1910424133.py", line 18, in __call__
    model = PolynomialRegression(**params1, **params2)
  File "/tmp/ipykernel_7443/827320159.py", line 2, in PolynomialRegression
    return make_pipeline(preprocessing.PolynomialFeatures(*args), LinearRegression(**kwargs))
TypeError: __init__() got an unexpected keyword argument 'degree'
Trial 20 failed because of the following error: TypeError("__init__() got an unexpected keyword argument 'degree'")
Traceback (most recent call last):
  File "/usr/local/lib/python3.8/dist-packages/optuna/study/_optimize.py", line 196, in _run_trial
    value_or_values = func(trial)
  File "/tmp/ipykernel_7443/1910424133.py", line 18, in __call__
    model = PolynomialRegression(**params1, **params2)
  File "/tmp/ipykernel_7443/827320159.py", line 2, in PolynomialRegression
    return make_pipeline(preprocessing.PolynomialFeatures(*args), LinearRegression(**kwargs))
TypeError: __init__() got an unexpected keyword argument 'degree'
Trial 15 failed because of the following error: TypeError("__init__() got an unexpected keyword argument 'degree'")
Traceback (most recent call last):
  File "/usr/local/lib/python3.8/dist-packages/optuna/study/_optimize.py", line 196, in _run_trial
    value_or_values = func(trial)
  File "/tmp/ipykernel_7443/1910424133.py", line 18, in __call__
    model = PolynomialRegression(**params1, **params2)
  File "/tmp/ipykernel_7443/827320159.py", line 2, in PolynomialRegression
    return make_pipeline(preprocessing.PolynomialFeatures(*args), LinearRegression(**kwargs))
TypeError: __init__() got an unexpected keyword argument 'degree'
Trial 16 failed because of the following error: TypeError("__init__() got an unexpected keyword argument 'degree'")
Traceback (most recent call last):
  File "/usr/local/lib/python3.8/dist-packages/optuna/study/_optimize.py", line 196, in _run_trial
    value_or_values = func(trial)
  File "/tmp/ipykernel_7443/1910424133.py", line 18, in __call__
    model = PolynomialRegression(**params1, **params2)
  File "/tmp/ipykernel_7443/827320159.py", line 2, in PolynomialRegression
    return make_pipeline(preprocessing.PolynomialFeatures(*args), LinearRegression(**kwargs))
TypeError: __init__() got an unexpected keyword argument 'degree'
Trial 21 failed because of the following error: TypeError("__init__() got an unexpected keyword argument 'degree'")
Traceback (most recent call last):
  File "/usr/local/lib/python3.8/dist-packages/optuna/study/_optimize.py", line 196, in _run_trial
    value_or_values = func(trial)
  File "/tmp/ipykernel_7443/1910424133.py", line 18, in __call__
    model = PolynomialRegression(**params1, **params2)
  File "/tmp/ipykernel_7443/827320159.py", line 2, in PolynomialRegression
    return make_pipeline(preprocessing.PolynomialFeatures(*args), LinearRegression(**kwargs))
TypeError: __init__() got an unexpected keyword argument 'degree'
Trial 23 failed because of the following error: TypeError("__init__() got an unexpected keyword argument 'degree'")
Traceback (most recent call last):
  File "/usr/local/lib/python3.8/dist-packages/optuna/study/_optimize.py", line 196, in _run_trial
    value_or_values = func(trial)
  File "/tmp/ipykernel_7443/1910424133.py", line 18, in __call__
    model = PolynomialRegression(**params1, **params2)
  File "/tmp/ipykernel_7443/827320159.py", line 2, in PolynomialRegression
    return make_pipeline(preprocessing.PolynomialFeatures(*args), LinearRegression(**kwargs))
TypeError: __init__() got an unexpected keyword argument 'degree'
A new study created in RDB with name: Poly_Linear_91337
Trial 6 failed because of the following error: TypeError('PolynomialRegression() argument after * must be an iterable, not int')
Traceback (most recent call last):
  File "/usr/local/lib/python3.8/dist-packages/optuna/study/_optimize.py", line 196, in _run_trial
    value_or_values = func(trial)
  File "/tmp/ipykernel_7443/4290265912.py", line 13, in __call__
    model = PolynomialRegression(*args, **kwargs)
TypeError: PolynomialRegression() argument after * must be an iterable, not int
Trial 17 failed because of the following error: TypeError('PolynomialRegression() argument after * must be an iterable, not int')
Traceback (most recent call last):
  File "/usr/local/lib/python3.8/dist-packages/optuna/study/_optimize.py", line 196, in _run_trial
    value_or_values = func(trial)
  File "/tmp/ipykernel_7443/4290265912.py", line 13, in __call__
    model = PolynomialRegression(*args, **kwargs)
TypeError: PolynomialRegression() argument after * must be an iterable, not int
Trial 5 failed because of the following error: TypeError('PolynomialRegression() argument after * must be an iterable, not int')
Traceback (most recent call last):
  File "/usr/local/lib/python3.8/dist-packages/optuna/study/_optimize.py", line 196, in _run_trial
    value_or_values = func(trial)
  File "/tmp/ipykernel_7443/4290265912.py", line 13, in __call__
    model = PolynomialRegression(*args, **kwargs)
TypeError: PolynomialRegression() argument after * must be an iterable, not int
Trial 2 failed because of the following error: TypeError('PolynomialRegression() argument after * must be an iterable, not int')
Traceback (most recent call last):
  File "/usr/local/lib/python3.8/dist-packages/optuna/study/_optimize.py", line 196, in _run_trial
    value_or_values = func(trial)
  File "/tmp/ipykernel_7443/4290265912.py", line 13, in __call__
    model = PolynomialRegression(*args, **kwargs)
TypeError: PolynomialRegression() argument after * must be an iterable, not int
Trial 7 failed because of the following error: TypeError('PolynomialRegression() argument after * must be an iterable, not int')
Traceback (most recent call last):
  File "/usr/local/lib/python3.8/dist-packages/optuna/study/_optimize.py", line 196, in _run_trial
    value_or_values = func(trial)
  File "/tmp/ipykernel_7443/4290265912.py", line 13, in __call__
    model = PolynomialRegression(*args, **kwargs)
TypeError: PolynomialRegression() argument after * must be an iterable, not int
Trial 13 failed because of the following error: TypeError('PolynomialRegression() argument after * must be an iterable, not int')
Traceback (most recent call last):
  File "/usr/local/lib/python3.8/dist-packages/optuna/study/_optimize.py", line 196, in _run_trial
    value_or_values = func(trial)
  File "/tmp/ipykernel_7443/4290265912.py", line 13, in __call__
    model = PolynomialRegression(*args, **kwargs)
TypeError: PolynomialRegression() argument after * must be an iterable, not int
Trial 22 failed because of the following error: TypeError('PolynomialRegression() argument after * must be an iterable, not int')
Traceback (most recent call last):
  File "/usr/local/lib/python3.8/dist-packages/optuna/study/_optimize.py", line 196, in _run_trial
    value_or_values = func(trial)
  File "/tmp/ipykernel_7443/4290265912.py", line 13, in __call__
    model = PolynomialRegression(*args, **kwargs)
TypeError: PolynomialRegression() argument after * must be an iterable, not int
Trial 16 failed because of the following error: TypeError('PolynomialRegression() argument after * must be an iterable, not int')
Traceback (most recent call last):
  File "/usr/local/lib/python3.8/dist-packages/optuna/study/_optimize.py", line 196, in _run_trial
    value_or_values = func(trial)
  File "/tmp/ipykernel_7443/4290265912.py", line 13, in __call__
    model = PolynomialRegression(*args, **kwargs)
TypeError: PolynomialRegression() argument after * must be an iterable, not int
Trial 1 failed because of the following error: TypeError('PolynomialRegression() argument after * must be an iterable, not int')
Traceback (most recent call last):
  File "/usr/local/lib/python3.8/dist-packages/optuna/study/_optimize.py", line 196, in _run_trial
    value_or_values = func(trial)
  File "/tmp/ipykernel_7443/4290265912.py", line 13, in __call__
    model = PolynomialRegression(*args, **kwargs)
TypeError: PolynomialRegression() argument after * must be an iterable, not int
Trial 9 failed because of the following error: TypeError('PolynomialRegression() argument after * must be an iterable, not int')
Traceback (most recent call last):
  File "/usr/local/lib/python3.8/dist-packages/optuna/study/_optimize.py", line 196, in _run_trial
    value_or_values = func(trial)
  File "/tmp/ipykernel_7443/4290265912.py", line 13, in __call__
    model = PolynomialRegression(*args, **kwargs)
TypeError: PolynomialRegression() argument after * must be an iterable, not int
Trial 10 failed because of the following error: TypeError('PolynomialRegression() argument after * must be an iterable, not int')
Traceback (most recent call last):
  File "/usr/local/lib/python3.8/dist-packages/optuna/study/_optimize.py", line 196, in _run_trial
    value_or_values = func(trial)
  File "/tmp/ipykernel_7443/4290265912.py", line 13, in __call__
    model = PolynomialRegression(*args, **kwargs)
TypeError: PolynomialRegression() argument after * must be an iterable, not int
Trial 11 failed because of the following error: TypeError('PolynomialRegression() argument after * must be an iterable, not int')
Traceback (most recent call last):
  File "/usr/local/lib/python3.8/dist-packages/optuna/study/_optimize.py", line 196, in _run_trial
    value_or_values = func(trial)
  File "/tmp/ipykernel_7443/4290265912.py", line 13, in __call__
    model = PolynomialRegression(*args, **kwargs)
TypeError: PolynomialRegression() argument after * must be an iterable, not int
Trial 0 failed because of the following error: TypeError('PolynomialRegression() argument after * must be an iterable, not int')
Traceback (most recent call last):
  File "/usr/local/lib/python3.8/dist-packages/optuna/study/_optimize.py", line 196, in _run_trial
    value_or_values = func(trial)
  File "/tmp/ipykernel_7443/4290265912.py", line 13, in __call__
    model = PolynomialRegression(*args, **kwargs)
TypeError: PolynomialRegression() argument after * must be an iterable, not int
Trial 20 failed because of the following error: TypeError('PolynomialRegression() argument after * must be an iterable, not int')
Traceback (most recent call last):
  File "/usr/local/lib/python3.8/dist-packages/optuna/study/_optimize.py", line 196, in _run_trial
    value_or_values = func(trial)
  File "/tmp/ipykernel_7443/4290265912.py", line 13, in __call__
    model = PolynomialRegression(*args, **kwargs)
TypeError: PolynomialRegression() argument after * must be an iterable, not int
Trial 8 failed because of the following error: TypeError('PolynomialRegression() argument after * must be an iterable, not int')
Traceback (most recent call last):
  File "/usr/local/lib/python3.8/dist-packages/optuna/study/_optimize.py", line 196, in _run_trial
    value_or_values = func(trial)
  File "/tmp/ipykernel_7443/4290265912.py", line 13, in __call__
    model = PolynomialRegression(*args, **kwargs)
TypeError: PolynomialRegression() argument after * must be an iterable, not int
Trial 3 failed because of the following error: TypeError('PolynomialRegression() argument after * must be an iterable, not int')
Traceback (most recent call last):
  File "/usr/local/lib/python3.8/dist-packages/optuna/study/_optimize.py", line 196, in _run_trial
    value_or_values = func(trial)
  File "/tmp/ipykernel_7443/4290265912.py", line 13, in __call__
    model = PolynomialRegression(*args, **kwargs)
TypeError: PolynomialRegression() argument after * must be an iterable, not int
Trial 19 failed because of the following error: TypeError('PolynomialRegression() argument after * must be an iterable, not int')
Traceback (most recent call last):
  File "/usr/local/lib/python3.8/dist-packages/optuna/study/_optimize.py", line 196, in _run_trial
    value_or_values = func(trial)
  File "/tmp/ipykernel_7443/4290265912.py", line 13, in __call__
    model = PolynomialRegression(*args, **kwargs)
TypeError: PolynomialRegression() argument after * must be an iterable, not int
Trial 15 failed because of the following error: TypeError('PolynomialRegression() argument after * must be an iterable, not int')
Traceback (most recent call last):
  File "/usr/local/lib/python3.8/dist-packages/optuna/study/_optimize.py", line 196, in _run_trial
    value_or_values = func(trial)
  File "/tmp/ipykernel_7443/4290265912.py", line 13, in __call__
    model = PolynomialRegression(*args, **kwargs)
TypeError: PolynomialRegression() argument after * must be an iterable, not int
Trial 21 failed because of the following error: TypeError('PolynomialRegression() argument after * must be an iterable, not int')
Traceback (most recent call last):
  File "/usr/local/lib/python3.8/dist-packages/optuna/study/_optimize.py", line 196, in _run_trial
    value_or_values = func(trial)
  File "/tmp/ipykernel_7443/4290265912.py", line 13, in __call__
    model = PolynomialRegression(*args, **kwargs)
TypeError: PolynomialRegression() argument after * must be an iterable, not int
Trial 18 failed because of the following error: TypeError('PolynomialRegression() argument after * must be an iterable, not int')
Traceback (most recent call last):
  File "/usr/local/lib/python3.8/dist-packages/optuna/study/_optimize.py", line 196, in _run_trial
    value_or_values = func(trial)
  File "/tmp/ipykernel_7443/4290265912.py", line 13, in __call__
    model = PolynomialRegression(*args, **kwargs)
TypeError: PolynomialRegression() argument after * must be an iterable, not int
Trial 4 failed because of the following error: TypeError('PolynomialRegression() argument after * must be an iterable, not int')
Traceback (most recent call last):
  File "/usr/local/lib/python3.8/dist-packages/optuna/study/_optimize.py", line 196, in _run_trial
    value_or_values = func(trial)
  File "/tmp/ipykernel_7443/4290265912.py", line 13, in __call__
    model = PolynomialRegression(*args, **kwargs)
TypeError: PolynomialRegression() argument after * must be an iterable, not int
Trial 14 failed because of the following error: TypeError('PolynomialRegression() argument after * must be an iterable, not int')
Traceback (most recent call last):
  File "/usr/local/lib/python3.8/dist-packages/optuna/study/_optimize.py", line 196, in _run_trial
    value_or_values = func(trial)
  File "/tmp/ipykernel_7443/4290265912.py", line 13, in __call__
    model = PolynomialRegression(*args, **kwargs)
TypeError: PolynomialRegression() argument after * must be an iterable, not int
Trial 12 failed because of the following error: TypeError('PolynomialRegression() argument after * must be an iterable, not int')
Traceback (most recent call last):
  File "/usr/local/lib/python3.8/dist-packages/optuna/study/_optimize.py", line 196, in _run_trial
    value_or_values = func(trial)
  File "/tmp/ipykernel_7443/4290265912.py", line 13, in __call__
    model = PolynomialRegression(*args, **kwargs)
TypeError: PolynomialRegression() argument after * must be an iterable, not int
Trial 23 failed because of the following error: TypeError('PolynomialRegression() argument after * must be an iterable, not int')
Traceback (most recent call last):
  File "/usr/local/lib/python3.8/dist-packages/optuna/study/_optimize.py", line 196, in _run_trial
    value_or_values = func(trial)
  File "/tmp/ipykernel_7443/4290265912.py", line 13, in __call__
    model = PolynomialRegression(*args, **kwargs)
TypeError: PolynomialRegression() argument after * must be an iterable, not int
A new study created in RDB with name: Poly_Linear_91435
Trial 14 failed because of the following error: TypeError('PolynomialRegression() argument after * must be an iterable, not int')
Traceback (most recent call last):
  File "/usr/local/lib/python3.8/dist-packages/optuna/study/_optimize.py", line 196, in _run_trial
    value_or_values = func(trial)
  File "/tmp/ipykernel_7443/4170630255.py", line 14, in __call__
    model = PolynomialRegression(*args, **kwargs)
TypeError: PolynomialRegression() argument after * must be an iterable, not int
Trial 7 failed because of the following error: TypeError('PolynomialRegression() argument after * must be an iterable, not int')
Traceback (most recent call last):
  File "/usr/local/lib/python3.8/dist-packages/optuna/study/_optimize.py", line 196, in _run_trial
    value_or_values = func(trial)
  File "/tmp/ipykernel_7443/4170630255.py", line 14, in __call__
    model = PolynomialRegression(*args, **kwargs)
TypeError: PolynomialRegression() argument after * must be an iterable, not int
Trial 3 failed because of the following error: TypeError('PolynomialRegression() argument after * must be an iterable, not int')
Traceback (most recent call last):
  File "/usr/local/lib/python3.8/dist-packages/optuna/study/_optimize.py", line 196, in _run_trial
    value_or_values = func(trial)
  File "/tmp/ipykernel_7443/4170630255.py", line 14, in __call__
    model = PolynomialRegression(*args, **kwargs)
TypeError: PolynomialRegression() argument after * must be an iterable, not int
Trial 0 failed because of the following error: TypeError('PolynomialRegression() argument after * must be an iterable, not int')
Traceback (most recent call last):
  File "/usr/local/lib/python3.8/dist-packages/optuna/study/_optimize.py", line 196, in _run_trial
    value_or_values = func(trial)
  File "/tmp/ipykernel_7443/4170630255.py", line 14, in __call__
    model = PolynomialRegression(*args, **kwargs)
TypeError: PolynomialRegression() argument after * must be an iterable, not int
Trial 1 failed because of the following error: TypeError('PolynomialRegression() argument after * must be an iterable, not int')
Traceback (most recent call last):
  File "/usr/local/lib/python3.8/dist-packages/optuna/study/_optimize.py", line 196, in _run_trial
    value_or_values = func(trial)
  File "/tmp/ipykernel_7443/4170630255.py", line 14, in __call__
    model = PolynomialRegression(*args, **kwargs)
TypeError: PolynomialRegression() argument after * must be an iterable, not int
Trial 4 failed because of the following error: TypeError('PolynomialRegression() argument after * must be an iterable, not int')
Traceback (most recent call last):
  File "/usr/local/lib/python3.8/dist-packages/optuna/study/_optimize.py", line 196, in _run_trial
    value_or_values = func(trial)
  File "/tmp/ipykernel_7443/4170630255.py", line 14, in __call__
    model = PolynomialRegression(*args, **kwargs)
TypeError: PolynomialRegression() argument after * must be an iterable, not int
Trial 16 failed because of the following error: TypeError('PolynomialRegression() argument after * must be an iterable, not int')
Traceback (most recent call last):
  File "/usr/local/lib/python3.8/dist-packages/optuna/study/_optimize.py", line 196, in _run_trial
    value_or_values = func(trial)
  File "/tmp/ipykernel_7443/4170630255.py", line 14, in __call__
    model = PolynomialRegression(*args, **kwargs)
TypeError: PolynomialRegression() argument after * must be an iterable, not int
Trial 11 failed because of the following error: TypeError('PolynomialRegression() argument after * must be an iterable, not int')
Traceback (most recent call last):
  File "/usr/local/lib/python3.8/dist-packages/optuna/study/_optimize.py", line 196, in _run_trial
    value_or_values = func(trial)
  File "/tmp/ipykernel_7443/4170630255.py", line 14, in __call__
    model = PolynomialRegression(*args, **kwargs)
TypeError: PolynomialRegression() argument after * must be an iterable, not int
Trial 13 failed because of the following error: TypeError('PolynomialRegression() argument after * must be an iterable, not int')
Traceback (most recent call last):
  File "/usr/local/lib/python3.8/dist-packages/optuna/study/_optimize.py", line 196, in _run_trial
    value_or_values = func(trial)
  File "/tmp/ipykernel_7443/4170630255.py", line 14, in __call__
    model = PolynomialRegression(*args, **kwargs)
TypeError: PolynomialRegression() argument after * must be an iterable, not int
Trial 6 failed because of the following error: TypeError('PolynomialRegression() argument after * must be an iterable, not int')
Traceback (most recent call last):
  File "/usr/local/lib/python3.8/dist-packages/optuna/study/_optimize.py", line 196, in _run_trial
    value_or_values = func(trial)
  File "/tmp/ipykernel_7443/4170630255.py", line 14, in __call__
    model = PolynomialRegression(*args, **kwargs)
TypeError: PolynomialRegression() argument after * must be an iterable, not int
Trial 8 failed because of the following error: TypeError('PolynomialRegression() argument after * must be an iterable, not int')
Traceback (most recent call last):
  File "/usr/local/lib/python3.8/dist-packages/optuna/study/_optimize.py", line 196, in _run_trial
    value_or_values = func(trial)
  File "/tmp/ipykernel_7443/4170630255.py", line 14, in __call__
    model = PolynomialRegression(*args, **kwargs)
TypeError: PolynomialRegression() argument after * must be an iterable, not int
Trial 20 failed because of the following error: TypeError('PolynomialRegression() argument after * must be an iterable, not int')
Traceback (most recent call last):
  File "/usr/local/lib/python3.8/dist-packages/optuna/study/_optimize.py", line 196, in _run_trial
    value_or_values = func(trial)
  File "/tmp/ipykernel_7443/4170630255.py", line 14, in __call__
    model = PolynomialRegression(*args, **kwargs)
TypeError: PolynomialRegression() argument after * must be an iterable, not int
Trial 5 failed because of the following error: TypeError('PolynomialRegression() argument after * must be an iterable, not int')
Traceback (most recent call last):
  File "/usr/local/lib/python3.8/dist-packages/optuna/study/_optimize.py", line 196, in _run_trial
    value_or_values = func(trial)
  File "/tmp/ipykernel_7443/4170630255.py", line 14, in __call__
    model = PolynomialRegression(*args, **kwargs)
TypeError: PolynomialRegression() argument after * must be an iterable, not int
Trial 10 failed because of the following error: TypeError('PolynomialRegression() argument after * must be an iterable, not int')
Traceback (most recent call last):
  File "/usr/local/lib/python3.8/dist-packages/optuna/study/_optimize.py", line 196, in _run_trial
    value_or_values = func(trial)
  File "/tmp/ipykernel_7443/4170630255.py", line 14, in __call__
    model = PolynomialRegression(*args, **kwargs)
TypeError: PolynomialRegression() argument after * must be an iterable, not int
Trial 23 failed because of the following error: TypeError('PolynomialRegression() argument after * must be an iterable, not int')
Traceback (most recent call last):
  File "/usr/local/lib/python3.8/dist-packages/optuna/study/_optimize.py", line 196, in _run_trial
    value_or_values = func(trial)
  File "/tmp/ipykernel_7443/4170630255.py", line 14, in __call__
    model = PolynomialRegression(*args, **kwargs)
TypeError: PolynomialRegression() argument after * must be an iterable, not int
Trial 9 failed because of the following error: TypeError('PolynomialRegression() argument after * must be an iterable, not int')
Traceback (most recent call last):
  File "/usr/local/lib/python3.8/dist-packages/optuna/study/_optimize.py", line 196, in _run_trial
    value_or_values = func(trial)
  File "/tmp/ipykernel_7443/4170630255.py", line 14, in __call__
    model = PolynomialRegression(*args, **kwargs)
TypeError: PolynomialRegression() argument after * must be an iterable, not int
Trial 21 failed because of the following error: TypeError('PolynomialRegression() argument after * must be an iterable, not int')
Traceback (most recent call last):
  File "/usr/local/lib/python3.8/dist-packages/optuna/study/_optimize.py", line 196, in _run_trial
    value_or_values = func(trial)
  File "/tmp/ipykernel_7443/4170630255.py", line 14, in __call__
    model = PolynomialRegression(*args, **kwargs)
TypeError: PolynomialRegression() argument after * must be an iterable, not int
Trial 22 failed because of the following error: TypeError('PolynomialRegression() argument after * must be an iterable, not int')
Traceback (most recent call last):
  File "/usr/local/lib/python3.8/dist-packages/optuna/study/_optimize.py", line 196, in _run_trial
    value_or_values = func(trial)
  File "/tmp/ipykernel_7443/4170630255.py", line 14, in __call__
    model = PolynomialRegression(*args, **kwargs)
TypeError: PolynomialRegression() argument after * must be an iterable, not int
Trial 2 failed because of the following error: TypeError('PolynomialRegression() argument after * must be an iterable, not int')
Traceback (most recent call last):
  File "/usr/local/lib/python3.8/dist-packages/optuna/study/_optimize.py", line 196, in _run_trial
    value_or_values = func(trial)
  File "/tmp/ipykernel_7443/4170630255.py", line 14, in __call__
    model = PolynomialRegression(*args, **kwargs)
TypeError: PolynomialRegression() argument after * must be an iterable, not int
Trial 19 failed because of the following error: TypeError('PolynomialRegression() argument after * must be an iterable, not int')
Traceback (most recent call last):
  File "/usr/local/lib/python3.8/dist-packages/optuna/study/_optimize.py", line 196, in _run_trial
    value_or_values = func(trial)
  File "/tmp/ipykernel_7443/4170630255.py", line 14, in __call__
    model = PolynomialRegression(*args, **kwargs)
TypeError: PolynomialRegression() argument after * must be an iterable, not int
Trial 12 failed because of the following error: TypeError('PolynomialRegression() argument after * must be an iterable, not int')
Traceback (most recent call last):
  File "/usr/local/lib/python3.8/dist-packages/optuna/study/_optimize.py", line 196, in _run_trial
    value_or_values = func(trial)
  File "/tmp/ipykernel_7443/4170630255.py", line 14, in __call__
    model = PolynomialRegression(*args, **kwargs)
TypeError: PolynomialRegression() argument after * must be an iterable, not int
Trial 18 failed because of the following error: TypeError('PolynomialRegression() argument after * must be an iterable, not int')
Traceback (most recent call last):
  File "/usr/local/lib/python3.8/dist-packages/optuna/study/_optimize.py", line 196, in _run_trial
    value_or_values = func(trial)
  File "/tmp/ipykernel_7443/4170630255.py", line 14, in __call__
    model = PolynomialRegression(*args, **kwargs)
TypeError: PolynomialRegression() argument after * must be an iterable, not int
Trial 17 failed because of the following error: TypeError('PolynomialRegression() argument after * must be an iterable, not int')
Traceback (most recent call last):
  File "/usr/local/lib/python3.8/dist-packages/optuna/study/_optimize.py", line 196, in _run_trial
    value_or_values = func(trial)
  File "/tmp/ipykernel_7443/4170630255.py", line 14, in __call__
    model = PolynomialRegression(*args, **kwargs)
TypeError: PolynomialRegression() argument after * must be an iterable, not int
Trial 15 failed because of the following error: TypeError('PolynomialRegression() argument after * must be an iterable, not int')
Traceback (most recent call last):
  File "/usr/local/lib/python3.8/dist-packages/optuna/study/_optimize.py", line 196, in _run_trial
    value_or_values = func(trial)
  File "/tmp/ipykernel_7443/4170630255.py", line 14, in __call__
    model = PolynomialRegression(*args, **kwargs)
TypeError: PolynomialRegression() argument after * must be an iterable, not int
A new study created in RDB with name: Poly_Linear_91710
Trial 2 failed because of the following error: ValueError('\nAll the 10 fits failed.\nIt is very likely that your model is misconfigured.\nYou can try to debug the error by setting error_score=\'raise\'.\n\nBelow are more details about the failures:\n--------------------------------------------------------------------------------\n10 fits failed with the following error:\nTraceback (most recent call last):\n  File "/usr/local/lib/python3.8/dist-packages/sklearn/model_selection/_validation.py", line 686, in _fit_and_score\n    estimator.fit(X_train, y_train, **fit_params)\n  File "/usr/local/lib/python3.8/dist-packages/sklearn/pipeline.py", line 378, in fit\n    Xt = self._fit(X, y, **fit_params_steps)\n  File "/usr/local/lib/python3.8/dist-packages/sklearn/pipeline.py", line 336, in _fit\n    X, fitted_transformer = fit_transform_one_cached(\n  File "/usr/local/lib/python3.8/dist-packages/joblib/memory.py", line 349, in __call__\n    return self.func(*args, **kwargs)\n  File "/usr/local/lib/python3.8/dist-packages/sklearn/pipeline.py", line 870, in _fit_transform_one\n    res = transformer.fit_transform(X, y, **fit_params)\n  File "/usr/local/lib/python3.8/dist-packages/sklearn/base.py", line 870, in fit_transform\n    return self.fit(X, y, **fit_params).transform(X)\n  File "/usr/local/lib/python3.8/dist-packages/sklearn/preprocessing/_polynomial.py", line 432, in transform\n    XP = np.empty(\nValueError: array is too big; `arr.size * arr.dtype.itemsize` is larger than the maximum possible size.\n')
Traceback (most recent call last):
  File "/usr/local/lib/python3.8/dist-packages/optuna/study/_optimize.py", line 196, in _run_trial
    value_or_values = func(trial)
  File "/tmp/ipykernel_7443/2264325072.py", line 23, in __call__
    scores = cross_validate(estimator=model, scoring=metrics,
  File "/usr/local/lib/python3.8/dist-packages/sklearn/model_selection/_validation.py", line 285, in cross_validate
    _warn_or_raise_about_fit_failures(results, error_score)
  File "/usr/local/lib/python3.8/dist-packages/sklearn/model_selection/_validation.py", line 367, in _warn_or_raise_about_fit_failures
    raise ValueError(all_fits_failed_message)
ValueError: 
All the 10 fits failed.
It is very likely that your model is misconfigured.
You can try to debug the error by setting error_score='raise'.

Below are more details about the failures:
--------------------------------------------------------------------------------
10 fits failed with the following error:
Traceback (most recent call last):
  File "/usr/local/lib/python3.8/dist-packages/sklearn/model_selection/_validation.py", line 686, in _fit_and_score
    estimator.fit(X_train, y_train, **fit_params)
  File "/usr/local/lib/python3.8/dist-packages/sklearn/pipeline.py", line 378, in fit
    Xt = self._fit(X, y, **fit_params_steps)
  File "/usr/local/lib/python3.8/dist-packages/sklearn/pipeline.py", line 336, in _fit
    X, fitted_transformer = fit_transform_one_cached(
  File "/usr/local/lib/python3.8/dist-packages/joblib/memory.py", line 349, in __call__
    return self.func(*args, **kwargs)
  File "/usr/local/lib/python3.8/dist-packages/sklearn/pipeline.py", line 870, in _fit_transform_one
    res = transformer.fit_transform(X, y, **fit_params)
  File "/usr/local/lib/python3.8/dist-packages/sklearn/base.py", line 870, in fit_transform
    return self.fit(X, y, **fit_params).transform(X)
  File "/usr/local/lib/python3.8/dist-packages/sklearn/preprocessing/_polynomial.py", line 432, in transform
    XP = np.empty(
ValueError: array is too big; `arr.size * arr.dtype.itemsize` is larger than the maximum possible size.

Trial 1 failed because of the following error: ValueError('\nAll the 10 fits failed.\nIt is very likely that your model is misconfigured.\nYou can try to debug the error by setting error_score=\'raise\'.\n\nBelow are more details about the failures:\n--------------------------------------------------------------------------------\n5 fits failed with the following error:\nTraceback (most recent call last):\n  File "/usr/local/lib/python3.8/dist-packages/sklearn/model_selection/_validation.py", line 686, in _fit_and_score\n    estimator.fit(X_train, y_train, **fit_params)\n  File "/usr/local/lib/python3.8/dist-packages/sklearn/pipeline.py", line 378, in fit\n    Xt = self._fit(X, y, **fit_params_steps)\n  File "/usr/local/lib/python3.8/dist-packages/sklearn/pipeline.py", line 336, in _fit\n    X, fitted_transformer = fit_transform_one_cached(\n  File "/usr/local/lib/python3.8/dist-packages/joblib/memory.py", line 349, in __call__\n    return self.func(*args, **kwargs)\n  File "/usr/local/lib/python3.8/dist-packages/sklearn/pipeline.py", line 870, in _fit_transform_one\n    res = transformer.fit_transform(X, y, **fit_params)\n  File "/usr/local/lib/python3.8/dist-packages/sklearn/base.py", line 870, in fit_transform\n    return self.fit(X, y, **fit_params).transform(X)\n  File "/usr/local/lib/python3.8/dist-packages/sklearn/preprocessing/_polynomial.py", line 432, in transform\n    XP = np.empty(\nnumpy.core._exceptions._ArrayMemoryError: Unable to allocate 376. TiB for an array with shape (211, 244662670200) and data type float64\n\n--------------------------------------------------------------------------------\n5 fits failed with the following error:\nTraceback (most recent call last):\n  File "/usr/local/lib/python3.8/dist-packages/sklearn/model_selection/_validation.py", line 686, in _fit_and_score\n    estimator.fit(X_train, y_train, **fit_params)\n  File "/usr/local/lib/python3.8/dist-packages/sklearn/pipeline.py", line 378, in fit\n    Xt = self._fit(X, y, **fit_params_steps)\n  File "/usr/local/lib/python3.8/dist-packages/sklearn/pipeline.py", line 336, in _fit\n    X, fitted_transformer = fit_transform_one_cached(\n  File "/usr/local/lib/python3.8/dist-packages/joblib/memory.py", line 349, in __call__\n    return self.func(*args, **kwargs)\n  File "/usr/local/lib/python3.8/dist-packages/sklearn/pipeline.py", line 870, in _fit_transform_one\n    res = transformer.fit_transform(X, y, **fit_params)\n  File "/usr/local/lib/python3.8/dist-packages/sklearn/base.py", line 870, in fit_transform\n    return self.fit(X, y, **fit_params).transform(X)\n  File "/usr/local/lib/python3.8/dist-packages/sklearn/preprocessing/_polynomial.py", line 432, in transform\n    XP = np.empty(\nnumpy.core._exceptions._ArrayMemoryError: Unable to allocate 377. TiB for an array with shape (212, 244662670200) and data type float64\n')
Traceback (most recent call last):
  File "/usr/local/lib/python3.8/dist-packages/optuna/study/_optimize.py", line 196, in _run_trial
    value_or_values = func(trial)
  File "/tmp/ipykernel_7443/2264325072.py", line 23, in __call__
    scores = cross_validate(estimator=model, scoring=metrics,
  File "/usr/local/lib/python3.8/dist-packages/sklearn/model_selection/_validation.py", line 285, in cross_validate
    _warn_or_raise_about_fit_failures(results, error_score)
  File "/usr/local/lib/python3.8/dist-packages/sklearn/model_selection/_validation.py", line 367, in _warn_or_raise_about_fit_failures
    raise ValueError(all_fits_failed_message)
ValueError: 
All the 10 fits failed.
It is very likely that your model is misconfigured.
You can try to debug the error by setting error_score='raise'.

Below are more details about the failures:
--------------------------------------------------------------------------------
5 fits failed with the following error:
Traceback (most recent call last):
  File "/usr/local/lib/python3.8/dist-packages/sklearn/model_selection/_validation.py", line 686, in _fit_and_score
    estimator.fit(X_train, y_train, **fit_params)
  File "/usr/local/lib/python3.8/dist-packages/sklearn/pipeline.py", line 378, in fit
    Xt = self._fit(X, y, **fit_params_steps)
  File "/usr/local/lib/python3.8/dist-packages/sklearn/pipeline.py", line 336, in _fit
    X, fitted_transformer = fit_transform_one_cached(
  File "/usr/local/lib/python3.8/dist-packages/joblib/memory.py", line 349, in __call__
    return self.func(*args, **kwargs)
  File "/usr/local/lib/python3.8/dist-packages/sklearn/pipeline.py", line 870, in _fit_transform_one
    res = transformer.fit_transform(X, y, **fit_params)
  File "/usr/local/lib/python3.8/dist-packages/sklearn/base.py", line 870, in fit_transform
    return self.fit(X, y, **fit_params).transform(X)
  File "/usr/local/lib/python3.8/dist-packages/sklearn/preprocessing/_polynomial.py", line 432, in transform
    XP = np.empty(
numpy.core._exceptions._ArrayMemoryError: Unable to allocate 376. TiB for an array with shape (211, 244662670200) and data type float64

--------------------------------------------------------------------------------
5 fits failed with the following error:
Traceback (most recent call last):
  File "/usr/local/lib/python3.8/dist-packages/sklearn/model_selection/_validation.py", line 686, in _fit_and_score
    estimator.fit(X_train, y_train, **fit_params)
  File "/usr/local/lib/python3.8/dist-packages/sklearn/pipeline.py", line 378, in fit
    Xt = self._fit(X, y, **fit_params_steps)
  File "/usr/local/lib/python3.8/dist-packages/sklearn/pipeline.py", line 336, in _fit
    X, fitted_transformer = fit_transform_one_cached(
  File "/usr/local/lib/python3.8/dist-packages/joblib/memory.py", line 349, in __call__
    return self.func(*args, **kwargs)
  File "/usr/local/lib/python3.8/dist-packages/sklearn/pipeline.py", line 870, in _fit_transform_one
    res = transformer.fit_transform(X, y, **fit_params)
  File "/usr/local/lib/python3.8/dist-packages/sklearn/base.py", line 870, in fit_transform
    return self.fit(X, y, **fit_params).transform(X)
  File "/usr/local/lib/python3.8/dist-packages/sklearn/preprocessing/_polynomial.py", line 432, in transform
    XP = np.empty(
numpy.core._exceptions._ArrayMemoryError: Unable to allocate 377. TiB for an array with shape (212, 244662670200) and data type float64

Trial 12 failed because of the following error: ValueError('\nAll the 10 fits failed.\nIt is very likely that your model is misconfigured.\nYou can try to debug the error by setting error_score=\'raise\'.\n\nBelow are more details about the failures:\n--------------------------------------------------------------------------------\n5 fits failed with the following error:\nTraceback (most recent call last):\n  File "/usr/local/lib/python3.8/dist-packages/sklearn/model_selection/_validation.py", line 686, in _fit_and_score\n    estimator.fit(X_train, y_train, **fit_params)\n  File "/usr/local/lib/python3.8/dist-packages/sklearn/pipeline.py", line 378, in fit\n    Xt = self._fit(X, y, **fit_params_steps)\n  File "/usr/local/lib/python3.8/dist-packages/sklearn/pipeline.py", line 336, in _fit\n    X, fitted_transformer = fit_transform_one_cached(\n  File "/usr/local/lib/python3.8/dist-packages/joblib/memory.py", line 349, in __call__\n    return self.func(*args, **kwargs)\n  File "/usr/local/lib/python3.8/dist-packages/sklearn/pipeline.py", line 870, in _fit_transform_one\n    res = transformer.fit_transform(X, y, **fit_params)\n  File "/usr/local/lib/python3.8/dist-packages/sklearn/base.py", line 870, in fit_transform\n    return self.fit(X, y, **fit_params).transform(X)\n  File "/usr/local/lib/python3.8/dist-packages/sklearn/preprocessing/_polynomial.py", line 432, in transform\n    XP = np.empty(\nnumpy.core._exceptions._ArrayMemoryError: Unable to allocate 2.27 TiB for an array with shape (211, 1476337800) and data type float64\n\n--------------------------------------------------------------------------------\n5 fits failed with the following error:\nTraceback (most recent call last):\n  File "/usr/local/lib/python3.8/dist-packages/sklearn/model_selection/_validation.py", line 686, in _fit_and_score\n    estimator.fit(X_train, y_train, **fit_params)\n  File "/usr/local/lib/python3.8/dist-packages/sklearn/pipeline.py", line 378, in fit\n    Xt = self._fit(X, y, **fit_params_steps)\n  File "/usr/local/lib/python3.8/dist-packages/sklearn/pipeline.py", line 336, in _fit\n    X, fitted_transformer = fit_transform_one_cached(\n  File "/usr/local/lib/python3.8/dist-packages/joblib/memory.py", line 349, in __call__\n    return self.func(*args, **kwargs)\n  File "/usr/local/lib/python3.8/dist-packages/sklearn/pipeline.py", line 870, in _fit_transform_one\n    res = transformer.fit_transform(X, y, **fit_params)\n  File "/usr/local/lib/python3.8/dist-packages/sklearn/base.py", line 870, in fit_transform\n    return self.fit(X, y, **fit_params).transform(X)\n  File "/usr/local/lib/python3.8/dist-packages/sklearn/preprocessing/_polynomial.py", line 432, in transform\n    XP = np.empty(\nnumpy.core._exceptions._ArrayMemoryError: Unable to allocate 2.28 TiB for an array with shape (212, 1476337800) and data type float64\n')
Traceback (most recent call last):
  File "/usr/local/lib/python3.8/dist-packages/optuna/study/_optimize.py", line 196, in _run_trial
    value_or_values = func(trial)
  File "/tmp/ipykernel_7443/2264325072.py", line 23, in __call__
    scores = cross_validate(estimator=model, scoring=metrics,
  File "/usr/local/lib/python3.8/dist-packages/sklearn/model_selection/_validation.py", line 285, in cross_validate
    _warn_or_raise_about_fit_failures(results, error_score)
  File "/usr/local/lib/python3.8/dist-packages/sklearn/model_selection/_validation.py", line 367, in _warn_or_raise_about_fit_failures
    raise ValueError(all_fits_failed_message)
ValueError: 
All the 10 fits failed.
It is very likely that your model is misconfigured.
You can try to debug the error by setting error_score='raise'.

Below are more details about the failures:
--------------------------------------------------------------------------------
5 fits failed with the following error:
Traceback (most recent call last):
  File "/usr/local/lib/python3.8/dist-packages/sklearn/model_selection/_validation.py", line 686, in _fit_and_score
    estimator.fit(X_train, y_train, **fit_params)
  File "/usr/local/lib/python3.8/dist-packages/sklearn/pipeline.py", line 378, in fit
    Xt = self._fit(X, y, **fit_params_steps)
  File "/usr/local/lib/python3.8/dist-packages/sklearn/pipeline.py", line 336, in _fit
    X, fitted_transformer = fit_transform_one_cached(
  File "/usr/local/lib/python3.8/dist-packages/joblib/memory.py", line 349, in __call__
    return self.func(*args, **kwargs)
  File "/usr/local/lib/python3.8/dist-packages/sklearn/pipeline.py", line 870, in _fit_transform_one
    res = transformer.fit_transform(X, y, **fit_params)
  File "/usr/local/lib/python3.8/dist-packages/sklearn/base.py", line 870, in fit_transform
    return self.fit(X, y, **fit_params).transform(X)
  File "/usr/local/lib/python3.8/dist-packages/sklearn/preprocessing/_polynomial.py", line 432, in transform
    XP = np.empty(
numpy.core._exceptions._ArrayMemoryError: Unable to allocate 2.27 TiB for an array with shape (211, 1476337800) and data type float64

--------------------------------------------------------------------------------
5 fits failed with the following error:
Traceback (most recent call last):
  File "/usr/local/lib/python3.8/dist-packages/sklearn/model_selection/_validation.py", line 686, in _fit_and_score
    estimator.fit(X_train, y_train, **fit_params)
  File "/usr/local/lib/python3.8/dist-packages/sklearn/pipeline.py", line 378, in fit
    Xt = self._fit(X, y, **fit_params_steps)
  File "/usr/local/lib/python3.8/dist-packages/sklearn/pipeline.py", line 336, in _fit
    X, fitted_transformer = fit_transform_one_cached(
  File "/usr/local/lib/python3.8/dist-packages/joblib/memory.py", line 349, in __call__
    return self.func(*args, **kwargs)
  File "/usr/local/lib/python3.8/dist-packages/sklearn/pipeline.py", line 870, in _fit_transform_one
    res = transformer.fit_transform(X, y, **fit_params)
  File "/usr/local/lib/python3.8/dist-packages/sklearn/base.py", line 870, in fit_transform
    return self.fit(X, y, **fit_params).transform(X)
  File "/usr/local/lib/python3.8/dist-packages/sklearn/preprocessing/_polynomial.py", line 432, in transform
    XP = np.empty(
numpy.core._exceptions._ArrayMemoryError: Unable to allocate 2.28 TiB for an array with shape (212, 1476337800) and data type float64

Trial 22 failed because of the following error: ValueError('\nAll the 10 fits failed.\nIt is very likely that your model is misconfigured.\nYou can try to debug the error by setting error_score=\'raise\'.\n\nBelow are more details about the failures:\n--------------------------------------------------------------------------------\n10 fits failed with the following error:\nTraceback (most recent call last):\n  File "/usr/local/lib/python3.8/dist-packages/sklearn/model_selection/_validation.py", line 686, in _fit_and_score\n    estimator.fit(X_train, y_train, **fit_params)\n  File "/usr/local/lib/python3.8/dist-packages/sklearn/pipeline.py", line 378, in fit\n    Xt = self._fit(X, y, **fit_params_steps)\n  File "/usr/local/lib/python3.8/dist-packages/sklearn/pipeline.py", line 336, in _fit\n    X, fitted_transformer = fit_transform_one_cached(\n  File "/usr/local/lib/python3.8/dist-packages/joblib/memory.py", line 349, in __call__\n    return self.func(*args, **kwargs)\n  File "/usr/local/lib/python3.8/dist-packages/sklearn/pipeline.py", line 870, in _fit_transform_one\n    res = transformer.fit_transform(X, y, **fit_params)\n  File "/usr/local/lib/python3.8/dist-packages/sklearn/base.py", line 870, in fit_transform\n    return self.fit(X, y, **fit_params).transform(X)\n  File "/usr/local/lib/python3.8/dist-packages/sklearn/preprocessing/_polynomial.py", line 432, in transform\n    XP = np.empty(\nValueError: Maximum allowed dimension exceeded\n')
Traceback (most recent call last):
  File "/usr/local/lib/python3.8/dist-packages/optuna/study/_optimize.py", line 196, in _run_trial
    value_or_values = func(trial)
  File "/tmp/ipykernel_7443/2264325072.py", line 23, in __call__
    scores = cross_validate(estimator=model, scoring=metrics,
  File "/usr/local/lib/python3.8/dist-packages/sklearn/model_selection/_validation.py", line 285, in cross_validate
    _warn_or_raise_about_fit_failures(results, error_score)
  File "/usr/local/lib/python3.8/dist-packages/sklearn/model_selection/_validation.py", line 367, in _warn_or_raise_about_fit_failures
    raise ValueError(all_fits_failed_message)
ValueError: 
All the 10 fits failed.
It is very likely that your model is misconfigured.
You can try to debug the error by setting error_score='raise'.

Below are more details about the failures:
--------------------------------------------------------------------------------
10 fits failed with the following error:
Traceback (most recent call last):
  File "/usr/local/lib/python3.8/dist-packages/sklearn/model_selection/_validation.py", line 686, in _fit_and_score
    estimator.fit(X_train, y_train, **fit_params)
  File "/usr/local/lib/python3.8/dist-packages/sklearn/pipeline.py", line 378, in fit
    Xt = self._fit(X, y, **fit_params_steps)
  File "/usr/local/lib/python3.8/dist-packages/sklearn/pipeline.py", line 336, in _fit
    X, fitted_transformer = fit_transform_one_cached(
  File "/usr/local/lib/python3.8/dist-packages/joblib/memory.py", line 349, in __call__
    return self.func(*args, **kwargs)
  File "/usr/local/lib/python3.8/dist-packages/sklearn/pipeline.py", line 870, in _fit_transform_one
    res = transformer.fit_transform(X, y, **fit_params)
  File "/usr/local/lib/python3.8/dist-packages/sklearn/base.py", line 870, in fit_transform
    return self.fit(X, y, **fit_params).transform(X)
  File "/usr/local/lib/python3.8/dist-packages/sklearn/preprocessing/_polynomial.py", line 432, in transform
    XP = np.empty(
ValueError: Maximum allowed dimension exceeded

Trial 16 failed because of the following error: ValueError('\nAll the 10 fits failed.\nIt is very likely that your model is misconfigured.\nYou can try to debug the error by setting error_score=\'raise\'.\n\nBelow are more details about the failures:\n--------------------------------------------------------------------------------\n10 fits failed with the following error:\nTraceback (most recent call last):\n  File "/usr/local/lib/python3.8/dist-packages/sklearn/model_selection/_validation.py", line 686, in _fit_and_score\n    estimator.fit(X_train, y_train, **fit_params)\n  File "/usr/local/lib/python3.8/dist-packages/sklearn/pipeline.py", line 378, in fit\n    Xt = self._fit(X, y, **fit_params_steps)\n  File "/usr/local/lib/python3.8/dist-packages/sklearn/pipeline.py", line 336, in _fit\n    X, fitted_transformer = fit_transform_one_cached(\n  File "/usr/local/lib/python3.8/dist-packages/joblib/memory.py", line 349, in __call__\n    return self.func(*args, **kwargs)\n  File "/usr/local/lib/python3.8/dist-packages/sklearn/pipeline.py", line 870, in _fit_transform_one\n    res = transformer.fit_transform(X, y, **fit_params)\n  File "/usr/local/lib/python3.8/dist-packages/sklearn/base.py", line 870, in fit_transform\n    return self.fit(X, y, **fit_params).transform(X)\n  File "/usr/local/lib/python3.8/dist-packages/sklearn/preprocessing/_polynomial.py", line 432, in transform\n    XP = np.empty(\nValueError: Maximum allowed dimension exceeded\n')
Traceback (most recent call last):
  File "/usr/local/lib/python3.8/dist-packages/optuna/study/_optimize.py", line 196, in _run_trial
    value_or_values = func(trial)
  File "/tmp/ipykernel_7443/2264325072.py", line 23, in __call__
    scores = cross_validate(estimator=model, scoring=metrics,
  File "/usr/local/lib/python3.8/dist-packages/sklearn/model_selection/_validation.py", line 285, in cross_validate
    _warn_or_raise_about_fit_failures(results, error_score)
  File "/usr/local/lib/python3.8/dist-packages/sklearn/model_selection/_validation.py", line 367, in _warn_or_raise_about_fit_failures
    raise ValueError(all_fits_failed_message)
ValueError: 
All the 10 fits failed.
It is very likely that your model is misconfigured.
You can try to debug the error by setting error_score='raise'.

Below are more details about the failures:
--------------------------------------------------------------------------------
10 fits failed with the following error:
Traceback (most recent call last):
  File "/usr/local/lib/python3.8/dist-packages/sklearn/model_selection/_validation.py", line 686, in _fit_and_score
    estimator.fit(X_train, y_train, **fit_params)
  File "/usr/local/lib/python3.8/dist-packages/sklearn/pipeline.py", line 378, in fit
    Xt = self._fit(X, y, **fit_params_steps)
  File "/usr/local/lib/python3.8/dist-packages/sklearn/pipeline.py", line 336, in _fit
    X, fitted_transformer = fit_transform_one_cached(
  File "/usr/local/lib/python3.8/dist-packages/joblib/memory.py", line 349, in __call__
    return self.func(*args, **kwargs)
  File "/usr/local/lib/python3.8/dist-packages/sklearn/pipeline.py", line 870, in _fit_transform_one
    res = transformer.fit_transform(X, y, **fit_params)
  File "/usr/local/lib/python3.8/dist-packages/sklearn/base.py", line 870, in fit_transform
    return self.fit(X, y, **fit_params).transform(X)
  File "/usr/local/lib/python3.8/dist-packages/sklearn/preprocessing/_polynomial.py", line 432, in transform
    XP = np.empty(
ValueError: Maximum allowed dimension exceeded

Trial 8 failed because of the following error: ValueError('\nAll the 10 fits failed.\nIt is very likely that your model is misconfigured.\nYou can try to debug the error by setting error_score=\'raise\'.\n\nBelow are more details about the failures:\n--------------------------------------------------------------------------------\n5 fits failed with the following error:\nTraceback (most recent call last):\n  File "/usr/local/lib/python3.8/dist-packages/sklearn/model_selection/_validation.py", line 686, in _fit_and_score\n    estimator.fit(X_train, y_train, **fit_params)\n  File "/usr/local/lib/python3.8/dist-packages/sklearn/pipeline.py", line 378, in fit\n    Xt = self._fit(X, y, **fit_params_steps)\n  File "/usr/local/lib/python3.8/dist-packages/sklearn/pipeline.py", line 336, in _fit\n    X, fitted_transformer = fit_transform_one_cached(\n  File "/usr/local/lib/python3.8/dist-packages/joblib/memory.py", line 349, in __call__\n    return self.func(*args, **kwargs)\n  File "/usr/local/lib/python3.8/dist-packages/sklearn/pipeline.py", line 870, in _fit_transform_one\n    res = transformer.fit_transform(X, y, **fit_params)\n  File "/usr/local/lib/python3.8/dist-packages/sklearn/base.py", line 870, in fit_transform\n    return self.fit(X, y, **fit_params).transform(X)\n  File "/usr/local/lib/python3.8/dist-packages/sklearn/preprocessing/_polynomial.py", line 432, in transform\n    XP = np.empty(\nnumpy.core._exceptions._ArrayMemoryError: Unable to allocate 862. GiB for an array with shape (211, 548354040) and data type float64\n\n--------------------------------------------------------------------------------\n5 fits failed with the following error:\nTraceback (most recent call last):\n  File "/usr/local/lib/python3.8/dist-packages/sklearn/model_selection/_validation.py", line 686, in _fit_and_score\n    estimator.fit(X_train, y_train, **fit_params)\n  File "/usr/local/lib/python3.8/dist-packages/sklearn/pipeline.py", line 378, in fit\n    Xt = self._fit(X, y, **fit_params_steps)\n  File "/usr/local/lib/python3.8/dist-packages/sklearn/pipeline.py", line 336, in _fit\n    X, fitted_transformer = fit_transform_one_cached(\n  File "/usr/local/lib/python3.8/dist-packages/joblib/memory.py", line 349, in __call__\n    return self.func(*args, **kwargs)\n  File "/usr/local/lib/python3.8/dist-packages/sklearn/pipeline.py", line 870, in _fit_transform_one\n    res = transformer.fit_transform(X, y, **fit_params)\n  File "/usr/local/lib/python3.8/dist-packages/sklearn/base.py", line 870, in fit_transform\n    return self.fit(X, y, **fit_params).transform(X)\n  File "/usr/local/lib/python3.8/dist-packages/sklearn/preprocessing/_polynomial.py", line 432, in transform\n    XP = np.empty(\nnumpy.core._exceptions._ArrayMemoryError: Unable to allocate 866. GiB for an array with shape (212, 548354040) and data type float64\n')
Traceback (most recent call last):
  File "/usr/local/lib/python3.8/dist-packages/optuna/study/_optimize.py", line 196, in _run_trial
    value_or_values = func(trial)
  File "/tmp/ipykernel_7443/2264325072.py", line 23, in __call__
    scores = cross_validate(estimator=model, scoring=metrics,
  File "/usr/local/lib/python3.8/dist-packages/sklearn/model_selection/_validation.py", line 285, in cross_validate
    _warn_or_raise_about_fit_failures(results, error_score)
  File "/usr/local/lib/python3.8/dist-packages/sklearn/model_selection/_validation.py", line 367, in _warn_or_raise_about_fit_failures
    raise ValueError(all_fits_failed_message)
ValueError: 
All the 10 fits failed.
It is very likely that your model is misconfigured.
You can try to debug the error by setting error_score='raise'.

Below are more details about the failures:
--------------------------------------------------------------------------------
5 fits failed with the following error:
Traceback (most recent call last):
  File "/usr/local/lib/python3.8/dist-packages/sklearn/model_selection/_validation.py", line 686, in _fit_and_score
    estimator.fit(X_train, y_train, **fit_params)
  File "/usr/local/lib/python3.8/dist-packages/sklearn/pipeline.py", line 378, in fit
    Xt = self._fit(X, y, **fit_params_steps)
  File "/usr/local/lib/python3.8/dist-packages/sklearn/pipeline.py", line 336, in _fit
    X, fitted_transformer = fit_transform_one_cached(
  File "/usr/local/lib/python3.8/dist-packages/joblib/memory.py", line 349, in __call__
    return self.func(*args, **kwargs)
  File "/usr/local/lib/python3.8/dist-packages/sklearn/pipeline.py", line 870, in _fit_transform_one
    res = transformer.fit_transform(X, y, **fit_params)
  File "/usr/local/lib/python3.8/dist-packages/sklearn/base.py", line 870, in fit_transform
    return self.fit(X, y, **fit_params).transform(X)
  File "/usr/local/lib/python3.8/dist-packages/sklearn/preprocessing/_polynomial.py", line 432, in transform
    XP = np.empty(
numpy.core._exceptions._ArrayMemoryError: Unable to allocate 862. GiB for an array with shape (211, 548354040) and data type float64

--------------------------------------------------------------------------------
5 fits failed with the following error:
Traceback (most recent call last):
  File "/usr/local/lib/python3.8/dist-packages/sklearn/model_selection/_validation.py", line 686, in _fit_and_score
    estimator.fit(X_train, y_train, **fit_params)
  File "/usr/local/lib/python3.8/dist-packages/sklearn/pipeline.py", line 378, in fit
    Xt = self._fit(X, y, **fit_params_steps)
  File "/usr/local/lib/python3.8/dist-packages/sklearn/pipeline.py", line 336, in _fit
    X, fitted_transformer = fit_transform_one_cached(
  File "/usr/local/lib/python3.8/dist-packages/joblib/memory.py", line 349, in __call__
    return self.func(*args, **kwargs)
  File "/usr/local/lib/python3.8/dist-packages/sklearn/pipeline.py", line 870, in _fit_transform_one
    res = transformer.fit_transform(X, y, **fit_params)
  File "/usr/local/lib/python3.8/dist-packages/sklearn/base.py", line 870, in fit_transform
    return self.fit(X, y, **fit_params).transform(X)
  File "/usr/local/lib/python3.8/dist-packages/sklearn/preprocessing/_polynomial.py", line 432, in transform
    XP = np.empty(
numpy.core._exceptions._ArrayMemoryError: Unable to allocate 866. GiB for an array with shape (212, 548354040) and data type float64

Trial 9 finished with value: 0.7728060333835753 and parameters: {'degree': 1}. Best is trial 9 with value: 0.7728060333835753.
Trial 11 failed because of the following error: ValueError('\nAll the 10 fits failed.\nIt is very likely that your model is misconfigured.\nYou can try to debug the error by setting error_score=\'raise\'.\n\nBelow are more details about the failures:\n--------------------------------------------------------------------------------\n5 fits failed with the following error:\nTraceback (most recent call last):\n  File "/usr/local/lib/python3.8/dist-packages/sklearn/model_selection/_validation.py", line 686, in _fit_and_score\n    estimator.fit(X_train, y_train, **fit_params)\n  File "/usr/local/lib/python3.8/dist-packages/sklearn/pipeline.py", line 378, in fit\n    Xt = self._fit(X, y, **fit_params_steps)\n  File "/usr/local/lib/python3.8/dist-packages/sklearn/pipeline.py", line 336, in _fit\n    X, fitted_transformer = fit_transform_one_cached(\n  File "/usr/local/lib/python3.8/dist-packages/joblib/memory.py", line 349, in __call__\n    return self.func(*args, **kwargs)\n  File "/usr/local/lib/python3.8/dist-packages/sklearn/pipeline.py", line 870, in _fit_transform_one\n    res = transformer.fit_transform(X, y, **fit_params)\n  File "/usr/local/lib/python3.8/dist-packages/sklearn/base.py", line 870, in fit_transform\n    return self.fit(X, y, **fit_params).transform(X)\n  File "/usr/local/lib/python3.8/dist-packages/sklearn/preprocessing/_polynomial.py", line 432, in transform\n    XP = np.empty(\nnumpy.core._exceptions._ArrayMemoryError: Unable to allocate 22.2 PiB for an array with shape (211, 14833897694226) and data type float64\n\n--------------------------------------------------------------------------------\n5 fits failed with the following error:\nTraceback (most recent call last):\n  File "/usr/local/lib/python3.8/dist-packages/sklearn/model_selection/_validation.py", line 686, in _fit_and_score\n    estimator.fit(X_train, y_train, **fit_params)\n  File "/usr/local/lib/python3.8/dist-packages/sklearn/pipeline.py", line 378, in fit\n    Xt = self._fit(X, y, **fit_params_steps)\n  File "/usr/local/lib/python3.8/dist-packages/sklearn/pipeline.py", line 336, in _fit\n    X, fitted_transformer = fit_transform_one_cached(\n  File "/usr/local/lib/python3.8/dist-packages/joblib/memory.py", line 349, in __call__\n    return self.func(*args, **kwargs)\n  File "/usr/local/lib/python3.8/dist-packages/sklearn/pipeline.py", line 870, in _fit_transform_one\n    res = transformer.fit_transform(X, y, **fit_params)\n  File "/usr/local/lib/python3.8/dist-packages/sklearn/base.py", line 870, in fit_transform\n    return self.fit(X, y, **fit_params).transform(X)\n  File "/usr/local/lib/python3.8/dist-packages/sklearn/preprocessing/_polynomial.py", line 432, in transform\n    XP = np.empty(\nnumpy.core._exceptions._ArrayMemoryError: Unable to allocate 22.3 PiB for an array with shape (212, 14833897694226) and data type float64\n')
Traceback (most recent call last):
  File "/usr/local/lib/python3.8/dist-packages/optuna/study/_optimize.py", line 196, in _run_trial
    value_or_values = func(trial)
  File "/tmp/ipykernel_7443/2264325072.py", line 23, in __call__
    scores = cross_validate(estimator=model, scoring=metrics,
  File "/usr/local/lib/python3.8/dist-packages/sklearn/model_selection/_validation.py", line 285, in cross_validate
    _warn_or_raise_about_fit_failures(results, error_score)
  File "/usr/local/lib/python3.8/dist-packages/sklearn/model_selection/_validation.py", line 367, in _warn_or_raise_about_fit_failures
    raise ValueError(all_fits_failed_message)
ValueError: 
All the 10 fits failed.
It is very likely that your model is misconfigured.
You can try to debug the error by setting error_score='raise'.

Below are more details about the failures:
--------------------------------------------------------------------------------
5 fits failed with the following error:
Traceback (most recent call last):
  File "/usr/local/lib/python3.8/dist-packages/sklearn/model_selection/_validation.py", line 686, in _fit_and_score
    estimator.fit(X_train, y_train, **fit_params)
  File "/usr/local/lib/python3.8/dist-packages/sklearn/pipeline.py", line 378, in fit
    Xt = self._fit(X, y, **fit_params_steps)
  File "/usr/local/lib/python3.8/dist-packages/sklearn/pipeline.py", line 336, in _fit
    X, fitted_transformer = fit_transform_one_cached(
  File "/usr/local/lib/python3.8/dist-packages/joblib/memory.py", line 349, in __call__
    return self.func(*args, **kwargs)
  File "/usr/local/lib/python3.8/dist-packages/sklearn/pipeline.py", line 870, in _fit_transform_one
    res = transformer.fit_transform(X, y, **fit_params)
  File "/usr/local/lib/python3.8/dist-packages/sklearn/base.py", line 870, in fit_transform
    return self.fit(X, y, **fit_params).transform(X)
  File "/usr/local/lib/python3.8/dist-packages/sklearn/preprocessing/_polynomial.py", line 432, in transform
    XP = np.empty(
numpy.core._exceptions._ArrayMemoryError: Unable to allocate 22.2 PiB for an array with shape (211, 14833897694226) and data type float64

--------------------------------------------------------------------------------
5 fits failed with the following error:
Traceback (most recent call last):
  File "/usr/local/lib/python3.8/dist-packages/sklearn/model_selection/_validation.py", line 686, in _fit_and_score
    estimator.fit(X_train, y_train, **fit_params)
  File "/usr/local/lib/python3.8/dist-packages/sklearn/pipeline.py", line 378, in fit
    Xt = self._fit(X, y, **fit_params_steps)
  File "/usr/local/lib/python3.8/dist-packages/sklearn/pipeline.py", line 336, in _fit
    X, fitted_transformer = fit_transform_one_cached(
  File "/usr/local/lib/python3.8/dist-packages/joblib/memory.py", line 349, in __call__
    return self.func(*args, **kwargs)
  File "/usr/local/lib/python3.8/dist-packages/sklearn/pipeline.py", line 870, in _fit_transform_one
    res = transformer.fit_transform(X, y, **fit_params)
  File "/usr/local/lib/python3.8/dist-packages/sklearn/base.py", line 870, in fit_transform
    return self.fit(X, y, **fit_params).transform(X)
  File "/usr/local/lib/python3.8/dist-packages/sklearn/preprocessing/_polynomial.py", line 432, in transform
    XP = np.empty(
numpy.core._exceptions._ArrayMemoryError: Unable to allocate 22.3 PiB for an array with shape (212, 14833897694226) and data type float64

Trial 10 failed because of the following error: ValueError('\nAll the 10 fits failed.\nIt is very likely that your model is misconfigured.\nYou can try to debug the error by setting error_score=\'raise\'.\n\nBelow are more details about the failures:\n--------------------------------------------------------------------------------\n10 fits failed with the following error:\nTraceback (most recent call last):\n  File "/usr/local/lib/python3.8/dist-packages/sklearn/model_selection/_validation.py", line 686, in _fit_and_score\n    estimator.fit(X_train, y_train, **fit_params)\n  File "/usr/local/lib/python3.8/dist-packages/sklearn/pipeline.py", line 378, in fit\n    Xt = self._fit(X, y, **fit_params_steps)\n  File "/usr/local/lib/python3.8/dist-packages/sklearn/pipeline.py", line 336, in _fit\n    X, fitted_transformer = fit_transform_one_cached(\n  File "/usr/local/lib/python3.8/dist-packages/joblib/memory.py", line 349, in __call__\n    return self.func(*args, **kwargs)\n  File "/usr/local/lib/python3.8/dist-packages/sklearn/pipeline.py", line 870, in _fit_transform_one\n    res = transformer.fit_transform(X, y, **fit_params)\n  File "/usr/local/lib/python3.8/dist-packages/sklearn/base.py", line 870, in fit_transform\n    return self.fit(X, y, **fit_params).transform(X)\n  File "/usr/local/lib/python3.8/dist-packages/sklearn/preprocessing/_polynomial.py", line 432, in transform\n    XP = np.empty(\nValueError: array is too big; `arr.size * arr.dtype.itemsize` is larger than the maximum possible size.\n')
Traceback (most recent call last):
  File "/usr/local/lib/python3.8/dist-packages/optuna/study/_optimize.py", line 196, in _run_trial
    value_or_values = func(trial)
  File "/tmp/ipykernel_7443/2264325072.py", line 23, in __call__
    scores = cross_validate(estimator=model, scoring=metrics,
  File "/usr/local/lib/python3.8/dist-packages/sklearn/model_selection/_validation.py", line 285, in cross_validate
    _warn_or_raise_about_fit_failures(results, error_score)
  File "/usr/local/lib/python3.8/dist-packages/sklearn/model_selection/_validation.py", line 367, in _warn_or_raise_about_fit_failures
    raise ValueError(all_fits_failed_message)
ValueError: 
All the 10 fits failed.
It is very likely that your model is misconfigured.
You can try to debug the error by setting error_score='raise'.

Below are more details about the failures:
--------------------------------------------------------------------------------
10 fits failed with the following error:
Traceback (most recent call last):
  File "/usr/local/lib/python3.8/dist-packages/sklearn/model_selection/_validation.py", line 686, in _fit_and_score
    estimator.fit(X_train, y_train, **fit_params)
  File "/usr/local/lib/python3.8/dist-packages/sklearn/pipeline.py", line 378, in fit
    Xt = self._fit(X, y, **fit_params_steps)
  File "/usr/local/lib/python3.8/dist-packages/sklearn/pipeline.py", line 336, in _fit
    X, fitted_transformer = fit_transform_one_cached(
  File "/usr/local/lib/python3.8/dist-packages/joblib/memory.py", line 349, in __call__
    return self.func(*args, **kwargs)
  File "/usr/local/lib/python3.8/dist-packages/sklearn/pipeline.py", line 870, in _fit_transform_one
    res = transformer.fit_transform(X, y, **fit_params)
  File "/usr/local/lib/python3.8/dist-packages/sklearn/base.py", line 870, in fit_transform
    return self.fit(X, y, **fit_params).transform(X)
  File "/usr/local/lib/python3.8/dist-packages/sklearn/preprocessing/_polynomial.py", line 432, in transform
    XP = np.empty(
ValueError: array is too big; `arr.size * arr.dtype.itemsize` is larger than the maximum possible size.

Trial 15 failed because of the following error: ValueError('\nAll the 10 fits failed.\nIt is very likely that your model is misconfigured.\nYou can try to debug the error by setting error_score=\'raise\'.\n\nBelow are more details about the failures:\n--------------------------------------------------------------------------------\n10 fits failed with the following error:\nTraceback (most recent call last):\n  File "/usr/local/lib/python3.8/dist-packages/sklearn/model_selection/_validation.py", line 686, in _fit_and_score\n    estimator.fit(X_train, y_train, **fit_params)\n  File "/usr/local/lib/python3.8/dist-packages/sklearn/pipeline.py", line 378, in fit\n    Xt = self._fit(X, y, **fit_params_steps)\n  File "/usr/local/lib/python3.8/dist-packages/sklearn/pipeline.py", line 336, in _fit\n    X, fitted_transformer = fit_transform_one_cached(\n  File "/usr/local/lib/python3.8/dist-packages/joblib/memory.py", line 349, in __call__\n    return self.func(*args, **kwargs)\n  File "/usr/local/lib/python3.8/dist-packages/sklearn/pipeline.py", line 870, in _fit_transform_one\n    res = transformer.fit_transform(X, y, **fit_params)\n  File "/usr/local/lib/python3.8/dist-packages/sklearn/base.py", line 870, in fit_transform\n    return self.fit(X, y, **fit_params).transform(X)\n  File "/usr/local/lib/python3.8/dist-packages/sklearn/preprocessing/_polynomial.py", line 432, in transform\n    XP = np.empty(\nValueError: array is too big; `arr.size * arr.dtype.itemsize` is larger than the maximum possible size.\n')
Traceback (most recent call last):
  File "/usr/local/lib/python3.8/dist-packages/optuna/study/_optimize.py", line 196, in _run_trial
    value_or_values = func(trial)
  File "/tmp/ipykernel_7443/2264325072.py", line 23, in __call__
    scores = cross_validate(estimator=model, scoring=metrics,
  File "/usr/local/lib/python3.8/dist-packages/sklearn/model_selection/_validation.py", line 285, in cross_validate
    _warn_or_raise_about_fit_failures(results, error_score)
  File "/usr/local/lib/python3.8/dist-packages/sklearn/model_selection/_validation.py", line 367, in _warn_or_raise_about_fit_failures
    raise ValueError(all_fits_failed_message)
ValueError: 
All the 10 fits failed.
It is very likely that your model is misconfigured.
You can try to debug the error by setting error_score='raise'.

Below are more details about the failures:
--------------------------------------------------------------------------------
10 fits failed with the following error:
Traceback (most recent call last):
  File "/usr/local/lib/python3.8/dist-packages/sklearn/model_selection/_validation.py", line 686, in _fit_and_score
    estimator.fit(X_train, y_train, **fit_params)
  File "/usr/local/lib/python3.8/dist-packages/sklearn/pipeline.py", line 378, in fit
    Xt = self._fit(X, y, **fit_params_steps)
  File "/usr/local/lib/python3.8/dist-packages/sklearn/pipeline.py", line 336, in _fit
    X, fitted_transformer = fit_transform_one_cached(
  File "/usr/local/lib/python3.8/dist-packages/joblib/memory.py", line 349, in __call__
    return self.func(*args, **kwargs)
  File "/usr/local/lib/python3.8/dist-packages/sklearn/pipeline.py", line 870, in _fit_transform_one
    res = transformer.fit_transform(X, y, **fit_params)
  File "/usr/local/lib/python3.8/dist-packages/sklearn/base.py", line 870, in fit_transform
    return self.fit(X, y, **fit_params).transform(X)
  File "/usr/local/lib/python3.8/dist-packages/sklearn/preprocessing/_polynomial.py", line 432, in transform
    XP = np.empty(
ValueError: array is too big; `arr.size * arr.dtype.itemsize` is larger than the maximum possible size.

Trial 13 failed because of the following error: ValueError('\nAll the 10 fits failed.\nIt is very likely that your model is misconfigured.\nYou can try to debug the error by setting error_score=\'raise\'.\n\nBelow are more details about the failures:\n--------------------------------------------------------------------------------\n10 fits failed with the following error:\nTraceback (most recent call last):\n  File "/usr/local/lib/python3.8/dist-packages/sklearn/model_selection/_validation.py", line 686, in _fit_and_score\n    estimator.fit(X_train, y_train, **fit_params)\n  File "/usr/local/lib/python3.8/dist-packages/sklearn/pipeline.py", line 378, in fit\n    Xt = self._fit(X, y, **fit_params_steps)\n  File "/usr/local/lib/python3.8/dist-packages/sklearn/pipeline.py", line 336, in _fit\n    X, fitted_transformer = fit_transform_one_cached(\n  File "/usr/local/lib/python3.8/dist-packages/joblib/memory.py", line 349, in __call__\n    return self.func(*args, **kwargs)\n  File "/usr/local/lib/python3.8/dist-packages/sklearn/pipeline.py", line 870, in _fit_transform_one\n    res = transformer.fit_transform(X, y, **fit_params)\n  File "/usr/local/lib/python3.8/dist-packages/sklearn/base.py", line 870, in fit_transform\n    return self.fit(X, y, **fit_params).transform(X)\n  File "/usr/local/lib/python3.8/dist-packages/sklearn/preprocessing/_polynomial.py", line 432, in transform\n    XP = np.empty(\nValueError: Maximum allowed dimension exceeded\n')
Traceback (most recent call last):
  File "/usr/local/lib/python3.8/dist-packages/optuna/study/_optimize.py", line 196, in _run_trial
    value_or_values = func(trial)
  File "/tmp/ipykernel_7443/2264325072.py", line 23, in __call__
    scores = cross_validate(estimator=model, scoring=metrics,
  File "/usr/local/lib/python3.8/dist-packages/sklearn/model_selection/_validation.py", line 285, in cross_validate
    _warn_or_raise_about_fit_failures(results, error_score)
  File "/usr/local/lib/python3.8/dist-packages/sklearn/model_selection/_validation.py", line 367, in _warn_or_raise_about_fit_failures
    raise ValueError(all_fits_failed_message)
ValueError: 
All the 10 fits failed.
It is very likely that your model is misconfigured.
You can try to debug the error by setting error_score='raise'.

Below are more details about the failures:
--------------------------------------------------------------------------------
10 fits failed with the following error:
Traceback (most recent call last):
  File "/usr/local/lib/python3.8/dist-packages/sklearn/model_selection/_validation.py", line 686, in _fit_and_score
    estimator.fit(X_train, y_train, **fit_params)
  File "/usr/local/lib/python3.8/dist-packages/sklearn/pipeline.py", line 378, in fit
    Xt = self._fit(X, y, **fit_params_steps)
  File "/usr/local/lib/python3.8/dist-packages/sklearn/pipeline.py", line 336, in _fit
    X, fitted_transformer = fit_transform_one_cached(
  File "/usr/local/lib/python3.8/dist-packages/joblib/memory.py", line 349, in __call__
    return self.func(*args, **kwargs)
  File "/usr/local/lib/python3.8/dist-packages/sklearn/pipeline.py", line 870, in _fit_transform_one
    res = transformer.fit_transform(X, y, **fit_params)
  File "/usr/local/lib/python3.8/dist-packages/sklearn/base.py", line 870, in fit_transform
    return self.fit(X, y, **fit_params).transform(X)
  File "/usr/local/lib/python3.8/dist-packages/sklearn/preprocessing/_polynomial.py", line 432, in transform
    XP = np.empty(
ValueError: Maximum allowed dimension exceeded

Trial 19 failed because of the following error: ValueError('\nAll the 10 fits failed.\nIt is very likely that your model is misconfigured.\nYou can try to debug the error by setting error_score=\'raise\'.\n\nBelow are more details about the failures:\n--------------------------------------------------------------------------------\n10 fits failed with the following error:\nTraceback (most recent call last):\n  File "/usr/local/lib/python3.8/dist-packages/sklearn/model_selection/_validation.py", line 686, in _fit_and_score\n    estimator.fit(X_train, y_train, **fit_params)\n  File "/usr/local/lib/python3.8/dist-packages/sklearn/pipeline.py", line 378, in fit\n    Xt = self._fit(X, y, **fit_params_steps)\n  File "/usr/local/lib/python3.8/dist-packages/sklearn/pipeline.py", line 336, in _fit\n    X, fitted_transformer = fit_transform_one_cached(\n  File "/usr/local/lib/python3.8/dist-packages/joblib/memory.py", line 349, in __call__\n    return self.func(*args, **kwargs)\n  File "/usr/local/lib/python3.8/dist-packages/sklearn/pipeline.py", line 870, in _fit_transform_one\n    res = transformer.fit_transform(X, y, **fit_params)\n  File "/usr/local/lib/python3.8/dist-packages/sklearn/base.py", line 870, in fit_transform\n    return self.fit(X, y, **fit_params).transform(X)\n  File "/usr/local/lib/python3.8/dist-packages/sklearn/preprocessing/_polynomial.py", line 432, in transform\n    XP = np.empty(\nValueError: array is too big; `arr.size * arr.dtype.itemsize` is larger than the maximum possible size.\n')
Traceback (most recent call last):
  File "/usr/local/lib/python3.8/dist-packages/optuna/study/_optimize.py", line 196, in _run_trial
    value_or_values = func(trial)
  File "/tmp/ipykernel_7443/2264325072.py", line 23, in __call__
    scores = cross_validate(estimator=model, scoring=metrics,
  File "/usr/local/lib/python3.8/dist-packages/sklearn/model_selection/_validation.py", line 285, in cross_validate
    _warn_or_raise_about_fit_failures(results, error_score)
  File "/usr/local/lib/python3.8/dist-packages/sklearn/model_selection/_validation.py", line 367, in _warn_or_raise_about_fit_failures
    raise ValueError(all_fits_failed_message)
ValueError: 
All the 10 fits failed.
It is very likely that your model is misconfigured.
You can try to debug the error by setting error_score='raise'.

Below are more details about the failures:
--------------------------------------------------------------------------------
10 fits failed with the following error:
Traceback (most recent call last):
  File "/usr/local/lib/python3.8/dist-packages/sklearn/model_selection/_validation.py", line 686, in _fit_and_score
    estimator.fit(X_train, y_train, **fit_params)
  File "/usr/local/lib/python3.8/dist-packages/sklearn/pipeline.py", line 378, in fit
    Xt = self._fit(X, y, **fit_params_steps)
  File "/usr/local/lib/python3.8/dist-packages/sklearn/pipeline.py", line 336, in _fit
    X, fitted_transformer = fit_transform_one_cached(
  File "/usr/local/lib/python3.8/dist-packages/joblib/memory.py", line 349, in __call__
    return self.func(*args, **kwargs)
  File "/usr/local/lib/python3.8/dist-packages/sklearn/pipeline.py", line 870, in _fit_transform_one
    res = transformer.fit_transform(X, y, **fit_params)
  File "/usr/local/lib/python3.8/dist-packages/sklearn/base.py", line 870, in fit_transform
    return self.fit(X, y, **fit_params).transform(X)
  File "/usr/local/lib/python3.8/dist-packages/sklearn/preprocessing/_polynomial.py", line 432, in transform
    XP = np.empty(
ValueError: array is too big; `arr.size * arr.dtype.itemsize` is larger than the maximum possible size.

Trial 20 failed because of the following error: ValueError('\nAll the 10 fits failed.\nIt is very likely that your model is misconfigured.\nYou can try to debug the error by setting error_score=\'raise\'.\n\nBelow are more details about the failures:\n--------------------------------------------------------------------------------\n10 fits failed with the following error:\nTraceback (most recent call last):\n  File "/usr/local/lib/python3.8/dist-packages/sklearn/model_selection/_validation.py", line 686, in _fit_and_score\n    estimator.fit(X_train, y_train, **fit_params)\n  File "/usr/local/lib/python3.8/dist-packages/sklearn/pipeline.py", line 378, in fit\n    Xt = self._fit(X, y, **fit_params_steps)\n  File "/usr/local/lib/python3.8/dist-packages/sklearn/pipeline.py", line 336, in _fit\n    X, fitted_transformer = fit_transform_one_cached(\n  File "/usr/local/lib/python3.8/dist-packages/joblib/memory.py", line 349, in __call__\n    return self.func(*args, **kwargs)\n  File "/usr/local/lib/python3.8/dist-packages/sklearn/pipeline.py", line 870, in _fit_transform_one\n    res = transformer.fit_transform(X, y, **fit_params)\n  File "/usr/local/lib/python3.8/dist-packages/sklearn/base.py", line 870, in fit_transform\n    return self.fit(X, y, **fit_params).transform(X)\n  File "/usr/local/lib/python3.8/dist-packages/sklearn/preprocessing/_polynomial.py", line 432, in transform\n    XP = np.empty(\nValueError: Maximum allowed dimension exceeded\n')
Traceback (most recent call last):
  File "/usr/local/lib/python3.8/dist-packages/optuna/study/_optimize.py", line 196, in _run_trial
    value_or_values = func(trial)
  File "/tmp/ipykernel_7443/2264325072.py", line 23, in __call__
    scores = cross_validate(estimator=model, scoring=metrics,
  File "/usr/local/lib/python3.8/dist-packages/sklearn/model_selection/_validation.py", line 285, in cross_validate
    _warn_or_raise_about_fit_failures(results, error_score)
  File "/usr/local/lib/python3.8/dist-packages/sklearn/model_selection/_validation.py", line 367, in _warn_or_raise_about_fit_failures
    raise ValueError(all_fits_failed_message)
ValueError: 
All the 10 fits failed.
It is very likely that your model is misconfigured.
You can try to debug the error by setting error_score='raise'.

Below are more details about the failures:
--------------------------------------------------------------------------------
10 fits failed with the following error:
Traceback (most recent call last):
  File "/usr/local/lib/python3.8/dist-packages/sklearn/model_selection/_validation.py", line 686, in _fit_and_score
    estimator.fit(X_train, y_train, **fit_params)
  File "/usr/local/lib/python3.8/dist-packages/sklearn/pipeline.py", line 378, in fit
    Xt = self._fit(X, y, **fit_params_steps)
  File "/usr/local/lib/python3.8/dist-packages/sklearn/pipeline.py", line 336, in _fit
    X, fitted_transformer = fit_transform_one_cached(
  File "/usr/local/lib/python3.8/dist-packages/joblib/memory.py", line 349, in __call__
    return self.func(*args, **kwargs)
  File "/usr/local/lib/python3.8/dist-packages/sklearn/pipeline.py", line 870, in _fit_transform_one
    res = transformer.fit_transform(X, y, **fit_params)
  File "/usr/local/lib/python3.8/dist-packages/sklearn/base.py", line 870, in fit_transform
    return self.fit(X, y, **fit_params).transform(X)
  File "/usr/local/lib/python3.8/dist-packages/sklearn/preprocessing/_polynomial.py", line 432, in transform
    XP = np.empty(
ValueError: Maximum allowed dimension exceeded

Trial 6 failed because of the following error: ValueError('\nAll the 10 fits failed.\nIt is very likely that your model is misconfigured.\nYou can try to debug the error by setting error_score=\'raise\'.\n\nBelow are more details about the failures:\n--------------------------------------------------------------------------------\n10 fits failed with the following error:\nTraceback (most recent call last):\n  File "/usr/local/lib/python3.8/dist-packages/sklearn/model_selection/_validation.py", line 686, in _fit_and_score\n    estimator.fit(X_train, y_train, **fit_params)\n  File "/usr/local/lib/python3.8/dist-packages/sklearn/pipeline.py", line 378, in fit\n    Xt = self._fit(X, y, **fit_params_steps)\n  File "/usr/local/lib/python3.8/dist-packages/sklearn/pipeline.py", line 336, in _fit\n    X, fitted_transformer = fit_transform_one_cached(\n  File "/usr/local/lib/python3.8/dist-packages/joblib/memory.py", line 349, in __call__\n    return self.func(*args, **kwargs)\n  File "/usr/local/lib/python3.8/dist-packages/sklearn/pipeline.py", line 870, in _fit_transform_one\n    res = transformer.fit_transform(X, y, **fit_params)\n  File "/usr/local/lib/python3.8/dist-packages/sklearn/base.py", line 870, in fit_transform\n    return self.fit(X, y, **fit_params).transform(X)\n  File "/usr/local/lib/python3.8/dist-packages/sklearn/preprocessing/_polynomial.py", line 432, in transform\n    XP = np.empty(\nValueError: Maximum allowed dimension exceeded\n')
Traceback (most recent call last):
  File "/usr/local/lib/python3.8/dist-packages/optuna/study/_optimize.py", line 196, in _run_trial
    value_or_values = func(trial)
  File "/tmp/ipykernel_7443/2264325072.py", line 23, in __call__
    scores = cross_validate(estimator=model, scoring=metrics,
  File "/usr/local/lib/python3.8/dist-packages/sklearn/model_selection/_validation.py", line 285, in cross_validate
    _warn_or_raise_about_fit_failures(results, error_score)
  File "/usr/local/lib/python3.8/dist-packages/sklearn/model_selection/_validation.py", line 367, in _warn_or_raise_about_fit_failures
    raise ValueError(all_fits_failed_message)
ValueError: 
All the 10 fits failed.
It is very likely that your model is misconfigured.
You can try to debug the error by setting error_score='raise'.

Below are more details about the failures:
--------------------------------------------------------------------------------
10 fits failed with the following error:
Traceback (most recent call last):
  File "/usr/local/lib/python3.8/dist-packages/sklearn/model_selection/_validation.py", line 686, in _fit_and_score
    estimator.fit(X_train, y_train, **fit_params)
  File "/usr/local/lib/python3.8/dist-packages/sklearn/pipeline.py", line 378, in fit
    Xt = self._fit(X, y, **fit_params_steps)
  File "/usr/local/lib/python3.8/dist-packages/sklearn/pipeline.py", line 336, in _fit
    X, fitted_transformer = fit_transform_one_cached(
  File "/usr/local/lib/python3.8/dist-packages/joblib/memory.py", line 349, in __call__
    return self.func(*args, **kwargs)
  File "/usr/local/lib/python3.8/dist-packages/sklearn/pipeline.py", line 870, in _fit_transform_one
    res = transformer.fit_transform(X, y, **fit_params)
  File "/usr/local/lib/python3.8/dist-packages/sklearn/base.py", line 870, in fit_transform
    return self.fit(X, y, **fit_params).transform(X)
  File "/usr/local/lib/python3.8/dist-packages/sklearn/preprocessing/_polynomial.py", line 432, in transform
    XP = np.empty(
ValueError: Maximum allowed dimension exceeded

Trial 23 failed because of the following error: ValueError('\nAll the 10 fits failed.\nIt is very likely that your model is misconfigured.\nYou can try to debug the error by setting error_score=\'raise\'.\n\nBelow are more details about the failures:\n--------------------------------------------------------------------------------\n10 fits failed with the following error:\nTraceback (most recent call last):\n  File "/usr/local/lib/python3.8/dist-packages/sklearn/model_selection/_validation.py", line 686, in _fit_and_score\n    estimator.fit(X_train, y_train, **fit_params)\n  File "/usr/local/lib/python3.8/dist-packages/sklearn/pipeline.py", line 378, in fit\n    Xt = self._fit(X, y, **fit_params_steps)\n  File "/usr/local/lib/python3.8/dist-packages/sklearn/pipeline.py", line 336, in _fit\n    X, fitted_transformer = fit_transform_one_cached(\n  File "/usr/local/lib/python3.8/dist-packages/joblib/memory.py", line 349, in __call__\n    return self.func(*args, **kwargs)\n  File "/usr/local/lib/python3.8/dist-packages/sklearn/pipeline.py", line 870, in _fit_transform_one\n    res = transformer.fit_transform(X, y, **fit_params)\n  File "/usr/local/lib/python3.8/dist-packages/sklearn/base.py", line 870, in fit_transform\n    return self.fit(X, y, **fit_params).transform(X)\n  File "/usr/local/lib/python3.8/dist-packages/sklearn/preprocessing/_polynomial.py", line 432, in transform\n    XP = np.empty(\nValueError: Maximum allowed dimension exceeded\n')
Traceback (most recent call last):
  File "/usr/local/lib/python3.8/dist-packages/optuna/study/_optimize.py", line 196, in _run_trial
    value_or_values = func(trial)
  File "/tmp/ipykernel_7443/2264325072.py", line 23, in __call__
    scores = cross_validate(estimator=model, scoring=metrics,
  File "/usr/local/lib/python3.8/dist-packages/sklearn/model_selection/_validation.py", line 285, in cross_validate
    _warn_or_raise_about_fit_failures(results, error_score)
  File "/usr/local/lib/python3.8/dist-packages/sklearn/model_selection/_validation.py", line 367, in _warn_or_raise_about_fit_failures
    raise ValueError(all_fits_failed_message)
ValueError: 
All the 10 fits failed.
It is very likely that your model is misconfigured.
You can try to debug the error by setting error_score='raise'.

Below are more details about the failures:
--------------------------------------------------------------------------------
10 fits failed with the following error:
Traceback (most recent call last):
  File "/usr/local/lib/python3.8/dist-packages/sklearn/model_selection/_validation.py", line 686, in _fit_and_score
    estimator.fit(X_train, y_train, **fit_params)
  File "/usr/local/lib/python3.8/dist-packages/sklearn/pipeline.py", line 378, in fit
    Xt = self._fit(X, y, **fit_params_steps)
  File "/usr/local/lib/python3.8/dist-packages/sklearn/pipeline.py", line 336, in _fit
    X, fitted_transformer = fit_transform_one_cached(
  File "/usr/local/lib/python3.8/dist-packages/joblib/memory.py", line 349, in __call__
    return self.func(*args, **kwargs)
  File "/usr/local/lib/python3.8/dist-packages/sklearn/pipeline.py", line 870, in _fit_transform_one
    res = transformer.fit_transform(X, y, **fit_params)
  File "/usr/local/lib/python3.8/dist-packages/sklearn/base.py", line 870, in fit_transform
    return self.fit(X, y, **fit_params).transform(X)
  File "/usr/local/lib/python3.8/dist-packages/sklearn/preprocessing/_polynomial.py", line 432, in transform
    XP = np.empty(
ValueError: Maximum allowed dimension exceeded

Trial 21 failed because of the following error: ValueError('\nAll the 10 fits failed.\nIt is very likely that your model is misconfigured.\nYou can try to debug the error by setting error_score=\'raise\'.\n\nBelow are more details about the failures:\n--------------------------------------------------------------------------------\n5 fits failed with the following error:\nTraceback (most recent call last):\n  File "/usr/local/lib/python3.8/dist-packages/sklearn/model_selection/_validation.py", line 686, in _fit_and_score\n    estimator.fit(X_train, y_train, **fit_params)\n  File "/usr/local/lib/python3.8/dist-packages/sklearn/pipeline.py", line 378, in fit\n    Xt = self._fit(X, y, **fit_params_steps)\n  File "/usr/local/lib/python3.8/dist-packages/sklearn/pipeline.py", line 336, in _fit\n    X, fitted_transformer = fit_transform_one_cached(\n  File "/usr/local/lib/python3.8/dist-packages/joblib/memory.py", line 349, in __call__\n    return self.func(*args, **kwargs)\n  File "/usr/local/lib/python3.8/dist-packages/sklearn/pipeline.py", line 870, in _fit_transform_one\n    res = transformer.fit_transform(X, y, **fit_params)\n  File "/usr/local/lib/python3.8/dist-packages/sklearn/base.py", line 870, in fit_transform\n    return self.fit(X, y, **fit_params).transform(X)\n  File "/usr/local/lib/python3.8/dist-packages/sklearn/preprocessing/_polynomial.py", line 432, in transform\n    XP = np.empty(\nnumpy.core._exceptions._ArrayMemoryError: Unable to allocate 41.1 PiB for an array with shape (211, 27385657281648) and data type float64\n\n--------------------------------------------------------------------------------\n5 fits failed with the following error:\nTraceback (most recent call last):\n  File "/usr/local/lib/python3.8/dist-packages/sklearn/model_selection/_validation.py", line 686, in _fit_and_score\n    estimator.fit(X_train, y_train, **fit_params)\n  File "/usr/local/lib/python3.8/dist-packages/sklearn/pipeline.py", line 378, in fit\n    Xt = self._fit(X, y, **fit_params_steps)\n  File "/usr/local/lib/python3.8/dist-packages/sklearn/pipeline.py", line 336, in _fit\n    X, fitted_transformer = fit_transform_one_cached(\n  File "/usr/local/lib/python3.8/dist-packages/joblib/memory.py", line 349, in __call__\n    return self.func(*args, **kwargs)\n  File "/usr/local/lib/python3.8/dist-packages/sklearn/pipeline.py", line 870, in _fit_transform_one\n    res = transformer.fit_transform(X, y, **fit_params)\n  File "/usr/local/lib/python3.8/dist-packages/sklearn/base.py", line 870, in fit_transform\n    return self.fit(X, y, **fit_params).transform(X)\n  File "/usr/local/lib/python3.8/dist-packages/sklearn/preprocessing/_polynomial.py", line 432, in transform\n    XP = np.empty(\nnumpy.core._exceptions._ArrayMemoryError: Unable to allocate 41.3 PiB for an array with shape (212, 27385657281648) and data type float64\n')
Traceback (most recent call last):
  File "/usr/local/lib/python3.8/dist-packages/optuna/study/_optimize.py", line 196, in _run_trial
    value_or_values = func(trial)
  File "/tmp/ipykernel_7443/2264325072.py", line 23, in __call__
    scores = cross_validate(estimator=model, scoring=metrics,
  File "/usr/local/lib/python3.8/dist-packages/sklearn/model_selection/_validation.py", line 285, in cross_validate
    _warn_or_raise_about_fit_failures(results, error_score)
  File "/usr/local/lib/python3.8/dist-packages/sklearn/model_selection/_validation.py", line 367, in _warn_or_raise_about_fit_failures
    raise ValueError(all_fits_failed_message)
ValueError: 
All the 10 fits failed.
It is very likely that your model is misconfigured.
You can try to debug the error by setting error_score='raise'.

Below are more details about the failures:
--------------------------------------------------------------------------------
5 fits failed with the following error:
Traceback (most recent call last):
  File "/usr/local/lib/python3.8/dist-packages/sklearn/model_selection/_validation.py", line 686, in _fit_and_score
    estimator.fit(X_train, y_train, **fit_params)
  File "/usr/local/lib/python3.8/dist-packages/sklearn/pipeline.py", line 378, in fit
    Xt = self._fit(X, y, **fit_params_steps)
  File "/usr/local/lib/python3.8/dist-packages/sklearn/pipeline.py", line 336, in _fit
    X, fitted_transformer = fit_transform_one_cached(
  File "/usr/local/lib/python3.8/dist-packages/joblib/memory.py", line 349, in __call__
    return self.func(*args, **kwargs)
  File "/usr/local/lib/python3.8/dist-packages/sklearn/pipeline.py", line 870, in _fit_transform_one
    res = transformer.fit_transform(X, y, **fit_params)
  File "/usr/local/lib/python3.8/dist-packages/sklearn/base.py", line 870, in fit_transform
    return self.fit(X, y, **fit_params).transform(X)
  File "/usr/local/lib/python3.8/dist-packages/sklearn/preprocessing/_polynomial.py", line 432, in transform
    XP = np.empty(
numpy.core._exceptions._ArrayMemoryError: Unable to allocate 41.1 PiB for an array with shape (211, 27385657281648) and data type float64

--------------------------------------------------------------------------------
5 fits failed with the following error:
Traceback (most recent call last):
  File "/usr/local/lib/python3.8/dist-packages/sklearn/model_selection/_validation.py", line 686, in _fit_and_score
    estimator.fit(X_train, y_train, **fit_params)
  File "/usr/local/lib/python3.8/dist-packages/sklearn/pipeline.py", line 378, in fit
    Xt = self._fit(X, y, **fit_params_steps)
  File "/usr/local/lib/python3.8/dist-packages/sklearn/pipeline.py", line 336, in _fit
    X, fitted_transformer = fit_transform_one_cached(
  File "/usr/local/lib/python3.8/dist-packages/joblib/memory.py", line 349, in __call__
    return self.func(*args, **kwargs)
  File "/usr/local/lib/python3.8/dist-packages/sklearn/pipeline.py", line 870, in _fit_transform_one
    res = transformer.fit_transform(X, y, **fit_params)
  File "/usr/local/lib/python3.8/dist-packages/sklearn/base.py", line 870, in fit_transform
    return self.fit(X, y, **fit_params).transform(X)
  File "/usr/local/lib/python3.8/dist-packages/sklearn/preprocessing/_polynomial.py", line 432, in transform
    XP = np.empty(
numpy.core._exceptions._ArrayMemoryError: Unable to allocate 41.3 PiB for an array with shape (212, 27385657281648) and data type float64

Trial 17 failed because of the following error: ValueError('\nAll the 10 fits failed.\nIt is very likely that your model is misconfigured.\nYou can try to debug the error by setting error_score=\'raise\'.\n\nBelow are more details about the failures:\n--------------------------------------------------------------------------------\n5 fits failed with the following error:\nTraceback (most recent call last):\n  File "/usr/local/lib/python3.8/dist-packages/sklearn/model_selection/_validation.py", line 686, in _fit_and_score\n    estimator.fit(X_train, y_train, **fit_params)\n  File "/usr/local/lib/python3.8/dist-packages/sklearn/pipeline.py", line 378, in fit\n    Xt = self._fit(X, y, **fit_params_steps)\n  File "/usr/local/lib/python3.8/dist-packages/sklearn/pipeline.py", line 336, in _fit\n    X, fitted_transformer = fit_transform_one_cached(\n  File "/usr/local/lib/python3.8/dist-packages/joblib/memory.py", line 349, in __call__\n    return self.func(*args, **kwargs)\n  File "/usr/local/lib/python3.8/dist-packages/sklearn/pipeline.py", line 870, in _fit_transform_one\n    res = transformer.fit_transform(X, y, **fit_params)\n  File "/usr/local/lib/python3.8/dist-packages/sklearn/base.py", line 870, in fit_transform\n    return self.fit(X, y, **fit_params).transform(X)\n  File "/usr/local/lib/python3.8/dist-packages/sklearn/preprocessing/_polynomial.py", line 432, in transform\n    XP = np.empty(\nnumpy.core._exceptions._ArrayMemoryError: Unable to allocate 101. GiB for an array with shape (211, 64512240) and data type float64\n\n--------------------------------------------------------------------------------\n5 fits failed with the following error:\nTraceback (most recent call last):\n  File "/usr/local/lib/python3.8/dist-packages/sklearn/model_selection/_validation.py", line 686, in _fit_and_score\n    estimator.fit(X_train, y_train, **fit_params)\n  File "/usr/local/lib/python3.8/dist-packages/sklearn/pipeline.py", line 378, in fit\n    Xt = self._fit(X, y, **fit_params_steps)\n  File "/usr/local/lib/python3.8/dist-packages/sklearn/pipeline.py", line 336, in _fit\n    X, fitted_transformer = fit_transform_one_cached(\n  File "/usr/local/lib/python3.8/dist-packages/joblib/memory.py", line 349, in __call__\n    return self.func(*args, **kwargs)\n  File "/usr/local/lib/python3.8/dist-packages/sklearn/pipeline.py", line 870, in _fit_transform_one\n    res = transformer.fit_transform(X, y, **fit_params)\n  File "/usr/local/lib/python3.8/dist-packages/sklearn/base.py", line 870, in fit_transform\n    return self.fit(X, y, **fit_params).transform(X)\n  File "/usr/local/lib/python3.8/dist-packages/sklearn/preprocessing/_polynomial.py", line 432, in transform\n    XP = np.empty(\nnumpy.core._exceptions._ArrayMemoryError: Unable to allocate 102. GiB for an array with shape (212, 64512240) and data type float64\n')
Traceback (most recent call last):
  File "/usr/local/lib/python3.8/dist-packages/optuna/study/_optimize.py", line 196, in _run_trial
    value_or_values = func(trial)
  File "/tmp/ipykernel_7443/2264325072.py", line 23, in __call__
    scores = cross_validate(estimator=model, scoring=metrics,
  File "/usr/local/lib/python3.8/dist-packages/sklearn/model_selection/_validation.py", line 285, in cross_validate
    _warn_or_raise_about_fit_failures(results, error_score)
  File "/usr/local/lib/python3.8/dist-packages/sklearn/model_selection/_validation.py", line 367, in _warn_or_raise_about_fit_failures
    raise ValueError(all_fits_failed_message)
ValueError: 
All the 10 fits failed.
It is very likely that your model is misconfigured.
You can try to debug the error by setting error_score='raise'.

Below are more details about the failures:
--------------------------------------------------------------------------------
5 fits failed with the following error:
Traceback (most recent call last):
  File "/usr/local/lib/python3.8/dist-packages/sklearn/model_selection/_validation.py", line 686, in _fit_and_score
    estimator.fit(X_train, y_train, **fit_params)
  File "/usr/local/lib/python3.8/dist-packages/sklearn/pipeline.py", line 378, in fit
    Xt = self._fit(X, y, **fit_params_steps)
  File "/usr/local/lib/python3.8/dist-packages/sklearn/pipeline.py", line 336, in _fit
    X, fitted_transformer = fit_transform_one_cached(
  File "/usr/local/lib/python3.8/dist-packages/joblib/memory.py", line 349, in __call__
    return self.func(*args, **kwargs)
  File "/usr/local/lib/python3.8/dist-packages/sklearn/pipeline.py", line 870, in _fit_transform_one
    res = transformer.fit_transform(X, y, **fit_params)
  File "/usr/local/lib/python3.8/dist-packages/sklearn/base.py", line 870, in fit_transform
    return self.fit(X, y, **fit_params).transform(X)
  File "/usr/local/lib/python3.8/dist-packages/sklearn/preprocessing/_polynomial.py", line 432, in transform
    XP = np.empty(
numpy.core._exceptions._ArrayMemoryError: Unable to allocate 101. GiB for an array with shape (211, 64512240) and data type float64

--------------------------------------------------------------------------------
5 fits failed with the following error:
Traceback (most recent call last):
  File "/usr/local/lib/python3.8/dist-packages/sklearn/model_selection/_validation.py", line 686, in _fit_and_score
    estimator.fit(X_train, y_train, **fit_params)
  File "/usr/local/lib/python3.8/dist-packages/sklearn/pipeline.py", line 378, in fit
    Xt = self._fit(X, y, **fit_params_steps)
  File "/usr/local/lib/python3.8/dist-packages/sklearn/pipeline.py", line 336, in _fit
    X, fitted_transformer = fit_transform_one_cached(
  File "/usr/local/lib/python3.8/dist-packages/joblib/memory.py", line 349, in __call__
    return self.func(*args, **kwargs)
  File "/usr/local/lib/python3.8/dist-packages/sklearn/pipeline.py", line 870, in _fit_transform_one
    res = transformer.fit_transform(X, y, **fit_params)
  File "/usr/local/lib/python3.8/dist-packages/sklearn/base.py", line 870, in fit_transform
    return self.fit(X, y, **fit_params).transform(X)
  File "/usr/local/lib/python3.8/dist-packages/sklearn/preprocessing/_polynomial.py", line 432, in transform
    XP = np.empty(
numpy.core._exceptions._ArrayMemoryError: Unable to allocate 102. GiB for an array with shape (212, 64512240) and data type float64

Trial 7 failed because of the following error: ValueError('\nAll the 10 fits failed.\nIt is very likely that your model is misconfigured.\nYou can try to debug the error by setting error_score=\'raise\'.\n\nBelow are more details about the failures:\n--------------------------------------------------------------------------------\n5 fits failed with the following error:\nTraceback (most recent call last):\n  File "/usr/local/lib/python3.8/dist-packages/sklearn/model_selection/_validation.py", line 686, in _fit_and_score\n    estimator.fit(X_train, y_train, **fit_params)\n  File "/usr/local/lib/python3.8/dist-packages/sklearn/pipeline.py", line 378, in fit\n    Xt = self._fit(X, y, **fit_params_steps)\n  File "/usr/local/lib/python3.8/dist-packages/sklearn/pipeline.py", line 336, in _fit\n    X, fitted_transformer = fit_transform_one_cached(\n  File "/usr/local/lib/python3.8/dist-packages/joblib/memory.py", line 349, in __call__\n    return self.func(*args, **kwargs)\n  File "/usr/local/lib/python3.8/dist-packages/sklearn/pipeline.py", line 870, in _fit_transform_one\n    res = transformer.fit_transform(X, y, **fit_params)\n  File "/usr/local/lib/python3.8/dist-packages/sklearn/base.py", line 870, in fit_transform\n    return self.fit(X, y, **fit_params).transform(X)\n  File "/usr/local/lib/python3.8/dist-packages/sklearn/preprocessing/_polynomial.py", line 432, in transform\n    XP = np.empty(\nnumpy.core._exceptions._ArrayMemoryError: Unable to allocate 2.27 TiB for an array with shape (211, 1476337800) and data type float64\n\n--------------------------------------------------------------------------------\n5 fits failed with the following error:\nTraceback (most recent call last):\n  File "/usr/local/lib/python3.8/dist-packages/sklearn/model_selection/_validation.py", line 686, in _fit_and_score\n    estimator.fit(X_train, y_train, **fit_params)\n  File "/usr/local/lib/python3.8/dist-packages/sklearn/pipeline.py", line 378, in fit\n    Xt = self._fit(X, y, **fit_params_steps)\n  File "/usr/local/lib/python3.8/dist-packages/sklearn/pipeline.py", line 336, in _fit\n    X, fitted_transformer = fit_transform_one_cached(\n  File "/usr/local/lib/python3.8/dist-packages/joblib/memory.py", line 349, in __call__\n    return self.func(*args, **kwargs)\n  File "/usr/local/lib/python3.8/dist-packages/sklearn/pipeline.py", line 870, in _fit_transform_one\n    res = transformer.fit_transform(X, y, **fit_params)\n  File "/usr/local/lib/python3.8/dist-packages/sklearn/base.py", line 870, in fit_transform\n    return self.fit(X, y, **fit_params).transform(X)\n  File "/usr/local/lib/python3.8/dist-packages/sklearn/preprocessing/_polynomial.py", line 432, in transform\n    XP = np.empty(\nnumpy.core._exceptions._ArrayMemoryError: Unable to allocate 2.28 TiB for an array with shape (212, 1476337800) and data type float64\n')
Traceback (most recent call last):
  File "/usr/local/lib/python3.8/dist-packages/optuna/study/_optimize.py", line 196, in _run_trial
    value_or_values = func(trial)
  File "/tmp/ipykernel_7443/2264325072.py", line 23, in __call__
    scores = cross_validate(estimator=model, scoring=metrics,
  File "/usr/local/lib/python3.8/dist-packages/sklearn/model_selection/_validation.py", line 285, in cross_validate
    _warn_or_raise_about_fit_failures(results, error_score)
  File "/usr/local/lib/python3.8/dist-packages/sklearn/model_selection/_validation.py", line 367, in _warn_or_raise_about_fit_failures
    raise ValueError(all_fits_failed_message)
ValueError: 
All the 10 fits failed.
It is very likely that your model is misconfigured.
You can try to debug the error by setting error_score='raise'.

Below are more details about the failures:
--------------------------------------------------------------------------------
5 fits failed with the following error:
Traceback (most recent call last):
  File "/usr/local/lib/python3.8/dist-packages/sklearn/model_selection/_validation.py", line 686, in _fit_and_score
    estimator.fit(X_train, y_train, **fit_params)
  File "/usr/local/lib/python3.8/dist-packages/sklearn/pipeline.py", line 378, in fit
    Xt = self._fit(X, y, **fit_params_steps)
  File "/usr/local/lib/python3.8/dist-packages/sklearn/pipeline.py", line 336, in _fit
    X, fitted_transformer = fit_transform_one_cached(
  File "/usr/local/lib/python3.8/dist-packages/joblib/memory.py", line 349, in __call__
    return self.func(*args, **kwargs)
  File "/usr/local/lib/python3.8/dist-packages/sklearn/pipeline.py", line 870, in _fit_transform_one
    res = transformer.fit_transform(X, y, **fit_params)
  File "/usr/local/lib/python3.8/dist-packages/sklearn/base.py", line 870, in fit_transform
    return self.fit(X, y, **fit_params).transform(X)
  File "/usr/local/lib/python3.8/dist-packages/sklearn/preprocessing/_polynomial.py", line 432, in transform
    XP = np.empty(
numpy.core._exceptions._ArrayMemoryError: Unable to allocate 2.27 TiB for an array with shape (211, 1476337800) and data type float64

--------------------------------------------------------------------------------
5 fits failed with the following error:
Traceback (most recent call last):
  File "/usr/local/lib/python3.8/dist-packages/sklearn/model_selection/_validation.py", line 686, in _fit_and_score
    estimator.fit(X_train, y_train, **fit_params)
  File "/usr/local/lib/python3.8/dist-packages/sklearn/pipeline.py", line 378, in fit
    Xt = self._fit(X, y, **fit_params_steps)
  File "/usr/local/lib/python3.8/dist-packages/sklearn/pipeline.py", line 336, in _fit
    X, fitted_transformer = fit_transform_one_cached(
  File "/usr/local/lib/python3.8/dist-packages/joblib/memory.py", line 349, in __call__
    return self.func(*args, **kwargs)
  File "/usr/local/lib/python3.8/dist-packages/sklearn/pipeline.py", line 870, in _fit_transform_one
    res = transformer.fit_transform(X, y, **fit_params)
  File "/usr/local/lib/python3.8/dist-packages/sklearn/base.py", line 870, in fit_transform
    return self.fit(X, y, **fit_params).transform(X)
  File "/usr/local/lib/python3.8/dist-packages/sklearn/preprocessing/_polynomial.py", line 432, in transform
    XP = np.empty(
numpy.core._exceptions._ArrayMemoryError: Unable to allocate 2.28 TiB for an array with shape (212, 1476337800) and data type float64

Trial 18 failed because of the following error: ValueError('\nAll the 10 fits failed.\nIt is very likely that your model is misconfigured.\nYou can try to debug the error by setting error_score=\'raise\'.\n\nBelow are more details about the failures:\n--------------------------------------------------------------------------------\n5 fits failed with the following error:\nTraceback (most recent call last):\n  File "/usr/local/lib/python3.8/dist-packages/sklearn/model_selection/_validation.py", line 686, in _fit_and_score\n    estimator.fit(X_train, y_train, **fit_params)\n  File "/usr/local/lib/python3.8/dist-packages/sklearn/pipeline.py", line 378, in fit\n    Xt = self._fit(X, y, **fit_params_steps)\n  File "/usr/local/lib/python3.8/dist-packages/sklearn/pipeline.py", line 336, in _fit\n    X, fitted_transformer = fit_transform_one_cached(\n  File "/usr/local/lib/python3.8/dist-packages/joblib/memory.py", line 349, in __call__\n    return self.func(*args, **kwargs)\n  File "/usr/local/lib/python3.8/dist-packages/sklearn/pipeline.py", line 870, in _fit_transform_one\n    res = transformer.fit_transform(X, y, **fit_params)\n  File "/usr/local/lib/python3.8/dist-packages/sklearn/base.py", line 870, in fit_transform\n    return self.fit(X, y, **fit_params).transform(X)\n  File "/usr/local/lib/python3.8/dist-packages/sklearn/preprocessing/_polynomial.py", line 432, in transform\n    XP = np.empty(\nnumpy.core._exceptions._ArrayMemoryError: Unable to allocate 693. PiB for an array with shape (211, 462525733568080) and data type float64\n\n--------------------------------------------------------------------------------\n5 fits failed with the following error:\nTraceback (most recent call last):\n  File "/usr/local/lib/python3.8/dist-packages/sklearn/model_selection/_validation.py", line 686, in _fit_and_score\n    estimator.fit(X_train, y_train, **fit_params)\n  File "/usr/local/lib/python3.8/dist-packages/sklearn/pipeline.py", line 378, in fit\n    Xt = self._fit(X, y, **fit_params_steps)\n  File "/usr/local/lib/python3.8/dist-packages/sklearn/pipeline.py", line 336, in _fit\n    X, fitted_transformer = fit_transform_one_cached(\n  File "/usr/local/lib/python3.8/dist-packages/joblib/memory.py", line 349, in __call__\n    return self.func(*args, **kwargs)\n  File "/usr/local/lib/python3.8/dist-packages/sklearn/pipeline.py", line 870, in _fit_transform_one\n    res = transformer.fit_transform(X, y, **fit_params)\n  File "/usr/local/lib/python3.8/dist-packages/sklearn/base.py", line 870, in fit_transform\n    return self.fit(X, y, **fit_params).transform(X)\n  File "/usr/local/lib/python3.8/dist-packages/sklearn/preprocessing/_polynomial.py", line 432, in transform\n    XP = np.empty(\nnumpy.core._exceptions._ArrayMemoryError: Unable to allocate 697. PiB for an array with shape (212, 462525733568080) and data type float64\n')
Traceback (most recent call last):
  File "/usr/local/lib/python3.8/dist-packages/optuna/study/_optimize.py", line 196, in _run_trial
    value_or_values = func(trial)
  File "/tmp/ipykernel_7443/2264325072.py", line 23, in __call__
    scores = cross_validate(estimator=model, scoring=metrics,
  File "/usr/local/lib/python3.8/dist-packages/sklearn/model_selection/_validation.py", line 285, in cross_validate
    _warn_or_raise_about_fit_failures(results, error_score)
  File "/usr/local/lib/python3.8/dist-packages/sklearn/model_selection/_validation.py", line 367, in _warn_or_raise_about_fit_failures
    raise ValueError(all_fits_failed_message)
ValueError: 
All the 10 fits failed.
It is very likely that your model is misconfigured.
You can try to debug the error by setting error_score='raise'.

Below are more details about the failures:
--------------------------------------------------------------------------------
5 fits failed with the following error:
Traceback (most recent call last):
  File "/usr/local/lib/python3.8/dist-packages/sklearn/model_selection/_validation.py", line 686, in _fit_and_score
    estimator.fit(X_train, y_train, **fit_params)
  File "/usr/local/lib/python3.8/dist-packages/sklearn/pipeline.py", line 378, in fit
    Xt = self._fit(X, y, **fit_params_steps)
  File "/usr/local/lib/python3.8/dist-packages/sklearn/pipeline.py", line 336, in _fit
    X, fitted_transformer = fit_transform_one_cached(
  File "/usr/local/lib/python3.8/dist-packages/joblib/memory.py", line 349, in __call__
    return self.func(*args, **kwargs)
  File "/usr/local/lib/python3.8/dist-packages/sklearn/pipeline.py", line 870, in _fit_transform_one
    res = transformer.fit_transform(X, y, **fit_params)
  File "/usr/local/lib/python3.8/dist-packages/sklearn/base.py", line 870, in fit_transform
    return self.fit(X, y, **fit_params).transform(X)
  File "/usr/local/lib/python3.8/dist-packages/sklearn/preprocessing/_polynomial.py", line 432, in transform
    XP = np.empty(
numpy.core._exceptions._ArrayMemoryError: Unable to allocate 693. PiB for an array with shape (211, 462525733568080) and data type float64

--------------------------------------------------------------------------------
5 fits failed with the following error:
Traceback (most recent call last):
  File "/usr/local/lib/python3.8/dist-packages/sklearn/model_selection/_validation.py", line 686, in _fit_and_score
    estimator.fit(X_train, y_train, **fit_params)
  File "/usr/local/lib/python3.8/dist-packages/sklearn/pipeline.py", line 378, in fit
    Xt = self._fit(X, y, **fit_params_steps)
  File "/usr/local/lib/python3.8/dist-packages/sklearn/pipeline.py", line 336, in _fit
    X, fitted_transformer = fit_transform_one_cached(
  File "/usr/local/lib/python3.8/dist-packages/joblib/memory.py", line 349, in __call__
    return self.func(*args, **kwargs)
  File "/usr/local/lib/python3.8/dist-packages/sklearn/pipeline.py", line 870, in _fit_transform_one
    res = transformer.fit_transform(X, y, **fit_params)
  File "/usr/local/lib/python3.8/dist-packages/sklearn/base.py", line 870, in fit_transform
    return self.fit(X, y, **fit_params).transform(X)
  File "/usr/local/lib/python3.8/dist-packages/sklearn/preprocessing/_polynomial.py", line 432, in transform
    XP = np.empty(
numpy.core._exceptions._ArrayMemoryError: Unable to allocate 697. PiB for an array with shape (212, 462525733568080) and data type float64

Trial 4 failed because of the following error: ValueError('\nAll the 10 fits failed.\nIt is very likely that your model is misconfigured.\nYou can try to debug the error by setting error_score=\'raise\'.\n\nBelow are more details about the failures:\n--------------------------------------------------------------------------------\n10 fits failed with the following error:\nTraceback (most recent call last):\n  File "/usr/local/lib/python3.8/dist-packages/sklearn/model_selection/_validation.py", line 686, in _fit_and_score\n    estimator.fit(X_train, y_train, **fit_params)\n  File "/usr/local/lib/python3.8/dist-packages/sklearn/pipeline.py", line 378, in fit\n    Xt = self._fit(X, y, **fit_params_steps)\n  File "/usr/local/lib/python3.8/dist-packages/sklearn/pipeline.py", line 336, in _fit\n    X, fitted_transformer = fit_transform_one_cached(\n  File "/usr/local/lib/python3.8/dist-packages/joblib/memory.py", line 349, in __call__\n    return self.func(*args, **kwargs)\n  File "/usr/local/lib/python3.8/dist-packages/sklearn/pipeline.py", line 870, in _fit_transform_one\n    res = transformer.fit_transform(X, y, **fit_params)\n  File "/usr/local/lib/python3.8/dist-packages/sklearn/base.py", line 870, in fit_transform\n    return self.fit(X, y, **fit_params).transform(X)\n  File "/usr/local/lib/python3.8/dist-packages/sklearn/preprocessing/_polynomial.py", line 432, in transform\n    XP = np.empty(\nValueError: Maximum allowed dimension exceeded\n')
Traceback (most recent call last):
  File "/usr/local/lib/python3.8/dist-packages/optuna/study/_optimize.py", line 196, in _run_trial
    value_or_values = func(trial)
  File "/tmp/ipykernel_7443/2264325072.py", line 23, in __call__
    scores = cross_validate(estimator=model, scoring=metrics,
  File "/usr/local/lib/python3.8/dist-packages/sklearn/model_selection/_validation.py", line 285, in cross_validate
    _warn_or_raise_about_fit_failures(results, error_score)
  File "/usr/local/lib/python3.8/dist-packages/sklearn/model_selection/_validation.py", line 367, in _warn_or_raise_about_fit_failures
    raise ValueError(all_fits_failed_message)
ValueError: 
All the 10 fits failed.
It is very likely that your model is misconfigured.
You can try to debug the error by setting error_score='raise'.

Below are more details about the failures:
--------------------------------------------------------------------------------
10 fits failed with the following error:
Traceback (most recent call last):
  File "/usr/local/lib/python3.8/dist-packages/sklearn/model_selection/_validation.py", line 686, in _fit_and_score
    estimator.fit(X_train, y_train, **fit_params)
  File "/usr/local/lib/python3.8/dist-packages/sklearn/pipeline.py", line 378, in fit
    Xt = self._fit(X, y, **fit_params_steps)
  File "/usr/local/lib/python3.8/dist-packages/sklearn/pipeline.py", line 336, in _fit
    X, fitted_transformer = fit_transform_one_cached(
  File "/usr/local/lib/python3.8/dist-packages/joblib/memory.py", line 349, in __call__
    return self.func(*args, **kwargs)
  File "/usr/local/lib/python3.8/dist-packages/sklearn/pipeline.py", line 870, in _fit_transform_one
    res = transformer.fit_transform(X, y, **fit_params)
  File "/usr/local/lib/python3.8/dist-packages/sklearn/base.py", line 870, in fit_transform
    return self.fit(X, y, **fit_params).transform(X)
  File "/usr/local/lib/python3.8/dist-packages/sklearn/preprocessing/_polynomial.py", line 432, in transform
    XP = np.empty(
ValueError: Maximum allowed dimension exceeded

Trial 3 failed because of the following error: ValueError('\nAll the 10 fits failed.\nIt is very likely that your model is misconfigured.\nYou can try to debug the error by setting error_score=\'raise\'.\n\nBelow are more details about the failures:\n--------------------------------------------------------------------------------\n10 fits failed with the following error:\nTraceback (most recent call last):\n  File "/usr/local/lib/python3.8/dist-packages/sklearn/model_selection/_validation.py", line 686, in _fit_and_score\n    estimator.fit(X_train, y_train, **fit_params)\n  File "/usr/local/lib/python3.8/dist-packages/sklearn/pipeline.py", line 378, in fit\n    Xt = self._fit(X, y, **fit_params_steps)\n  File "/usr/local/lib/python3.8/dist-packages/sklearn/pipeline.py", line 336, in _fit\n    X, fitted_transformer = fit_transform_one_cached(\n  File "/usr/local/lib/python3.8/dist-packages/joblib/memory.py", line 349, in __call__\n    return self.func(*args, **kwargs)\n  File "/usr/local/lib/python3.8/dist-packages/sklearn/pipeline.py", line 870, in _fit_transform_one\n    res = transformer.fit_transform(X, y, **fit_params)\n  File "/usr/local/lib/python3.8/dist-packages/sklearn/base.py", line 870, in fit_transform\n    return self.fit(X, y, **fit_params).transform(X)\n  File "/usr/local/lib/python3.8/dist-packages/sklearn/preprocessing/_polynomial.py", line 432, in transform\n    XP = np.empty(\nValueError: Maximum allowed dimension exceeded\n')
Traceback (most recent call last):
  File "/usr/local/lib/python3.8/dist-packages/optuna/study/_optimize.py", line 196, in _run_trial
    value_or_values = func(trial)
  File "/tmp/ipykernel_7443/2264325072.py", line 23, in __call__
    scores = cross_validate(estimator=model, scoring=metrics,
  File "/usr/local/lib/python3.8/dist-packages/sklearn/model_selection/_validation.py", line 285, in cross_validate
    _warn_or_raise_about_fit_failures(results, error_score)
  File "/usr/local/lib/python3.8/dist-packages/sklearn/model_selection/_validation.py", line 367, in _warn_or_raise_about_fit_failures
    raise ValueError(all_fits_failed_message)
ValueError: 
All the 10 fits failed.
It is very likely that your model is misconfigured.
You can try to debug the error by setting error_score='raise'.

Below are more details about the failures:
--------------------------------------------------------------------------------
10 fits failed with the following error:
Traceback (most recent call last):
  File "/usr/local/lib/python3.8/dist-packages/sklearn/model_selection/_validation.py", line 686, in _fit_and_score
    estimator.fit(X_train, y_train, **fit_params)
  File "/usr/local/lib/python3.8/dist-packages/sklearn/pipeline.py", line 378, in fit
    Xt = self._fit(X, y, **fit_params_steps)
  File "/usr/local/lib/python3.8/dist-packages/sklearn/pipeline.py", line 336, in _fit
    X, fitted_transformer = fit_transform_one_cached(
  File "/usr/local/lib/python3.8/dist-packages/joblib/memory.py", line 349, in __call__
    return self.func(*args, **kwargs)
  File "/usr/local/lib/python3.8/dist-packages/sklearn/pipeline.py", line 870, in _fit_transform_one
    res = transformer.fit_transform(X, y, **fit_params)
  File "/usr/local/lib/python3.8/dist-packages/sklearn/base.py", line 870, in fit_transform
    return self.fit(X, y, **fit_params).transform(X)
  File "/usr/local/lib/python3.8/dist-packages/sklearn/preprocessing/_polynomial.py", line 432, in transform
    XP = np.empty(
ValueError: Maximum allowed dimension exceeded

Trial 0 failed because of the following error: ValueError('\nAll the 10 fits failed.\nIt is very likely that your model is misconfigured.\nYou can try to debug the error by setting error_score=\'raise\'.\n\nBelow are more details about the failures:\n--------------------------------------------------------------------------------\n10 fits failed with the following error:\nTraceback (most recent call last):\n  File "/usr/local/lib/python3.8/dist-packages/sklearn/model_selection/_validation.py", line 686, in _fit_and_score\n    estimator.fit(X_train, y_train, **fit_params)\n  File "/usr/local/lib/python3.8/dist-packages/sklearn/pipeline.py", line 378, in fit\n    Xt = self._fit(X, y, **fit_params_steps)\n  File "/usr/local/lib/python3.8/dist-packages/sklearn/pipeline.py", line 336, in _fit\n    X, fitted_transformer = fit_transform_one_cached(\n  File "/usr/local/lib/python3.8/dist-packages/joblib/memory.py", line 349, in __call__\n    return self.func(*args, **kwargs)\n  File "/usr/local/lib/python3.8/dist-packages/sklearn/pipeline.py", line 870, in _fit_transform_one\n    res = transformer.fit_transform(X, y, **fit_params)\n  File "/usr/local/lib/python3.8/dist-packages/sklearn/base.py", line 870, in fit_transform\n    return self.fit(X, y, **fit_params).transform(X)\n  File "/usr/local/lib/python3.8/dist-packages/sklearn/preprocessing/_polynomial.py", line 432, in transform\n    XP = np.empty(\nValueError: Maximum allowed dimension exceeded\n')
Traceback (most recent call last):
  File "/usr/local/lib/python3.8/dist-packages/optuna/study/_optimize.py", line 196, in _run_trial
    value_or_values = func(trial)
  File "/tmp/ipykernel_7443/2264325072.py", line 23, in __call__
    scores = cross_validate(estimator=model, scoring=metrics,
  File "/usr/local/lib/python3.8/dist-packages/sklearn/model_selection/_validation.py", line 285, in cross_validate
    _warn_or_raise_about_fit_failures(results, error_score)
  File "/usr/local/lib/python3.8/dist-packages/sklearn/model_selection/_validation.py", line 367, in _warn_or_raise_about_fit_failures
    raise ValueError(all_fits_failed_message)
ValueError: 
All the 10 fits failed.
It is very likely that your model is misconfigured.
You can try to debug the error by setting error_score='raise'.

Below are more details about the failures:
--------------------------------------------------------------------------------
10 fits failed with the following error:
Traceback (most recent call last):
  File "/usr/local/lib/python3.8/dist-packages/sklearn/model_selection/_validation.py", line 686, in _fit_and_score
    estimator.fit(X_train, y_train, **fit_params)
  File "/usr/local/lib/python3.8/dist-packages/sklearn/pipeline.py", line 378, in fit
    Xt = self._fit(X, y, **fit_params_steps)
  File "/usr/local/lib/python3.8/dist-packages/sklearn/pipeline.py", line 336, in _fit
    X, fitted_transformer = fit_transform_one_cached(
  File "/usr/local/lib/python3.8/dist-packages/joblib/memory.py", line 349, in __call__
    return self.func(*args, **kwargs)
  File "/usr/local/lib/python3.8/dist-packages/sklearn/pipeline.py", line 870, in _fit_transform_one
    res = transformer.fit_transform(X, y, **fit_params)
  File "/usr/local/lib/python3.8/dist-packages/sklearn/base.py", line 870, in fit_transform
    return self.fit(X, y, **fit_params).transform(X)
  File "/usr/local/lib/python3.8/dist-packages/sklearn/preprocessing/_polynomial.py", line 432, in transform
    XP = np.empty(
ValueError: Maximum allowed dimension exceeded

Trial 5 failed because of the following error: ValueError('\nAll the 10 fits failed.\nIt is very likely that your model is misconfigured.\nYou can try to debug the error by setting error_score=\'raise\'.\n\nBelow are more details about the failures:\n--------------------------------------------------------------------------------\n10 fits failed with the following error:\nTraceback (most recent call last):\n  File "/usr/local/lib/python3.8/dist-packages/sklearn/model_selection/_validation.py", line 686, in _fit_and_score\n    estimator.fit(X_train, y_train, **fit_params)\n  File "/usr/local/lib/python3.8/dist-packages/sklearn/pipeline.py", line 378, in fit\n    Xt = self._fit(X, y, **fit_params_steps)\n  File "/usr/local/lib/python3.8/dist-packages/sklearn/pipeline.py", line 336, in _fit\n    X, fitted_transformer = fit_transform_one_cached(\n  File "/usr/local/lib/python3.8/dist-packages/joblib/memory.py", line 349, in __call__\n    return self.func(*args, **kwargs)\n  File "/usr/local/lib/python3.8/dist-packages/sklearn/pipeline.py", line 870, in _fit_transform_one\n    res = transformer.fit_transform(X, y, **fit_params)\n  File "/usr/local/lib/python3.8/dist-packages/sklearn/base.py", line 870, in fit_transform\n    return self.fit(X, y, **fit_params).transform(X)\n  File "/usr/local/lib/python3.8/dist-packages/sklearn/preprocessing/_polynomial.py", line 432, in transform\n    XP = np.empty(\nValueError: Maximum allowed dimension exceeded\n')
Traceback (most recent call last):
  File "/usr/local/lib/python3.8/dist-packages/optuna/study/_optimize.py", line 196, in _run_trial
    value_or_values = func(trial)
  File "/tmp/ipykernel_7443/2264325072.py", line 23, in __call__
    scores = cross_validate(estimator=model, scoring=metrics,
  File "/usr/local/lib/python3.8/dist-packages/sklearn/model_selection/_validation.py", line 285, in cross_validate
    _warn_or_raise_about_fit_failures(results, error_score)
  File "/usr/local/lib/python3.8/dist-packages/sklearn/model_selection/_validation.py", line 367, in _warn_or_raise_about_fit_failures
    raise ValueError(all_fits_failed_message)
ValueError: 
All the 10 fits failed.
It is very likely that your model is misconfigured.
You can try to debug the error by setting error_score='raise'.

Below are more details about the failures:
--------------------------------------------------------------------------------
10 fits failed with the following error:
Traceback (most recent call last):
  File "/usr/local/lib/python3.8/dist-packages/sklearn/model_selection/_validation.py", line 686, in _fit_and_score
    estimator.fit(X_train, y_train, **fit_params)
  File "/usr/local/lib/python3.8/dist-packages/sklearn/pipeline.py", line 378, in fit
    Xt = self._fit(X, y, **fit_params_steps)
  File "/usr/local/lib/python3.8/dist-packages/sklearn/pipeline.py", line 336, in _fit
    X, fitted_transformer = fit_transform_one_cached(
  File "/usr/local/lib/python3.8/dist-packages/joblib/memory.py", line 349, in __call__
    return self.func(*args, **kwargs)
  File "/usr/local/lib/python3.8/dist-packages/sklearn/pipeline.py", line 870, in _fit_transform_one
    res = transformer.fit_transform(X, y, **fit_params)
  File "/usr/local/lib/python3.8/dist-packages/sklearn/base.py", line 870, in fit_transform
    return self.fit(X, y, **fit_params).transform(X)
  File "/usr/local/lib/python3.8/dist-packages/sklearn/preprocessing/_polynomial.py", line 432, in transform
    XP = np.empty(
ValueError: Maximum allowed dimension exceeded

Trial 14 failed because of the following error: ValueError('\nAll the 10 fits failed.\nIt is very likely that your model is misconfigured.\nYou can try to debug the error by setting error_score=\'raise\'.\n\nBelow are more details about the failures:\n--------------------------------------------------------------------------------\n10 fits failed with the following error:\nTraceback (most recent call last):\n  File "/usr/local/lib/python3.8/dist-packages/sklearn/model_selection/_validation.py", line 686, in _fit_and_score\n    estimator.fit(X_train, y_train, **fit_params)\n  File "/usr/local/lib/python3.8/dist-packages/sklearn/pipeline.py", line 378, in fit\n    Xt = self._fit(X, y, **fit_params_steps)\n  File "/usr/local/lib/python3.8/dist-packages/sklearn/pipeline.py", line 336, in _fit\n    X, fitted_transformer = fit_transform_one_cached(\n  File "/usr/local/lib/python3.8/dist-packages/joblib/memory.py", line 349, in __call__\n    return self.func(*args, **kwargs)\n  File "/usr/local/lib/python3.8/dist-packages/sklearn/pipeline.py", line 870, in _fit_transform_one\n    res = transformer.fit_transform(X, y, **fit_params)\n  File "/usr/local/lib/python3.8/dist-packages/sklearn/base.py", line 870, in fit_transform\n    return self.fit(X, y, **fit_params).transform(X)\n  File "/usr/local/lib/python3.8/dist-packages/sklearn/preprocessing/_polynomial.py", line 432, in transform\n    XP = np.empty(\nValueError: Maximum allowed dimension exceeded\n')
Traceback (most recent call last):
  File "/usr/local/lib/python3.8/dist-packages/optuna/study/_optimize.py", line 196, in _run_trial
    value_or_values = func(trial)
  File "/tmp/ipykernel_7443/2264325072.py", line 23, in __call__
    scores = cross_validate(estimator=model, scoring=metrics,
  File "/usr/local/lib/python3.8/dist-packages/sklearn/model_selection/_validation.py", line 285, in cross_validate
    _warn_or_raise_about_fit_failures(results, error_score)
  File "/usr/local/lib/python3.8/dist-packages/sklearn/model_selection/_validation.py", line 367, in _warn_or_raise_about_fit_failures
    raise ValueError(all_fits_failed_message)
ValueError: 
All the 10 fits failed.
It is very likely that your model is misconfigured.
You can try to debug the error by setting error_score='raise'.

Below are more details about the failures:
--------------------------------------------------------------------------------
10 fits failed with the following error:
Traceback (most recent call last):
  File "/usr/local/lib/python3.8/dist-packages/sklearn/model_selection/_validation.py", line 686, in _fit_and_score
    estimator.fit(X_train, y_train, **fit_params)
  File "/usr/local/lib/python3.8/dist-packages/sklearn/pipeline.py", line 378, in fit
    Xt = self._fit(X, y, **fit_params_steps)
  File "/usr/local/lib/python3.8/dist-packages/sklearn/pipeline.py", line 336, in _fit
    X, fitted_transformer = fit_transform_one_cached(
  File "/usr/local/lib/python3.8/dist-packages/joblib/memory.py", line 349, in __call__
    return self.func(*args, **kwargs)
  File "/usr/local/lib/python3.8/dist-packages/sklearn/pipeline.py", line 870, in _fit_transform_one
    res = transformer.fit_transform(X, y, **fit_params)
  File "/usr/local/lib/python3.8/dist-packages/sklearn/base.py", line 870, in fit_transform
    return self.fit(X, y, **fit_params).transform(X)
  File "/usr/local/lib/python3.8/dist-packages/sklearn/preprocessing/_polynomial.py", line 432, in transform
    XP = np.empty(
ValueError: Maximum allowed dimension exceeded

A new study created in RDB with name: Poly_Linear_91810
Trial 18 finished with value: 0.7332903237803265 and parameters: {'degree': 3}. Best is trial 23 with value: 0.7728060333835753.
Trial 3 finished with value: 0.818369494924769 and parameters: {'degree': 2}. Best is trial 20 with value: 0.818369494924769.
Trial 23 finished with value: 0.7728060333835753 and parameters: {'degree': 1}. Best is trial 20 with value: 0.818369494924769.
Trial 0 finished with value: 0.7728060333835753 and parameters: {'degree': 1}. Best is trial 20 with value: 0.818369494924769.
Trial 17 finished with value: 0.7728060333835753 and parameters: {'degree': 1}. Best is trial 20 with value: 0.818369494924769.
Trial 20 finished with value: 0.818369494924769 and parameters: {'degree': 2}. Best is trial 20 with value: 0.818369494924769.
Trial 11 finished with value: 0.818369494924769 and parameters: {'degree': 2}. Best is trial 20 with value: 0.818369494924769.
Trial 5 finished with value: -3.047734147810578e+20 and parameters: {'degree': 4}. Best is trial 20 with value: 0.818369494924769.
Trial 19 finished with value: 0.818369494924769 and parameters: {'degree': 2}. Best is trial 20 with value: 0.818369494924769.
Trial 9 finished with value: 0.818369494924769 and parameters: {'degree': 2}. Best is trial 20 with value: 0.818369494924769.
Trial 21 finished with value: -3.047734147810578e+20 and parameters: {'degree': 4}. Best is trial 20 with value: 0.818369494924769.
Trial 10 finished with value: 0.7332903237803265 and parameters: {'degree': 3}. Best is trial 20 with value: 0.818369494924769.
Trial 1 finished with value: -3.047734147810578e+20 and parameters: {'degree': 4}. Best is trial 20 with value: 0.818369494924769.
Trial 6 finished with value: -3.047734147810578e+20 and parameters: {'degree': 4}. Best is trial 20 with value: 0.818369494924769.
Trial 14 finished with value: -3.047734147810578e+20 and parameters: {'degree': 4}. Best is trial 20 with value: 0.818369494924769.
Trial 8 finished with value: 0.7332903237803265 and parameters: {'degree': 3}. Best is trial 20 with value: 0.818369494924769.
Trial 24 finished with value: 0.818369494924769 and parameters: {'degree': 2}. Best is trial 20 with value: 0.818369494924769.
Trial 4 finished with value: 0.818369494924769 and parameters: {'degree': 2}. Best is trial 20 with value: 0.818369494924769.
Trial 13 finished with value: -3.047734147810578e+20 and parameters: {'degree': 4}. Best is trial 20 with value: 0.818369494924769.
Trial 7 finished with value: -3.047734147810578e+20 and parameters: {'degree': 4}. Best is trial 20 with value: 0.818369494924769.
Trial 31 finished with value: 0.7728060333835753 and parameters: {'degree': 1}. Best is trial 20 with value: 0.818369494924769.
Trial 2 finished with value: -6.5608901133283385e+19 and parameters: {'degree': 5}. Best is trial 20 with value: 0.818369494924769.
Trial 15 finished with value: -6.5608901133283385e+19 and parameters: {'degree': 5}. Best is trial 20 with value: 0.818369494924769.
Trial 29 finished with value: 0.7728060333835753 and parameters: {'degree': 1}. Best is trial 20 with value: 0.818369494924769.
Trial 27 finished with value: 0.818369494924769 and parameters: {'degree': 2}. Best is trial 20 with value: 0.818369494924769.
Trial 16 finished with value: -6.5608901133283385e+19 and parameters: {'degree': 5}. Best is trial 20 with value: 0.818369494924769.
Trial 28 finished with value: 0.7332903237803265 and parameters: {'degree': 3}. Best is trial 20 with value: 0.818369494924769.
Trial 22 finished with value: -6.5608901133283385e+19 and parameters: {'degree': 5}. Best is trial 20 with value: 0.818369494924769.
Trial 25 finished with value: -3.047734147810578e+20 and parameters: {'degree': 4}. Best is trial 20 with value: 0.818369494924769.
Trial 26 finished with value: -3.047734147810578e+20 and parameters: {'degree': 4}. Best is trial 20 with value: 0.818369494924769.
Trial 12 finished with value: -6.5608901133283385e+19 and parameters: {'degree': 5}. Best is trial 20 with value: 0.818369494924769.
Trial 30 finished with value: -6.5608901133283385e+19 and parameters: {'degree': 5}. Best is trial 20 with value: 0.818369494924769.
A new study created in RDB with name: Poly_Linear_92327
Trial 0 failed because of the following error: KeyboardInterrupt()
Traceback (most recent call last):
  File "/usr/local/lib/python3.8/dist-packages/optuna/study/_optimize.py", line 196, in _run_trial
    value_or_values = func(trial)
  File "/tmp/ipykernel_7443/2984828490.py", line 23, in __call__
    scores = cross_validate(estimator=model, scoring=metrics,
  File "/usr/local/lib/python3.8/dist-packages/sklearn/model_selection/_validation.py", line 266, in cross_validate
    results = parallel(
  File "/usr/local/lib/python3.8/dist-packages/joblib/parallel.py", line 1046, in __call__
    while self.dispatch_one_batch(iterator):
  File "/usr/local/lib/python3.8/dist-packages/joblib/parallel.py", line 861, in dispatch_one_batch
    self._dispatch(tasks)
  File "/usr/local/lib/python3.8/dist-packages/joblib/parallel.py", line 779, in _dispatch
    job = self._backend.apply_async(batch, callback=cb)
  File "/usr/local/lib/python3.8/dist-packages/joblib/_parallel_backends.py", line 208, in apply_async
    result = ImmediateResult(func)
  File "/usr/local/lib/python3.8/dist-packages/joblib/_parallel_backends.py", line 572, in __init__
    self.results = batch()
  File "/usr/local/lib/python3.8/dist-packages/joblib/parallel.py", line 262, in __call__
    return [func(*args, **kwargs)
  File "/usr/local/lib/python3.8/dist-packages/joblib/parallel.py", line 262, in <listcomp>
    return [func(*args, **kwargs)
  File "/usr/local/lib/python3.8/dist-packages/sklearn/utils/fixes.py", line 117, in __call__
    return self.function(*args, **kwargs)
  File "/usr/local/lib/python3.8/dist-packages/sklearn/model_selection/_validation.py", line 686, in _fit_and_score
    estimator.fit(X_train, y_train, **fit_params)
  File "/usr/local/lib/python3.8/dist-packages/sklearn/pipeline.py", line 382, in fit
    self._final_estimator.fit(Xt, y, **fit_params_last_step)
  File "/usr/local/lib/python3.8/dist-packages/sklearn/linear_model/_base.py", line 736, in fit
    self.coef_, _, self.rank_, self.singular_ = linalg.lstsq(X, y)
  File "/usr/local/lib/python3.8/dist-packages/scipy/linalg/_basic.py", line 1204, in lstsq
    x, s, rank, info = lapack_func(a1, b1, lwork,
KeyboardInterrupt
A new study created in RDB with name: Poly_Linear_92350
Trial 0 failed because of the following error: TypeError('PolynomialRegression() argument after * must be an iterable, not int')
Traceback (most recent call last):
  File "/usr/local/lib/python3.8/dist-packages/optuna/study/_optimize.py", line 196, in _run_trial
    value_or_values = func(trial)
  File "/tmp/ipykernel_7443/689525279.py", line 13, in __call__
    model = PolynomialRegression(*args, **kwargs)
TypeError: PolynomialRegression() argument after * must be an iterable, not int
A new study created in RDB with name: Poly_Linear_92410
Trial 0 finished with value: 0.7728060333835753 and parameters: {'degree': 1}. Best is trial 0 with value: 0.7728060333835753.
Trial 1 finished with value: 0.7332903237803265 and parameters: {'degree': 3}. Best is trial 0 with value: 0.7728060333835753.
Trial 2 finished with value: 0.7332903237803265 and parameters: {'degree': 3}. Best is trial 0 with value: 0.7728060333835753.
Trial 3 finished with value: 0.7728060333835753 and parameters: {'degree': 1}. Best is trial 0 with value: 0.7728060333835753.
Trial 4 finished with value: -3.047734147810578e+20 and parameters: {'degree': 4}. Best is trial 0 with value: 0.7728060333835753.
Trial 5 finished with value: -3.047734147810578e+20 and parameters: {'degree': 4}. Best is trial 0 with value: 0.7728060333835753.
Trial 6 finished with value: 0.7728060333835753 and parameters: {'degree': 1}. Best is trial 0 with value: 0.7728060333835753.
Trial 7 finished with value: -6.5608901133283385e+19 and parameters: {'degree': 5}. Best is trial 0 with value: 0.7728060333835753.
Trial 8 finished with value: -6.5608901133283385e+19 and parameters: {'degree': 5}. Best is trial 0 with value: 0.7728060333835753.
Trial 9 finished with value: 0.7332903237803265 and parameters: {'degree': 3}. Best is trial 0 with value: 0.7728060333835753.
Trial 10 finished with value: -6.5608901133283385e+19 and parameters: {'degree': 5}. Best is trial 0 with value: 0.7728060333835753.
Trial 11 finished with value: -6.5608901133283385e+19 and parameters: {'degree': 5}. Best is trial 0 with value: 0.7728060333835753.
A new study created in RDB with name: Poly_Linear_92829
Trial 2 finished with value: 0.7728060333835753 and parameters: {'degree': 1}. Best is trial 6 with value: 0.7728060333835753.
Trial 6 finished with value: 0.7728060333835753 and parameters: {'degree': 1}. Best is trial 6 with value: 0.7728060333835753.
Trial 11 finished with value: 0.7728060333835753 and parameters: {'degree': 1}. Best is trial 12 with value: 0.818369494924769.
Trial 22 finished with value: 0.7728060333835753 and parameters: {'degree': 1}. Best is trial 12 with value: 0.818369494924769.
Trial 10 finished with value: 0.7332903237803265 and parameters: {'degree': 3}. Best is trial 12 with value: 0.818369494924769.
Trial 5 finished with value: 0.7332903237803265 and parameters: {'degree': 3}. Best is trial 12 with value: 0.818369494924769.
Trial 12 finished with value: 0.818369494924769 and parameters: {'degree': 2}. Best is trial 12 with value: 0.818369494924769.
Trial 17 finished with value: 0.7332903237803265 and parameters: {'degree': 3}. Best is trial 12 with value: 0.818369494924769.
Trial 9 finished with value: 0.818369494924769 and parameters: {'degree': 2}. Best is trial 12 with value: 0.818369494924769.
Trial 3 finished with value: 0.7332903237803265 and parameters: {'degree': 3}. Best is trial 12 with value: 0.818369494924769.
Trial 7 finished with value: -3.047734147810578e+20 and parameters: {'degree': 4}. Best is trial 12 with value: 0.818369494924769.
Trial 21 finished with value: 0.7332903237803265 and parameters: {'degree': 3}. Best is trial 12 with value: 0.818369494924769.
Trial 19 finished with value: 0.818369494924769 and parameters: {'degree': 2}. Best is trial 12 with value: 0.818369494924769.
Trial 15 finished with value: -3.047734147810578e+20 and parameters: {'degree': 4}. Best is trial 12 with value: 0.818369494924769.
Trial 13 finished with value: -3.047734147810578e+20 and parameters: {'degree': 4}. Best is trial 12 with value: 0.818369494924769.
Trial 20 finished with value: -3.047734147810578e+20 and parameters: {'degree': 4}. Best is trial 12 with value: 0.818369494924769.
Trial 28 finished with value: 0.7728060333835753 and parameters: {'degree': 1}. Best is trial 12 with value: 0.818369494924769.
Trial 30 finished with value: 0.818369494924769 and parameters: {'degree': 2}. Best is trial 12 with value: 0.818369494924769.
Trial 14 finished with value: -3.047734147810578e+20 and parameters: {'degree': 4}. Best is trial 12 with value: 0.818369494924769.
Trial 4 finished with value: -6.5608901133283385e+19 and parameters: {'degree': 5}. Best is trial 12 with value: 0.818369494924769.
Trial 26 finished with value: 0.7728060333835753 and parameters: {'degree': 1}. Best is trial 12 with value: 0.818369494924769.
Trial 29 finished with value: 0.7728060333835753 and parameters: {'degree': 1}. Best is trial 12 with value: 0.818369494924769.
Trial 23 finished with value: -3.047734147810578e+20 and parameters: {'degree': 4}. Best is trial 12 with value: 0.818369494924769.
Trial 24 finished with value: -3.047734147810578e+20 and parameters: {'degree': 4}. Best is trial 12 with value: 0.818369494924769.
Trial 0 finished with value: -6.5608901133283385e+19 and parameters: {'degree': 5}. Best is trial 12 with value: 0.818369494924769.
Trial 1 finished with value: -6.5608901133283385e+19 and parameters: {'degree': 5}. Best is trial 12 with value: 0.818369494924769.
Trial 27 finished with value: 0.7332903237803265 and parameters: {'degree': 3}. Best is trial 12 with value: 0.818369494924769.
Trial 32 finished with value: 0.7332903237803265 and parameters: {'degree': 3}. Best is trial 12 with value: 0.818369494924769.
Trial 18 finished with value: -6.5608901133283385e+19 and parameters: {'degree': 5}. Best is trial 12 with value: 0.818369494924769.
Trial 25 finished with value: -3.047734147810578e+20 and parameters: {'degree': 4}. Best is trial 12 with value: 0.818369494924769.
Trial 8 finished with value: -6.5608901133283385e+19 and parameters: {'degree': 5}. Best is trial 12 with value: 0.818369494924769.
Trial 31 finished with value: -3.047734147810578e+20 and parameters: {'degree': 4}. Best is trial 12 with value: 0.818369494924769.
Trial 16 finished with value: -6.5608901133283385e+19 and parameters: {'degree': 5}. Best is trial 12 with value: 0.818369494924769.
